SF:/Users/yash/Documents/VS2022Projects/FurnitureStore/FurnitureStore/Program.cs
FN:6,System.Void Program::<Main>$(System.String[])
FNDA:0,System.Void Program::<Main>$(System.String[])
DA:7,0
DA:10,0
DA:13,0
DA:14,0
DA:15,0
DA:16,0
DA:17,0
DA:18,0
DA:19,0
DA:20,0
DA:21,0
DA:22,0
DA:23,0
DA:24,0
DA:25,0
DA:26,0
DA:27,0
DA:28,0
DA:29,0
DA:32,0
DA:33,0
DA:34,0
DA:35,0
DA:36,0
DA:39,0
DA:40,0
DA:41,0
DA:42,0
DA:43,0
DA:44,0
DA:45,0
DA:46,0
DA:47,0
DA:48,0
DA:49,0
DA:50,0
DA:52,0
DA:54,0
DA:57,0
DA:58,0
DA:59,0
DA:61,0
DA:64,0
DA:65,0
DA:66,0
DA:68,0
DA:69,0
DA:71,0
DA:73,0
DA:74,0
DA:76,0
DA:77,0
DA:78,0
DA:80,0
DA:81,0
DA:82,0
DA:83,0
DA:84,0
DA:85,0
DA:87,0
BRDA:57,248,0,0
BRDA:57,248,1,0
BRDA:47,21,0,0
BRDA:47,21,1,0
LF:60
LH:0
BRF:4
BRH:0
FNF:1
FNH:0
end_of_record
SF:/Users/yash/Documents/VS2022Projects/FurnitureStore/FurnitureStore/Views/Account/Index.cshtml
FN:3,System.Void AspNetCoreGeneratedDocument.Views_Account_Index/<ExecuteAsync>d__16::MoveNext()
FNDA:0,System.Void AspNetCoreGeneratedDocument.Views_Account_Index/<ExecuteAsync>d__16::MoveNext()
DA:4,0
DA:11,0
DA:12,0
DA:16,0
DA:20,0
DA:24,0
BRDA:4,485,0,0
BRDA:4,485,1,0
BRDA:24,1638,0,0
BRDA:24,1638,1,0
LF:6
LH:0
BRF:4
BRH:0
FNF:1
FNH:0
end_of_record
SF:/Users/yash/Documents/VS2022Projects/FurnitureStore/FurnitureStore/Views/Account/Login.cshtml
FN:13,System.Void AspNetCoreGeneratedDocument.Views_Account_Login/<<ExecuteAsync>b__30_0>d::MoveNext()
FNDA:0,System.Void AspNetCoreGeneratedDocument.Views_Account_Login/<<ExecuteAsync>b__30_0>d::MoveNext()
DA:14,0
DA:15,0
DA:18,0
DA:19,0
DA:25,0
BRDA:14,513,0,0
BRDA:14,513,1,0
BRDA:14,1340,0,0
BRDA:14,1340,1,0
BRDA:15,1943,0,0
BRDA:15,1943,1,0
BRDA:18,2770,0,0
BRDA:18,2770,1,0
BRDA:19,3373,0,0
BRDA:19,3373,1,0
BRDA:25,3928,0,0
BRDA:25,3928,1,0
FN:3,System.Void AspNetCoreGeneratedDocument.Views_Account_Login/<ExecuteAsync>d__30::MoveNext()
FNDA:0,System.Void AspNetCoreGeneratedDocument.Views_Account_Login/<ExecuteAsync>d__30::MoveNext()
DA:4,0
BRDA:4,572,0,0
BRDA:4,572,1,0
LF:6
LH:0
BRF:14
BRH:0
FNF:2
FNH:0
end_of_record
SF:/Users/yash/Documents/VS2022Projects/FurnitureStore/FurnitureStore/Views/Customers/Create.cshtml
FN:13,System.Void AspNetCoreGeneratedDocument.Views_Customers_Create/<<ExecuteAsync>b__18_0>d::MoveNext()
FNDA:0,System.Void AspNetCoreGeneratedDocument.Views_Customers_Create/<<ExecuteAsync>b__18_0>d::MoveNext()
DA:14,0
DA:16,0
DA:17,0
DA:18,0
DA:21,0
DA:22,0
DA:23,0
DA:26,0
DA:27,0
DA:28,0
DA:31,0
DA:32,0
DA:33,0
DA:36,0
DA:37,0
DA:38,0
DA:41,0
DA:42,0
DA:43,0
DA:46,0
DA:47,0
DA:48,0
DA:51,0
DA:52,0
DA:53,0
DA:56,0
DA:57,0
DA:58,0
BRDA:14,886,0,0
BRDA:14,886,1,0
BRDA:16,1503,0,0
BRDA:16,1503,1,0
BRDA:17,2120,0,0
BRDA:17,2120,1,0
BRDA:18,2737,0,0
BRDA:18,2737,1,0
BRDA:21,3354,0,0
BRDA:21,3354,1,0
BRDA:22,3973,0,0
BRDA:22,3973,1,0
BRDA:23,4592,0,0
BRDA:23,4592,1,0
BRDA:26,5211,0,0
BRDA:26,5211,1,0
BRDA:27,5830,0,0
BRDA:27,5830,1,0
BRDA:28,6449,0,0
BRDA:28,6449,1,0
BRDA:31,7068,0,0
BRDA:31,7068,1,0
BRDA:32,7687,0,0
BRDA:32,7687,1,0
BRDA:33,8306,0,0
BRDA:33,8306,1,0
BRDA:36,8925,0,0
BRDA:36,8925,1,0
BRDA:37,9544,0,0
BRDA:37,9544,1,0
BRDA:38,10163,0,0
BRDA:38,10163,1,0
BRDA:41,10782,0,0
BRDA:41,10782,1,0
BRDA:42,11401,0,0
BRDA:42,11401,1,0
BRDA:43,12020,0,0
BRDA:43,12020,1,0
BRDA:46,12639,0,0
BRDA:46,12639,1,0
BRDA:47,13258,0,0
BRDA:47,13258,1,0
BRDA:48,13877,0,0
BRDA:48,13877,1,0
BRDA:51,14496,0,0
BRDA:51,14496,1,0
BRDA:52,15115,0,0
BRDA:52,15115,1,0
BRDA:53,15734,0,0
BRDA:53,15734,1,0
BRDA:56,16353,0,0
BRDA:56,16353,1,0
BRDA:57,16972,0,0
BRDA:57,16972,1,0
BRDA:58,17591,0,0
BRDA:58,17591,1,0
FN:3,System.Void AspNetCoreGeneratedDocument.Views_Customers_Create/<ExecuteAsync>d__18::MoveNext()
FNDA:0,System.Void AspNetCoreGeneratedDocument.Views_Customers_Create/<ExecuteAsync>d__18::MoveNext()
DA:4,0
BRDA:4,465,0,0
BRDA:4,465,1,0
BRDA:4,957,0,0
BRDA:4,957,1,0
LF:29
LH:0
BRF:60
BRH:0
FNF:2
FNH:0
end_of_record
SF:/Users/yash/Documents/VS2022Projects/FurnitureStore/FurnitureStore/Views/Customers/Delete.cshtml
FN:70,System.Void AspNetCoreGeneratedDocument.Views_Customers_Delete/<<ExecuteAsync>b__13_18>d::MoveNext()
FNDA:0,System.Void AspNetCoreGeneratedDocument.Views_Customers_Delete/<<ExecuteAsync>b__13_18>d::MoveNext()
DA:71,0
BRDA:71,527,0,0
BRDA:71,527,1,0
BRDA:71,1019,0,0
BRDA:71,1019,1,0
FN:3,System.Void AspNetCoreGeneratedDocument.Views_Customers_Delete/<ExecuteAsync>d__13::MoveNext()
FNDA:0,System.Void AspNetCoreGeneratedDocument.Views_Customers_Delete/<ExecuteAsync>d__13::MoveNext()
DA:4,0
DA:15,0
DA:18,0
DA:21,0
DA:24,0
DA:27,0
DA:30,0
DA:33,0
DA:36,0
DA:39,0
DA:42,0
DA:45,0
DA:48,0
DA:51,0
DA:54,0
DA:57,0
DA:60,0
DA:63,0
DA:66,0
BRDA:66,2280,0,0
BRDA:66,2280,1,0
LF:20
LH:0
BRF:6
BRH:0
FNF:2
FNH:0
end_of_record
SF:/Users/yash/Documents/VS2022Projects/FurnitureStore/FurnitureStore/Views/Customers/Details.cshtml
FN:3,System.Void AspNetCoreGeneratedDocument.Views_Customers_Details/<ExecuteAsync>d__9::MoveNext()
FNDA:0,System.Void AspNetCoreGeneratedDocument.Views_Customers_Details/<ExecuteAsync>d__9::MoveNext()
DA:4,0
DA:14,0
DA:17,0
DA:20,0
DA:23,0
DA:26,0
DA:29,0
DA:32,0
DA:35,0
DA:38,0
DA:41,0
DA:44,0
DA:47,0
DA:50,0
DA:53,0
DA:56,0
DA:59,0
DA:62,0
DA:65,0
DA:70,0
BRDA:65,2129,0,0
BRDA:65,2129,1,0
BRDA:70,2194,0,0
BRDA:70,2194,1,0
BRDA:70,2487,0,0
BRDA:70,2487,1,0
BRDA:70,2981,0,0
BRDA:70,2981,1,0
LF:20
LH:0
BRF:8
BRH:0
FNF:1
FNH:0
end_of_record
SF:/Users/yash/Documents/VS2022Projects/FurnitureStore/FurnitureStore/Views/Customers/Edit.cshtml
FN:13,System.Void AspNetCoreGeneratedDocument.Views_Customers_Edit/<<ExecuteAsync>b__19_0>d::MoveNext()
FNDA:0,System.Void AspNetCoreGeneratedDocument.Views_Customers_Edit/<<ExecuteAsync>b__19_0>d::MoveNext()
DA:14,0
DA:15,0
DA:17,0
DA:18,0
DA:19,0
DA:22,0
DA:23,0
DA:24,0
DA:27,0
DA:28,0
DA:29,0
DA:32,0
DA:33,0
DA:34,0
DA:37,0
DA:38,0
DA:39,0
DA:42,0
DA:43,0
DA:44,0
DA:47,0
DA:48,0
DA:49,0
DA:52,0
DA:53,0
DA:54,0
DA:57,0
DA:58,0
DA:59,0
BRDA:14,904,0,0
BRDA:14,904,1,0
BRDA:15,1553,0,0
BRDA:15,1553,1,0
BRDA:17,2170,0,0
BRDA:17,2170,1,0
BRDA:18,2787,0,0
BRDA:18,2787,1,0
BRDA:19,3404,0,0
BRDA:19,3404,1,0
BRDA:22,4023,0,0
BRDA:22,4023,1,0
BRDA:23,4642,0,0
BRDA:23,4642,1,0
BRDA:24,5261,0,0
BRDA:24,5261,1,0
BRDA:27,5880,0,0
BRDA:27,5880,1,0
BRDA:28,6499,0,0
BRDA:28,6499,1,0
BRDA:29,7118,0,0
BRDA:29,7118,1,0
BRDA:32,7737,0,0
BRDA:32,7737,1,0
BRDA:33,8356,0,0
BRDA:33,8356,1,0
BRDA:34,8975,0,0
BRDA:34,8975,1,0
BRDA:37,9594,0,0
BRDA:37,9594,1,0
BRDA:38,10213,0,0
BRDA:38,10213,1,0
BRDA:39,10832,0,0
BRDA:39,10832,1,0
BRDA:42,11451,0,0
BRDA:42,11451,1,0
BRDA:43,12070,0,0
BRDA:43,12070,1,0
BRDA:44,12689,0,0
BRDA:44,12689,1,0
BRDA:47,13308,0,0
BRDA:47,13308,1,0
BRDA:48,13927,0,0
BRDA:48,13927,1,0
BRDA:49,14546,0,0
BRDA:49,14546,1,0
BRDA:52,15165,0,0
BRDA:52,15165,1,0
BRDA:53,15784,0,0
BRDA:53,15784,1,0
BRDA:54,16403,0,0
BRDA:54,16403,1,0
BRDA:57,17022,0,0
BRDA:57,17022,1,0
BRDA:58,17641,0,0
BRDA:58,17641,1,0
BRDA:59,18260,0,0
BRDA:59,18260,1,0
FN:3,System.Void AspNetCoreGeneratedDocument.Views_Customers_Edit/<ExecuteAsync>d__19::MoveNext()
FNDA:0,System.Void AspNetCoreGeneratedDocument.Views_Customers_Edit/<ExecuteAsync>d__19::MoveNext()
DA:4,0
BRDA:4,465,0,0
BRDA:4,465,1,0
BRDA:4,957,0,0
BRDA:4,957,1,0
LF:30
LH:0
BRF:62
BRH:0
FNF:2
FNH:0
end_of_record
SF:/Users/yash/Documents/VS2022Projects/FurnitureStore/FurnitureStore/Views/Customers/Index.cshtml
FN:3,System.Void AspNetCoreGeneratedDocument.Views_Customers_Index/<ExecuteAsync>d__11::MoveNext()
FNDA:0,System.Void AspNetCoreGeneratedDocument.Views_Customers_Index/<ExecuteAsync>d__11::MoveNext()
DA:4,0
DA:16,0
DA:19,0
DA:22,0
DA:25,0
DA:28,0
DA:31,0
DA:34,0
DA:37,0
DA:40,0
DA:46,0
DA:49,0
DA:52,0
DA:55,0
DA:58,0
DA:61,0
DA:64,0
DA:67,0
DA:70,0
DA:73,0
DA:76,0
DA:77,0
DA:78,0
DA:81,0
BRDA:4,426,0,0
BRDA:4,426,1,0
BRDA:46,5082,1,0
BRDA:73,3133,0,0
BRDA:73,3133,1,0
BRDA:76,3470,0,0
BRDA:76,3470,1,0
BRDA:76,3837,0,0
BRDA:76,3837,1,0
BRDA:77,4174,0,0
BRDA:77,4174,1,0
BRDA:77,4541,0,0
BRDA:77,4541,1,0
BRDA:78,4878,0,0
BRDA:78,4878,1,0
BRDA:46,5082,0,0
LF:24
LH:0
BRF:16
BRH:0
FNF:1
FNH:0
end_of_record
SF:/Users/yash/Documents/VS2022Projects/FurnitureStore/FurnitureStore/Views/Home/Index.cshtml
FN:1,System.Void AspNetCoreGeneratedDocument.Views_Home_Index/<ExecuteAsync>d__0::MoveNext()
FNDA:0,System.Void AspNetCoreGeneratedDocument.Views_Home_Index/<ExecuteAsync>d__0::MoveNext()
DA:2,0
LF:1
LH:0
BRF:0
BRH:0
FNF:1
FNH:0
end_of_record
SF:/Users/yash/Documents/VS2022Projects/FurnitureStore/FurnitureStore/Views/Orders/Create.cshtml
FN:13,System.Void AspNetCoreGeneratedDocument.Views_Orders_Create/<<ExecuteAsync>b__19_0>d::MoveNext()
FNDA:0,System.Void AspNetCoreGeneratedDocument.Views_Orders_Create/<<ExecuteAsync>b__19_0>d::MoveNext()
DA:14,0
DA:16,0
DA:17,0
DA:18,0
DA:21,0
DA:22,0
DA:25,0
DA:26,0
DA:27,0
BRDA:14,541,0,0
BRDA:14,541,1,0
BRDA:16,1158,0,0
BRDA:16,1158,1,0
BRDA:17,1775,0,0
BRDA:17,1775,1,0
BRDA:18,2392,0,0
BRDA:18,2392,1,0
BRDA:21,3009,0,0
BRDA:21,3009,1,0
BRDA:22,3495,1,0
BRDA:22,3495,0,0
BRDA:22,3555,1,0
BRDA:22,3555,0,0
BRDA:22,3836,0,0
BRDA:22,3836,1,0
BRDA:25,4455,0,0
BRDA:25,4455,1,0
BRDA:26,5074,0,0
BRDA:26,5074,1,0
BRDA:27,5693,0,0
BRDA:27,5693,1,0
FN:3,System.Void AspNetCoreGeneratedDocument.Views_Orders_Create/<ExecuteAsync>d__19::MoveNext()
FNDA:0,System.Void AspNetCoreGeneratedDocument.Views_Orders_Create/<ExecuteAsync>d__19::MoveNext()
DA:4,0
BRDA:4,465,0,0
BRDA:4,465,1,0
BRDA:4,957,0,0
BRDA:4,957,1,0
LF:10
LH:0
BRF:26
BRH:0
FNF:2
FNH:0
end_of_record
SF:/Users/yash/Documents/VS2022Projects/FurnitureStore/FurnitureStore/Views/Orders/Delete.cshtml
FN:34,System.Void AspNetCoreGeneratedDocument.Views_Orders_Delete/<<ExecuteAsync>b__13_6>d::MoveNext()
FNDA:0,System.Void AspNetCoreGeneratedDocument.Views_Orders_Delete/<<ExecuteAsync>b__13_6>d::MoveNext()
DA:35,0
BRDA:35,527,0,0
BRDA:35,527,1,0
BRDA:35,1019,0,0
BRDA:35,1019,1,0
FN:3,System.Void AspNetCoreGeneratedDocument.Views_Orders_Delete/<ExecuteAsync>d__13::MoveNext()
FNDA:0,System.Void AspNetCoreGeneratedDocument.Views_Orders_Delete/<ExecuteAsync>d__13::MoveNext()
DA:4,0
DA:15,0
DA:18,0
DA:21,0
DA:24,0
DA:27,0
DA:30,0
BRDA:30,1076,0,0
BRDA:30,1076,1,0
LF:8
LH:0
BRF:6
BRH:0
FNF:2
FNH:0
end_of_record
SF:/Users/yash/Documents/VS2022Projects/FurnitureStore/FurnitureStore/Views/Orders/Details.cshtml
FN:3,System.Void AspNetCoreGeneratedDocument.Views_Orders_Details/<ExecuteAsync>d__9::MoveNext()
FNDA:0,System.Void AspNetCoreGeneratedDocument.Views_Orders_Details/<ExecuteAsync>d__9::MoveNext()
DA:4,0
DA:14,0
DA:17,0
DA:20,0
DA:23,0
DA:26,0
DA:29,0
DA:34,0
BRDA:29,925,0,0
BRDA:29,925,1,0
BRDA:34,990,0,0
BRDA:34,990,1,0
BRDA:34,1283,0,0
BRDA:34,1283,1,0
BRDA:34,1777,0,0
BRDA:34,1777,1,0
LF:8
LH:0
BRF:8
BRH:0
FNF:1
FNH:0
end_of_record
SF:/Users/yash/Documents/VS2022Projects/FurnitureStore/FurnitureStore/Views/Orders/Edit.cshtml
FN:13,System.Void AspNetCoreGeneratedDocument.Views_Orders_Edit/<<ExecuteAsync>b__20_0>d::MoveNext()
FNDA:0,System.Void AspNetCoreGeneratedDocument.Views_Orders_Edit/<<ExecuteAsync>b__20_0>d::MoveNext()
DA:14,0
DA:15,0
DA:17,0
DA:18,0
DA:19,0
DA:22,0
DA:23,0
DA:24,0
DA:27,0
DA:28,0
DA:29,0
BRDA:14,577,0,0
BRDA:14,577,1,0
BRDA:15,1226,0,0
BRDA:15,1226,1,0
BRDA:17,1843,0,0
BRDA:17,1843,1,0
BRDA:18,2460,0,0
BRDA:18,2460,1,0
BRDA:19,3077,0,0
BRDA:19,3077,1,0
BRDA:22,3696,0,0
BRDA:22,3696,1,0
BRDA:23,4182,1,0
BRDA:23,4182,0,0
BRDA:23,4242,1,0
BRDA:23,4242,0,0
BRDA:23,4523,0,0
BRDA:23,4523,1,0
BRDA:24,5142,0,0
BRDA:24,5142,1,0
BRDA:27,5761,0,0
BRDA:27,5761,1,0
BRDA:28,6380,0,0
BRDA:28,6380,1,0
BRDA:29,6999,0,0
BRDA:29,6999,1,0
FN:3,System.Void AspNetCoreGeneratedDocument.Views_Orders_Edit/<ExecuteAsync>d__20::MoveNext()
FNDA:0,System.Void AspNetCoreGeneratedDocument.Views_Orders_Edit/<ExecuteAsync>d__20::MoveNext()
DA:4,0
BRDA:4,465,0,0
BRDA:4,465,1,0
BRDA:4,957,0,0
BRDA:4,957,1,0
LF:12
LH:0
BRF:30
BRH:0
FNF:2
FNH:0
end_of_record
SF:/Users/yash/Documents/VS2022Projects/FurnitureStore/FurnitureStore/Views/Orders/Index.cshtml
FN:14,System.Void AspNetCoreGeneratedDocument.Views_Orders_Index/<<ExecuteAsync>b__25_1>d::MoveNext()
FNDA:0,System.Void AspNetCoreGeneratedDocument.Views_Orders_Index/<<ExecuteAsync>b__25_1>d::MoveNext()
DA:15,0
DA:17,0
BRDA:15,549,0,0
BRDA:15,549,1,0
BRDA:17,1217,0,0
BRDA:17,1217,1,0
FN:3,System.Void AspNetCoreGeneratedDocument.Views_Orders_Index/<ExecuteAsync>d__25::MoveNext()
FNDA:0,System.Void AspNetCoreGeneratedDocument.Views_Orders_Index/<ExecuteAsync>d__25::MoveNext()
DA:4,0
DA:35,0
DA:36,0
DA:38,0
DA:39,0
DA:40,0
DA:41,0
DA:43,0
DA:50,0
DA:57,0
DA:66,0
BRDA:4,488,0,0
BRDA:4,488,1,0
BRDA:4,1160,0,0
BRDA:4,1160,1,0
BRDA:35,3895,1,0
BRDA:41,1894,0,0
BRDA:41,1894,1,0
BRDA:43,2248,0,0
BRDA:43,2248,1,0
BRDA:43,2615,0,0
BRDA:43,2615,1,0
BRDA:50,2969,0,0
BRDA:50,2969,1,0
BRDA:50,3336,0,0
BRDA:50,3336,1,0
BRDA:57,3690,0,0
BRDA:57,3690,1,0
BRDA:35,3895,0,0
LF:13
LH:0
BRF:22
BRH:0
FNF:2
FNH:0
end_of_record
SF:/Users/yash/Documents/VS2022Projects/FurnitureStore/FurnitureStore/Views/Products/Create.cshtml
FN:51,System.Void AspNetCoreGeneratedDocument.Views_Products_Create/<<ExecuteAsync>b__23_0>d::MoveNext()
FNDA:0,System.Void AspNetCoreGeneratedDocument.Views_Products_Create/<<ExecuteAsync>b__23_0>d::MoveNext()
DA:52,0
DA:54,0
DA:55,0
DA:56,0
DA:59,0
DA:60,0
DA:61,0
DA:80,0
DA:81,0
DA:82,0
DA:85,0
DA:86,0
DA:87,0
BRDA:52,634,0,0
BRDA:52,634,1,0
BRDA:54,1251,0,0
BRDA:54,1251,1,0
BRDA:55,1868,0,0
BRDA:55,1868,1,0
BRDA:56,2485,0,0
BRDA:56,2485,1,0
BRDA:59,3102,0,0
BRDA:59,3102,1,0
BRDA:60,3721,0,0
BRDA:60,3721,1,0
BRDA:61,4340,0,0
BRDA:61,4340,1,0
BRDA:80,4996,0,0
BRDA:80,4996,1,0
BRDA:81,5657,0,0
BRDA:81,5657,1,0
BRDA:82,6276,0,0
BRDA:82,6276,1,0
BRDA:85,6895,0,0
BRDA:85,6895,1,0
BRDA:86,7514,0,0
BRDA:86,7514,1,0
BRDA:87,8133,0,0
BRDA:87,8133,1,0
BRDA:87,8703,0,0
BRDA:87,8703,1,0
FN:47,System.Void AspNetCoreGeneratedDocument.Views_Products_Create/<ExecuteAsync>d__23::MoveNext()
FNDA:0,System.Void AspNetCoreGeneratedDocument.Views_Products_Create/<ExecuteAsync>d__23::MoveNext()
DA:48,0
BRDA:48,535,0,0
BRDA:48,535,1,0
LF:14
LH:0
BRF:30
BRH:0
FNF:2
FNH:0
end_of_record
SF:/Users/yash/Documents/VS2022Projects/FurnitureStore/FurnitureStore/Views/Products/Delete.cshtml
FN:46,System.Void AspNetCoreGeneratedDocument.Views_Products_Delete/<<ExecuteAsync>b__13_10>d::MoveNext()
FNDA:0,System.Void AspNetCoreGeneratedDocument.Views_Products_Delete/<<ExecuteAsync>b__13_10>d::MoveNext()
DA:47,0
BRDA:47,527,0,0
BRDA:47,527,1,0
BRDA:47,1019,0,0
BRDA:47,1019,1,0
FN:3,System.Void AspNetCoreGeneratedDocument.Views_Products_Delete/<ExecuteAsync>d__13::MoveNext()
FNDA:0,System.Void AspNetCoreGeneratedDocument.Views_Products_Delete/<ExecuteAsync>d__13::MoveNext()
DA:4,0
DA:15,0
DA:18,0
DA:21,0
DA:24,0
DA:27,0
DA:30,0
DA:33,0
DA:36,0
DA:39,0
DA:42,0
BRDA:42,1504,0,0
BRDA:42,1504,1,0
LF:12
LH:0
BRF:6
BRH:0
FNF:2
FNH:0
end_of_record
SF:/Users/yash/Documents/VS2022Projects/FurnitureStore/FurnitureStore/Views/Products/Details.cshtml
FN:3,System.Void AspNetCoreGeneratedDocument.Views_Products_Details/<ExecuteAsync>d__9::MoveNext()
FNDA:0,System.Void AspNetCoreGeneratedDocument.Views_Products_Details/<ExecuteAsync>d__9::MoveNext()
DA:4,0
DA:14,0
DA:17,0
DA:20,0
DA:23,0
DA:26,0
DA:29,0
DA:32,0
DA:35,0
DA:38,0
DA:41,0
DA:46,0
BRDA:41,1353,0,0
BRDA:41,1353,1,0
BRDA:46,1418,0,0
BRDA:46,1418,1,0
BRDA:46,1711,0,0
BRDA:46,1711,1,0
BRDA:46,2205,0,0
BRDA:46,2205,1,0
LF:12
LH:0
BRF:8
BRH:0
FNF:1
FNH:0
end_of_record
SF:/Users/yash/Documents/VS2022Projects/FurnitureStore/FurnitureStore/Views/Products/Edit.cshtml
FN:61,System.Void AspNetCoreGeneratedDocument.Views_Products_Edit/<<ExecuteAsync>b__23_0>d::MoveNext()
FNDA:0,System.Void AspNetCoreGeneratedDocument.Views_Products_Edit/<<ExecuteAsync>b__23_0>d::MoveNext()
DA:62,0
DA:64,0
DA:65,0
DA:66,0
DA:69,0
DA:70,0
DA:71,0
DA:89,0
DA:90,0
DA:91,0
DA:93,0
DA:94,0
DA:95,0
DA:98,0
DA:99,0
DA:100,0
BRDA:62,688,0,0
BRDA:62,688,1,0
BRDA:64,1305,0,0
BRDA:64,1305,1,0
BRDA:65,1922,0,0
BRDA:65,1922,1,0
BRDA:66,2539,0,0
BRDA:66,2539,1,0
BRDA:69,3156,0,0
BRDA:69,3156,1,0
BRDA:70,3775,0,0
BRDA:70,3775,1,0
BRDA:71,4394,0,0
BRDA:71,4394,1,0
BRDA:89,5092,0,0
BRDA:89,5092,1,0
BRDA:90,5773,0,0
BRDA:90,5773,1,0
BRDA:91,6454,0,0
BRDA:91,6454,1,0
BRDA:93,7093,0,0
BRDA:93,7093,1,0
BRDA:94,7436,1,0
BRDA:94,7436,0,0
BRDA:94,7496,1,0
BRDA:94,7496,0,0
BRDA:94,7777,0,0
BRDA:94,7777,1,0
BRDA:95,8416,0,0
BRDA:95,8416,1,0
BRDA:98,9035,0,0
BRDA:98,9035,1,0
BRDA:99,9654,0,0
BRDA:99,9654,1,0
BRDA:100,10273,0,0
BRDA:100,10273,1,0
BRDA:100,10843,0,0
BRDA:100,10843,1,0
FN:56,System.Void AspNetCoreGeneratedDocument.Views_Products_Edit/<ExecuteAsync>d__23::MoveNext()
FNDA:0,System.Void AspNetCoreGeneratedDocument.Views_Products_Edit/<ExecuteAsync>d__23::MoveNext()
DA:57,0
BRDA:57,535,0,0
BRDA:57,535,1,0
LF:17
LH:0
BRF:40
BRH:0
FNF:2
FNH:0
end_of_record
SF:/Users/yash/Documents/VS2022Projects/FurnitureStore/FurnitureStore/Views/Products/Index.cshtml
FN:13,System.Void AspNetCoreGeneratedDocument.Views_Products_Index/<<ExecuteAsync>b__33_1>d::MoveNext()
FNDA:0,System.Void AspNetCoreGeneratedDocument.Views_Products_Index/<<ExecuteAsync>b__33_1>d::MoveNext()
DA:14,0
DA:20,0
BRDA:14,503,0,0
BRDA:14,503,1,0
BRDA:20,1125,0,0
BRDA:20,1125,1,0
FN:80,System.Void AspNetCoreGeneratedDocument.Views_Products_Index/<<ExecuteAsync>b__33_2>d::MoveNext()
FNDA:0,System.Void AspNetCoreGeneratedDocument.Views_Products_Index/<<ExecuteAsync>b__33_2>d::MoveNext()
DA:81,0
BRDA:81,480,0,0
BRDA:81,480,1,0
FN:3,System.Void AspNetCoreGeneratedDocument.Views_Products_Index/<ExecuteAsync>d__33::MoveNext()
FNDA:0,System.Void AspNetCoreGeneratedDocument.Views_Products_Index/<ExecuteAsync>d__33::MoveNext()
DA:4,0
DA:33,0
DA:34,0
DA:40,0
DA:51,0
DA:52,0
DA:54,0
DA:57,0
DA:58,0
DA:60,0
DA:61,0
DA:63,0
DA:65,0
DA:70,0
BRDA:4,498,0,0
BRDA:4,498,1,0
BRDA:4,1170,0,0
BRDA:4,1170,1,0
BRDA:33,3509,1,0
BRDA:57,1801,0,0
BRDA:58,2104,0,0
BRDA:58,2104,1,0
BRDA:60,2436,0,0
BRDA:60,2436,1,0
BRDA:60,2901,0,0
BRDA:60,2901,1,0
BRDA:61,3233,0,0
BRDA:61,3233,1,0
BRDA:57,1801,1,0
BRDA:33,3509,0,0
BRDA:33,4069,0,0
BRDA:33,4069,1,0
LF:17
LH:0
BRF:24
BRH:0
FNF:3
FNH:0
end_of_record
SF:/Users/yash/Documents/VS2022Projects/FurnitureStore/FurnitureStore/Views/Reports/Index.cshtml
FN:1,System.Void AspNetCoreGeneratedDocument.Views_Reports_Index/<ExecuteAsync>d__0::MoveNext()
FNDA:0,System.Void AspNetCoreGeneratedDocument.Views_Reports_Index/<ExecuteAsync>d__0::MoveNext()
DA:2,0
LF:1
LH:0
BRF:0
BRH:0
FNF:1
FNH:0
end_of_record
SF:/Users/yash/Documents/VS2022Projects/FurnitureStore/FurnitureStore/Views/Shared/Error.cshtml
FN:2,System.Void AspNetCoreGeneratedDocument.Views_Shared_Error/<ExecuteAsync>d__0::MoveNext()
FNDA:0,System.Void AspNetCoreGeneratedDocument.Views_Shared_Error/<ExecuteAsync>d__0::MoveNext()
DA:3,0
DA:9,0
DA:10,0
DA:12,0
DA:14,0
BRDA:9,70,0,0
BRDA:9,70,1,0
LF:5
LH:0
BRF:2
BRH:0
FNF:1
FNH:0
end_of_record
SF:/Users/yash/Documents/VS2022Projects/FurnitureStore/FurnitureStore/Views/Shared/_HeaderNav.cshtml
FN:22,System.Void AspNetCoreGeneratedDocument.Views_Shared__HeaderNav/<ExecuteAsync>d__25::MoveNext()
FNDA:0,System.Void AspNetCoreGeneratedDocument.Views_Shared__HeaderNav/<ExecuteAsync>d__25::MoveNext()
DA:23,0
DA:24,0
DA:26,0
DA:29,0
DA:30,0
DA:33,0
BRDA:23,555,0,0
BRDA:23,555,1,0
BRDA:23,1123,0,0
BRDA:23,1123,1,0
BRDA:23,1691,0,0
BRDA:23,1691,1,0
BRDA:23,2259,0,0
BRDA:23,2259,1,0
BRDA:23,2827,0,0
BRDA:23,2827,1,0
BRDA:23,3038,0,0
BRDA:24,3445,0,0
BRDA:24,3445,1,0
BRDA:23,3038,1,0
BRDA:29,3657,0,0
BRDA:30,4064,0,0
BRDA:30,4064,1,0
BRDA:30,4634,0,0
BRDA:30,4634,1,0
BRDA:29,3657,1,0
LF:6
LH:0
BRF:20
BRH:0
FNF:1
FNH:0
end_of_record
SF:/Users/yash/Documents/VS2022Projects/FurnitureStore/FurnitureStore/Views/Shared/_Layout.cshtml
FN:5,System.Void AspNetCoreGeneratedDocument.Views_Shared__Layout/<<ExecuteAsync>b__20_0>d::MoveNext()
FNDA:0,System.Void AspNetCoreGeneratedDocument.Views_Shared__Layout/<<ExecuteAsync>b__20_0>d::MoveNext()
DA:6,0
DA:12,0
BRDA:6,425,0,0
BRDA:6,425,1,0
BRDA:12,1070,0,0
BRDA:12,1070,1,0
FN:20,System.Void AspNetCoreGeneratedDocument.Views_Shared__Layout/<<ExecuteAsync>b__20_1>d::MoveNext()
FNDA:0,System.Void AspNetCoreGeneratedDocument.Views_Shared__Layout/<<ExecuteAsync>b__20_1>d::MoveNext()
DA:21,0
DA:22,0
DA:24,0
DA:31,0
DA:37,0
DA:38,0
DA:40,0
DA:47,0
DA:48,0
BRDA:21,172,0,0
BRDA:22,513,0,0
BRDA:22,513,1,0
BRDA:21,172,1,0
BRDA:37,798,0,0
BRDA:38,1142,0,0
BRDA:38,1142,1,0
BRDA:37,798,1,0
BRDA:40,1634,0,0
BRDA:40,1634,1,0
BRDA:40,2108,0,0
BRDA:40,2108,1,0
BRDA:47,2731,0,0
BRDA:47,2731,1,0
LF:11
LH:0
BRF:18
BRH:0
FNF:2
FNH:0
end_of_record
SF:/Users/yash/Documents/VS2022Projects/FurnitureStore/FurnitureStore/Views/_ViewStart.cshtml
FN:1,System.Void AspNetCoreGeneratedDocument.Views__ViewStart/<ExecuteAsync>d__0::MoveNext()
FNDA:0,System.Void AspNetCoreGeneratedDocument.Views__ViewStart/<ExecuteAsync>d__0::MoveNext()
DA:2,0
LF:1
LH:0
BRF:0
BRH:0
FNF:1
FNH:0
end_of_record
SF:/Users/yash/Documents/VS2022Projects/FurnitureStore/FurnitureStore/ViewModels/OrderIndexViewModel.cs
FN:6,System.Collections.Generic.IEnumerable`1<FurnitureStore.Data.Models.Order> FurnitureStore.ViewModel.OrderIndexViewModel::get_Orders()
FNDA:0,System.Collections.Generic.IEnumerable`1<FurnitureStore.Data.Models.Order> FurnitureStore.ViewModel.OrderIndexViewModel::get_Orders()
DA:7,0
FN:7,System.DateTime FurnitureStore.ViewModel.OrderIndexViewModel::get_DateFrom()
FNDA:0,System.DateTime FurnitureStore.ViewModel.OrderIndexViewModel::get_DateFrom()
DA:8,0
FN:8,System.DateTime FurnitureStore.ViewModel.OrderIndexViewModel::get_DateTo()
FNDA:0,System.DateTime FurnitureStore.ViewModel.OrderIndexViewModel::get_DateTo()
DA:9,0
FN:10,System.String FurnitureStore.ViewModel.OrderIndexViewModel::get_RowBg()
FNDA:0,System.String FurnitureStore.ViewModel.OrderIndexViewModel::get_RowBg()
DA:11,0
FN:9,System.Void FurnitureStore.ViewModel.OrderIndexViewModel::.ctor()
FNDA:0,System.Void FurnitureStore.ViewModel.OrderIndexViewModel::.ctor()
DA:10,0
LF:5
LH:0
BRF:0
BRH:0
FNF:5
FNH:0
end_of_record
SF:/Users/yash/Documents/VS2022Projects/FurnitureStore/FurnitureStore/ViewModels/AccountIndexViewModel.cs
FN:7,System.String FurnitureStore.ViewModels.AccountIndexViewModel::get_Username()
FNDA:0,System.String FurnitureStore.ViewModels.AccountIndexViewModel::get_Username()
DA:8,0
FN:9,System.String FurnitureStore.ViewModels.AccountIndexViewModel::get_Password()
FNDA:0,System.String FurnitureStore.ViewModels.AccountIndexViewModel::get_Password()
DA:10,0
FN:10,FurnitureStore.Data.Models.Worker FurnitureStore.ViewModels.AccountIndexViewModel::get_Worker()
FNDA:0,FurnitureStore.Data.Models.Worker FurnitureStore.ViewModels.AccountIndexViewModel::get_Worker()
DA:11,0
FN:11,System.String FurnitureStore.ViewModels.AccountIndexViewModel::get_IsValid()
FNDA:0,System.String FurnitureStore.ViewModels.AccountIndexViewModel::get_IsValid()
DA:12,0
LF:4
LH:0
BRF:0
BRH:0
FNF:4
FNH:0
end_of_record
SF:/Users/yash/Documents/VS2022Projects/FurnitureStore/FurnitureStore/ViewModels/ErrorViewModel.cs
FN:4,System.String FurnitureStore.ViewModels.ErrorViewModel::get_RequestId()
FNDA:0,System.String FurnitureStore.ViewModels.ErrorViewModel::get_RequestId()
DA:5,0
FN:6,System.Boolean FurnitureStore.ViewModels.ErrorViewModel::get_ShowRequestId()
FNDA:0,System.Boolean FurnitureStore.ViewModels.ErrorViewModel::get_ShowRequestId()
DA:7,0
LF:2
LH:0
BRF:0
BRH:0
FNF:2
FNH:0
end_of_record
SF:/Users/yash/Documents/VS2022Projects/FurnitureStore/FurnitureStore/ViewModels/ProductIndexViewModel.cs
FN:6,System.Collections.Generic.IEnumerable`1<FurnitureStore.Data.Models.Product> FurnitureStore.ViewModels.ProductIndexViewModel::get_Products()
FNDA:2,System.Collections.Generic.IEnumerable`1<FurnitureStore.Data.Models.Product> FurnitureStore.ViewModels.ProductIndexViewModel::get_Products()
DA:7,2
FN:7,System.Collections.Generic.IEnumerable`1<FurnitureStore.Data.Models.Storage> FurnitureStore.ViewModels.ProductIndexViewModel::get_Storages()
FNDA:0,System.Collections.Generic.IEnumerable`1<FurnitureStore.Data.Models.Storage> FurnitureStore.ViewModels.ProductIndexViewModel::get_Storages()
DA:8,0
FN:8,System.String FurnitureStore.ViewModels.ProductIndexViewModel::get_SortingField()
FNDA:0,System.String FurnitureStore.ViewModels.ProductIndexViewModel::get_SortingField()
DA:9,0
FN:9,System.String FurnitureStore.ViewModels.ProductIndexViewModel::get_SortingTrend()
FNDA:0,System.String FurnitureStore.ViewModels.ProductIndexViewModel::get_SortingTrend()
DA:10,0
FN:10,System.String FurnitureStore.ViewModels.ProductIndexViewModel::get_ExportType()
FNDA:0,System.String FurnitureStore.ViewModels.ProductIndexViewModel::get_ExportType()
DA:11,0
LF:5
LH:1
BRF:0
BRH:0
FNF:5
FNH:1
end_of_record
SF:/Users/yash/Documents/VS2022Projects/FurnitureStore/FurnitureStore/Migrations/20221104233503_Initial.cs
FN:10,System.Void FurnitureStore.Migrations.Initial::Up(Microsoft.EntityFrameworkCore.Migrations.MigrationBuilder)
FNDA:0,System.Void FurnitureStore.Migrations.Initial::Up(Microsoft.EntityFrameworkCore.Migrations.MigrationBuilder)
DA:11,0
DA:12,0
DA:13,0
DA:14,0
DA:15,0
DA:16,0
DA:17,0
DA:18,0
DA:19,0
DA:20,0
DA:21,0
DA:22,0
DA:23,0
DA:24,0
DA:26,0
DA:27,0
DA:28,0
DA:29,0
DA:30,0
DA:31,0
DA:32,0
DA:33,0
DA:34,0
DA:35,0
DA:36,0
DA:37,0
DA:38,0
DA:39,0
DA:40,0
DA:41,0
DA:42,0
DA:43,0
DA:44,0
DA:45,0
DA:47,0
DA:48,0
DA:49,0
DA:50,0
DA:51,0
DA:52,0
DA:53,0
DA:54,0
DA:55,0
DA:56,0
DA:57,0
DA:58,0
DA:60,0
DA:61,0
DA:62,0
DA:63,0
DA:64,0
DA:65,0
DA:66,0
DA:67,0
DA:68,0
DA:69,0
DA:70,0
DA:71,0
DA:72,0
DA:73,0
DA:74,0
DA:75,0
DA:77,0
DA:78,0
DA:79,0
DA:80,0
DA:81,0
DA:82,0
DA:83,0
DA:84,0
DA:85,0
DA:86,0
DA:87,0
DA:88,0
DA:89,0
DA:90,0
DA:91,0
DA:92,0
DA:93,0
DA:94,0
DA:96,0
DA:97,0
DA:98,0
DA:99,0
DA:100,0
DA:101,0
DA:102,0
DA:103,0
DA:104,0
DA:105,0
DA:106,0
DA:107,0
DA:108,0
DA:109,0
DA:110,0
DA:111,0
DA:112,0
DA:113,0
DA:114,0
DA:115,0
DA:117,0
DA:118,0
DA:119,0
DA:120,0
DA:121,0
DA:122,0
DA:123,0
DA:124,0
DA:125,0
DA:126,0
DA:127,0
DA:128,0
DA:129,0
DA:130,0
DA:131,0
DA:132,0
DA:133,0
DA:134,0
DA:135,0
DA:136,0
DA:137,0
DA:138,0
DA:139,0
DA:140,0
DA:141,0
DA:142,0
DA:143,0
DA:144,0
DA:145,0
DA:146,0
DA:147,0
DA:149,0
DA:150,0
DA:151,0
DA:152,0
DA:153,0
DA:154,0
DA:155,0
DA:156,0
DA:157,0
DA:158,0
DA:159,0
DA:160,0
DA:161,0
DA:162,0
DA:163,0
DA:164,0
DA:165,0
DA:166,0
DA:167,0
DA:168,0
DA:169,0
DA:170,0
DA:171,0
DA:172,0
DA:173,0
DA:174,0
DA:176,0
DA:177,0
DA:178,0
DA:179,0
DA:180,0
DA:181,0
DA:182,0
DA:183,0
DA:184,0
DA:185,0
DA:186,0
DA:187,0
DA:188,0
DA:189,0
DA:190,0
DA:191,0
DA:192,0
DA:193,0
DA:194,0
DA:195,0
DA:197,0
DA:198,0
DA:199,0
DA:200,0
DA:201,0
DA:202,0
DA:203,0
DA:204,0
DA:205,0
DA:206,0
DA:207,0
DA:208,0
DA:209,0
DA:210,0
DA:211,0
DA:212,0
DA:213,0
DA:214,0
DA:215,0
DA:217,0
DA:218,0
DA:219,0
DA:220,0
DA:221,0
DA:222,0
DA:223,0
DA:224,0
DA:225,0
DA:226,0
DA:227,0
DA:228,0
DA:229,0
DA:230,0
DA:231,0
DA:232,0
DA:233,0
DA:234,0
DA:235,0
DA:236,0
DA:237,0
DA:238,0
DA:239,0
DA:241,0
DA:242,0
DA:243,0
DA:244,0
DA:245,0
DA:246,0
DA:247,0
DA:248,0
DA:249,0
DA:250,0
DA:251,0
DA:252,0
DA:253,0
DA:254,0
DA:255,0
DA:256,0
DA:257,0
DA:258,0
DA:259,0
DA:261,0
DA:262,0
DA:263,0
DA:264,0
DA:265,0
DA:266,0
DA:267,0
DA:268,0
DA:269,0
DA:270,0
DA:271,0
DA:272,0
DA:273,0
DA:274,0
DA:275,0
DA:276,0
DA:277,0
DA:278,0
DA:279,0
DA:280,0
DA:281,0
DA:282,0
DA:283,0
DA:284,0
DA:285,0
DA:286,0
DA:287,0
DA:288,0
DA:289,0
DA:290,0
DA:291,0
DA:292,0
DA:293,0
DA:294,0
DA:296,0
DA:297,0
DA:298,0
DA:299,0
DA:301,0
DA:302,0
DA:303,0
DA:304,0
DA:305,0
DA:306,0
DA:308,0
DA:309,0
DA:310,0
DA:311,0
DA:313,0
DA:314,0
DA:315,0
DA:316,0
DA:318,0
DA:319,0
DA:320,0
DA:321,0
DA:323,0
DA:324,0
DA:325,0
DA:326,0
DA:328,0
DA:329,0
DA:330,0
DA:331,0
DA:333,0
DA:334,0
DA:335,0
DA:336,0
DA:337,0
DA:338,0
DA:340,0
DA:341,0
DA:342,0
DA:343,0
DA:345,0
DA:346,0
DA:347,0
DA:348,0
DA:350,0
DA:351,0
DA:352,0
DA:353,0
DA:355,0
DA:356,0
DA:357,0
DA:358,0
DA:360,0
DA:361,0
DA:362,0
DA:363,0
DA:364,0
FN:366,System.Void FurnitureStore.Migrations.Initial::Down(Microsoft.EntityFrameworkCore.Migrations.MigrationBuilder)
FNDA:0,System.Void FurnitureStore.Migrations.Initial::Down(Microsoft.EntityFrameworkCore.Migrations.MigrationBuilder)
DA:367,0
DA:368,0
DA:369,0
DA:371,0
DA:372,0
DA:374,0
DA:375,0
DA:377,0
DA:378,0
DA:380,0
DA:381,0
DA:383,0
DA:384,0
DA:386,0
DA:387,0
DA:389,0
DA:390,0
DA:392,0
DA:393,0
DA:395,0
DA:396,0
DA:398,0
DA:399,0
DA:401,0
DA:402,0
DA:404,0
DA:405,0
DA:406,0
LF:357
LH:0
BRF:0
BRH:0
FNF:2
FNH:0
end_of_record
SF:/Users/yash/Documents/VS2022Projects/FurnitureStore/FurnitureStore/Migrations/20221104233503_Initial.Designer.cs
FN:18,System.Void FurnitureStore.Migrations.Initial::BuildTargetModel(Microsoft.EntityFrameworkCore.ModelBuilder)
FNDA:0,System.Void FurnitureStore.Migrations.Initial::BuildTargetModel(Microsoft.EntityFrameworkCore.ModelBuilder)
DA:19,0
DA:21,0
DA:22,0
DA:23,0
DA:25,0
DA:27,0
DA:28,0
DA:29,0
DA:30,0
DA:31,0
DA:32,0
DA:33,0
DA:34,0
DA:35,0
DA:36,0
DA:37,0
DA:38,0
DA:39,0
DA:40,0
DA:41,0
DA:42,0
DA:43,0
DA:44,0
DA:45,0
DA:46,0
DA:47,0
DA:48,0
DA:49,0
DA:50,0
DA:51,0
DA:52,0
DA:53,0
DA:54,0
DA:55,0
DA:56,0
DA:57,0
DA:58,0
DA:59,0
DA:60,0
DA:61,0
DA:62,0
DA:63,0
DA:64,0
DA:65,0
DA:66,0
DA:67,0
DA:68,0
DA:69,0
DA:70,0
DA:71,0
DA:72,0
DA:74,0
DA:75,0
DA:76,0
DA:77,0
DA:78,0
DA:79,0
DA:80,0
DA:81,0
DA:82,0
DA:83,0
DA:84,0
DA:85,0
DA:86,0
DA:87,0
DA:88,0
DA:90,0
DA:91,0
DA:92,0
DA:93,0
DA:94,0
DA:95,0
DA:96,0
DA:97,0
DA:98,0
DA:99,0
DA:100,0
DA:101,0
DA:102,0
DA:103,0
DA:104,0
DA:105,0
DA:106,0
DA:107,0
DA:108,0
DA:109,0
DA:110,0
DA:111,0
DA:112,0
DA:113,0
DA:114,0
DA:116,0
DA:117,0
DA:118,0
DA:119,0
DA:120,0
DA:121,0
DA:122,0
DA:123,0
DA:124,0
DA:125,0
DA:126,0
DA:127,0
DA:128,0
DA:129,0
DA:130,0
DA:131,0
DA:132,0
DA:133,0
DA:134,0
DA:135,0
DA:136,0
DA:137,0
DA:138,0
DA:139,0
DA:140,0
DA:141,0
DA:142,0
DA:143,0
DA:144,0
DA:145,0
DA:146,0
DA:147,0
DA:148,0
DA:149,0
DA:150,0
DA:151,0
DA:152,0
DA:153,0
DA:155,0
DA:156,0
DA:157,0
DA:158,0
DA:159,0
DA:160,0
DA:161,0
DA:162,0
DA:163,0
DA:164,0
DA:165,0
DA:166,0
DA:167,0
DA:168,0
DA:169,0
DA:170,0
DA:171,0
DA:172,0
DA:173,0
DA:174,0
DA:175,0
DA:176,0
DA:177,0
DA:178,0
DA:179,0
DA:180,0
DA:181,0
DA:183,0
DA:184,0
DA:185,0
DA:186,0
DA:187,0
DA:188,0
DA:189,0
DA:190,0
DA:191,0
DA:192,0
DA:193,0
DA:194,0
DA:195,0
DA:196,0
DA:197,0
DA:198,0
DA:199,0
DA:200,0
DA:201,0
DA:202,0
DA:203,0
DA:204,0
DA:205,0
DA:206,0
DA:207,0
DA:208,0
DA:209,0
DA:210,0
DA:211,0
DA:212,0
DA:213,0
DA:215,0
DA:216,0
DA:217,0
DA:218,0
DA:219,0
DA:220,0
DA:221,0
DA:222,0
DA:223,0
DA:224,0
DA:225,0
DA:226,0
DA:227,0
DA:228,0
DA:229,0
DA:230,0
DA:231,0
DA:232,0
DA:233,0
DA:234,0
DA:235,0
DA:236,0
DA:237,0
DA:238,0
DA:239,0
DA:240,0
DA:241,0
DA:242,0
DA:243,0
DA:244,0
DA:245,0
DA:246,0
DA:247,0
DA:248,0
DA:249,0
DA:250,0
DA:251,0
DA:252,0
DA:253,0
DA:254,0
DA:255,0
DA:256,0
DA:257,0
DA:258,0
DA:259,0
DA:260,0
DA:261,0
DA:262,0
DA:263,0
DA:264,0
DA:265,0
DA:266,0
DA:267,0
DA:268,0
DA:269,0
DA:270,0
DA:271,0
DA:272,0
DA:273,0
DA:274,0
DA:275,0
DA:276,0
DA:277,0
DA:278,0
DA:279,0
DA:280,0
DA:281,0
DA:282,0
DA:283,0
DA:284,0
DA:286,0
DA:287,0
DA:288,0
DA:289,0
DA:290,0
DA:291,0
DA:292,0
DA:293,0
DA:294,0
DA:295,0
DA:296,0
DA:297,0
DA:298,0
DA:299,0
DA:300,0
DA:301,0
DA:302,0
DA:303,0
DA:304,0
DA:305,0
DA:306,0
DA:307,0
DA:308,0
DA:309,0
DA:310,0
DA:311,0
DA:312,0
DA:313,0
DA:314,0
DA:315,0
DA:316,0
DA:317,0
DA:318,0
DA:319,0
DA:320,0
DA:321,0
DA:322,0
DA:323,0
DA:324,0
DA:326,0
DA:327,0
DA:328,0
DA:329,0
DA:330,0
DA:331,0
DA:332,0
DA:333,0
DA:334,0
DA:335,0
DA:336,0
DA:337,0
DA:338,0
DA:339,0
DA:340,0
DA:341,0
DA:342,0
DA:343,0
DA:344,0
DA:345,0
DA:346,0
DA:347,0
DA:348,0
DA:350,0
DA:351,0
DA:352,0
DA:353,0
DA:354,0
DA:355,0
DA:356,0
DA:357,0
DA:358,0
DA:359,0
DA:360,0
DA:361,0
DA:362,0
DA:363,0
DA:364,0
DA:365,0
DA:366,0
DA:367,0
DA:368,0
DA:369,0
DA:370,0
DA:371,0
DA:372,0
DA:374,0
DA:375,0
DA:376,0
DA:377,0
DA:378,0
DA:379,0
DA:380,0
DA:381,0
DA:382,0
DA:383,0
DA:384,0
DA:385,0
DA:386,0
DA:387,0
DA:388,0
DA:389,0
DA:390,0
DA:391,0
DA:392,0
DA:393,0
DA:395,0
DA:396,0
DA:397,0
DA:398,0
DA:399,0
DA:400,0
DA:401,0
DA:402,0
DA:403,0
DA:404,0
DA:405,0
DA:406,0
DA:407,0
DA:408,0
DA:410,0
DA:411,0
DA:412,0
DA:413,0
DA:414,0
DA:415,0
DA:416,0
DA:417,0
DA:418,0
DA:419,0
DA:420,0
DA:421,0
DA:422,0
DA:423,0
DA:424,0
DA:425,0
DA:426,0
DA:427,0
DA:429,0
DA:430,0
DA:431,0
DA:432,0
DA:433,0
DA:434,0
DA:435,0
DA:436,0
DA:437,0
DA:438,0
DA:439,0
DA:440,0
DA:441,0
DA:442,0
DA:443,0
DA:444,0
DA:445,0
DA:446,0
DA:448,0
DA:449,0
DA:450,0
DA:451,0
DA:452,0
DA:453,0
DA:454,0
DA:455,0
DA:456,0
DA:457,0
DA:458,0
DA:459,0
DA:460,0
DA:461,0
DA:462,0
DA:463,0
DA:464,0
DA:465,0
DA:466,0
DA:467,0
DA:468,0
DA:469,0
DA:471,0
DA:472,0
DA:473,0
DA:474,0
DA:475,0
DA:476,0
DA:477,0
DA:478,0
DA:479,0
DA:480,0
DA:482,0
DA:483,0
DA:484,0
DA:485,0
DA:486,0
DA:487,0
DA:488,0
DA:489,0
DA:491,0
DA:492,0
DA:493,0
DA:494,0
DA:495,0
DA:496,0
DA:497,0
DA:498,0
DA:500,0
DA:501,0
DA:502,0
DA:503,0
DA:504,0
DA:505,0
DA:506,0
DA:507,0
DA:509,0
DA:510,0
DA:511,0
DA:512,0
DA:513,0
DA:514,0
DA:515,0
DA:516,0
DA:517,0
DA:518,0
DA:519,0
DA:520,0
DA:521,0
DA:522,0
DA:524,0
DA:525,0
DA:526,0
DA:527,0
DA:528,0
DA:529,0
DA:530,0
DA:531,0
DA:533,0
DA:534,0
DA:535,0
DA:536,0
DA:538,0
DA:539,0
DA:540,0
DA:541,0
DA:543,0
LF:499
LH:0
BRF:0
BRH:0
FNF:1
FNH:0
end_of_record
SF:/Users/yash/Documents/VS2022Projects/FurnitureStore/FurnitureStore/Migrations/AppDbContextModelSnapshot.cs
FN:16,System.Void FurnitureStore.Migrations.AppDbContextModelSnapshot::BuildModel(Microsoft.EntityFrameworkCore.ModelBuilder)
FNDA:0,System.Void FurnitureStore.Migrations.AppDbContextModelSnapshot::BuildModel(Microsoft.EntityFrameworkCore.ModelBuilder)
DA:17,0
DA:19,0
DA:20,0
DA:21,0
DA:23,0
DA:25,0
DA:26,0
DA:27,0
DA:28,0
DA:29,0
DA:30,0
DA:31,0
DA:32,0
DA:33,0
DA:34,0
DA:35,0
DA:36,0
DA:37,0
DA:38,0
DA:39,0
DA:40,0
DA:41,0
DA:42,0
DA:43,0
DA:44,0
DA:45,0
DA:46,0
DA:47,0
DA:48,0
DA:49,0
DA:50,0
DA:51,0
DA:52,0
DA:53,0
DA:54,0
DA:55,0
DA:56,0
DA:57,0
DA:58,0
DA:59,0
DA:60,0
DA:61,0
DA:62,0
DA:63,0
DA:64,0
DA:65,0
DA:66,0
DA:67,0
DA:68,0
DA:69,0
DA:70,0
DA:72,0
DA:73,0
DA:74,0
DA:75,0
DA:76,0
DA:77,0
DA:78,0
DA:79,0
DA:80,0
DA:81,0
DA:82,0
DA:83,0
DA:84,0
DA:85,0
DA:86,0
DA:88,0
DA:89,0
DA:90,0
DA:91,0
DA:92,0
DA:93,0
DA:94,0
DA:95,0
DA:96,0
DA:97,0
DA:98,0
DA:99,0
DA:100,0
DA:101,0
DA:102,0
DA:103,0
DA:104,0
DA:105,0
DA:106,0
DA:107,0
DA:108,0
DA:109,0
DA:110,0
DA:111,0
DA:112,0
DA:114,0
DA:115,0
DA:116,0
DA:117,0
DA:118,0
DA:119,0
DA:120,0
DA:121,0
DA:122,0
DA:123,0
DA:124,0
DA:125,0
DA:126,0
DA:127,0
DA:128,0
DA:129,0
DA:130,0
DA:131,0
DA:132,0
DA:133,0
DA:134,0
DA:135,0
DA:136,0
DA:137,0
DA:138,0
DA:139,0
DA:140,0
DA:141,0
DA:142,0
DA:143,0
DA:144,0
DA:145,0
DA:146,0
DA:147,0
DA:148,0
DA:149,0
DA:150,0
DA:151,0
DA:153,0
DA:154,0
DA:155,0
DA:156,0
DA:157,0
DA:158,0
DA:159,0
DA:160,0
DA:161,0
DA:162,0
DA:163,0
DA:164,0
DA:165,0
DA:166,0
DA:167,0
DA:168,0
DA:169,0
DA:170,0
DA:171,0
DA:172,0
DA:173,0
DA:174,0
DA:175,0
DA:176,0
DA:177,0
DA:178,0
DA:179,0
DA:181,0
DA:182,0
DA:183,0
DA:184,0
DA:185,0
DA:186,0
DA:187,0
DA:188,0
DA:189,0
DA:190,0
DA:191,0
DA:192,0
DA:193,0
DA:194,0
DA:195,0
DA:196,0
DA:197,0
DA:198,0
DA:199,0
DA:200,0
DA:201,0
DA:202,0
DA:203,0
DA:204,0
DA:205,0
DA:206,0
DA:207,0
DA:208,0
DA:209,0
DA:210,0
DA:211,0
DA:213,0
DA:214,0
DA:215,0
DA:216,0
DA:217,0
DA:218,0
DA:219,0
DA:220,0
DA:221,0
DA:222,0
DA:223,0
DA:224,0
DA:225,0
DA:226,0
DA:227,0
DA:228,0
DA:229,0
DA:230,0
DA:231,0
DA:232,0
DA:233,0
DA:234,0
DA:235,0
DA:236,0
DA:237,0
DA:238,0
DA:239,0
DA:240,0
DA:241,0
DA:242,0
DA:243,0
DA:244,0
DA:245,0
DA:246,0
DA:247,0
DA:248,0
DA:249,0
DA:250,0
DA:251,0
DA:252,0
DA:253,0
DA:254,0
DA:255,0
DA:256,0
DA:257,0
DA:258,0
DA:259,0
DA:260,0
DA:261,0
DA:262,0
DA:263,0
DA:264,0
DA:265,0
DA:266,0
DA:267,0
DA:268,0
DA:269,0
DA:270,0
DA:271,0
DA:272,0
DA:273,0
DA:274,0
DA:275,0
DA:276,0
DA:277,0
DA:278,0
DA:279,0
DA:280,0
DA:281,0
DA:282,0
DA:284,0
DA:285,0
DA:286,0
DA:287,0
DA:288,0
DA:289,0
DA:290,0
DA:291,0
DA:292,0
DA:293,0
DA:294,0
DA:295,0
DA:296,0
DA:297,0
DA:298,0
DA:299,0
DA:300,0
DA:301,0
DA:302,0
DA:303,0
DA:304,0
DA:305,0
DA:306,0
DA:307,0
DA:308,0
DA:309,0
DA:310,0
DA:311,0
DA:312,0
DA:313,0
DA:314,0
DA:315,0
DA:316,0
DA:317,0
DA:318,0
DA:319,0
DA:320,0
DA:321,0
DA:322,0
DA:324,0
DA:325,0
DA:326,0
DA:327,0
DA:328,0
DA:329,0
DA:330,0
DA:331,0
DA:332,0
DA:333,0
DA:334,0
DA:335,0
DA:336,0
DA:337,0
DA:338,0
DA:339,0
DA:340,0
DA:341,0
DA:342,0
DA:343,0
DA:344,0
DA:345,0
DA:346,0
DA:348,0
DA:349,0
DA:350,0
DA:351,0
DA:352,0
DA:353,0
DA:354,0
DA:355,0
DA:356,0
DA:357,0
DA:358,0
DA:359,0
DA:360,0
DA:361,0
DA:362,0
DA:363,0
DA:364,0
DA:365,0
DA:366,0
DA:367,0
DA:368,0
DA:369,0
DA:370,0
DA:372,0
DA:373,0
DA:374,0
DA:375,0
DA:376,0
DA:377,0
DA:378,0
DA:379,0
DA:380,0
DA:381,0
DA:382,0
DA:383,0
DA:384,0
DA:385,0
DA:386,0
DA:387,0
DA:388,0
DA:389,0
DA:390,0
DA:391,0
DA:393,0
DA:394,0
DA:395,0
DA:396,0
DA:397,0
DA:398,0
DA:399,0
DA:400,0
DA:401,0
DA:402,0
DA:403,0
DA:404,0
DA:405,0
DA:406,0
DA:408,0
DA:409,0
DA:410,0
DA:411,0
DA:412,0
DA:413,0
DA:414,0
DA:415,0
DA:416,0
DA:417,0
DA:418,0
DA:419,0
DA:420,0
DA:421,0
DA:422,0
DA:423,0
DA:424,0
DA:425,0
DA:427,0
DA:428,0
DA:429,0
DA:430,0
DA:431,0
DA:432,0
DA:433,0
DA:434,0
DA:435,0
DA:436,0
DA:437,0
DA:438,0
DA:439,0
DA:440,0
DA:441,0
DA:442,0
DA:443,0
DA:444,0
DA:446,0
DA:447,0
DA:448,0
DA:449,0
DA:450,0
DA:451,0
DA:452,0
DA:453,0
DA:454,0
DA:455,0
DA:456,0
DA:457,0
DA:458,0
DA:459,0
DA:460,0
DA:461,0
DA:462,0
DA:463,0
DA:464,0
DA:465,0
DA:466,0
DA:467,0
DA:469,0
DA:470,0
DA:471,0
DA:472,0
DA:473,0
DA:474,0
DA:475,0
DA:476,0
DA:477,0
DA:478,0
DA:480,0
DA:481,0
DA:482,0
DA:483,0
DA:484,0
DA:485,0
DA:486,0
DA:487,0
DA:489,0
DA:490,0
DA:491,0
DA:492,0
DA:493,0
DA:494,0
DA:495,0
DA:496,0
DA:498,0
DA:499,0
DA:500,0
DA:501,0
DA:502,0
DA:503,0
DA:504,0
DA:505,0
DA:507,0
DA:508,0
DA:509,0
DA:510,0
DA:511,0
DA:512,0
DA:513,0
DA:514,0
DA:515,0
DA:516,0
DA:517,0
DA:518,0
DA:519,0
DA:520,0
DA:522,0
DA:523,0
DA:524,0
DA:525,0
DA:526,0
DA:527,0
DA:528,0
DA:529,0
DA:531,0
DA:532,0
DA:533,0
DA:534,0
DA:536,0
DA:537,0
DA:538,0
DA:539,0
DA:541,0
LF:499
LH:0
BRF:0
BRH:0
FNF:1
FNH:0
end_of_record
SF:/Users/yash/Documents/VS2022Projects/FurnitureStore/FurnitureStore/Data/AppDbContext.cs
FN:7,Microsoft.EntityFrameworkCore.DbSet`1<FurnitureStore.Data.Models.Product> FurnitureStore.Data.AppDbContext::get_Product()
FNDA:44,Microsoft.EntityFrameworkCore.DbSet`1<FurnitureStore.Data.Models.Product> FurnitureStore.Data.AppDbContext::get_Product()
DA:8,44
FN:8,Microsoft.EntityFrameworkCore.DbSet`1<FurnitureStore.Data.Models.Storage> FurnitureStore.Data.AppDbContext::get_Storage()
FNDA:16,Microsoft.EntityFrameworkCore.DbSet`1<FurnitureStore.Data.Models.Storage> FurnitureStore.Data.AppDbContext::get_Storage()
DA:9,16
FN:9,Microsoft.EntityFrameworkCore.DbSet`1<FurnitureStore.Data.Models.Order> FurnitureStore.Data.AppDbContext::get_Order()
FNDA:8,Microsoft.EntityFrameworkCore.DbSet`1<FurnitureStore.Data.Models.Order> FurnitureStore.Data.AppDbContext::get_Order()
DA:10,8
FN:10,Microsoft.EntityFrameworkCore.DbSet`1<FurnitureStore.Data.Models.Customer> FurnitureStore.Data.AppDbContext::get_Customer()
FNDA:8,Microsoft.EntityFrameworkCore.DbSet`1<FurnitureStore.Data.Models.Customer> FurnitureStore.Data.AppDbContext::get_Customer()
DA:11,8
FN:11,Microsoft.EntityFrameworkCore.DbSet`1<FurnitureStore.Data.Models.Worker> FurnitureStore.Data.AppDbContext::get_Worker()
FNDA:8,Microsoft.EntityFrameworkCore.DbSet`1<FurnitureStore.Data.Models.Worker> FurnitureStore.Data.AppDbContext::get_Worker()
DA:12,8
FN:12,Microsoft.EntityFrameworkCore.DbSet`1<FurnitureStore.Data.Models.Image> FurnitureStore.Data.AppDbContext::get_Image()
FNDA:16,Microsoft.EntityFrameworkCore.DbSet`1<FurnitureStore.Data.Models.Image> FurnitureStore.Data.AppDbContext::get_Image()
DA:13,16
FN:15,System.Void FurnitureStore.Data.AppDbContext::.ctor(Microsoft.EntityFrameworkCore.DbContextOptions`1<FurnitureStore.Data.AppDbContext>)
FNDA:24,System.Void FurnitureStore.Data.AppDbContext::.ctor(Microsoft.EntityFrameworkCore.DbContextOptions`1<FurnitureStore.Data.AppDbContext>)
DA:16,24
LF:7
LH:7
BRF:0
BRH:0
FNF:7
FNH:7
end_of_record
SF:/Users/yash/Documents/VS2022Projects/FurnitureStore/FurnitureStore/Data/DbObjects.cs
FN:49,System.Collections.Generic.Dictionary`2<System.String,FurnitureStore.Data.Models.Image> FurnitureStore.Data.DbObjects::get_Images()
FNDA:0,System.Collections.Generic.Dictionary`2<System.String,FurnitureStore.Data.Models.Image> FurnitureStore.Data.DbObjects::get_Images()
DA:50,0
DA:51,0
DA:52,0
DA:53,0
DA:54,0
DA:55,0
DA:56,0
DA:57,0
DA:58,0
DA:59,0
DA:60,0
DA:61,0
DA:62,0
DA:63,0
DA:64,0
DA:65,0
DA:66,0
DA:67,0
DA:68,0
DA:69,0
DA:70,0
DA:71,0
DA:72,0
DA:73,0
DA:74,0
DA:75,0
DA:76,0
DA:77,0
DA:78,0
DA:79,0
DA:80,0
DA:81,0
DA:82,0
DA:83,0
DA:84,0
DA:85,0
DA:86,0
DA:87,0
DA:88,0
DA:89,0
DA:90,0
DA:91,0
DA:92,0
DA:93,0
DA:94,0
DA:95,0
DA:96,0
DA:97,0
DA:99,0
DA:100,0
BRDA:51,11,0,0
BRDA:51,11,1,0
BRDA:96,288,1,0
BRDA:96,288,0,0
FN:104,System.Collections.Generic.Dictionary`2<System.String,FurnitureStore.Data.Models.Product> FurnitureStore.Data.DbObjects::get_Products()
FNDA:0,System.Collections.Generic.Dictionary`2<System.String,FurnitureStore.Data.Models.Product> FurnitureStore.Data.DbObjects::get_Products()
DA:105,0
DA:106,0
DA:107,0
DA:108,0
DA:109,0
DA:110,0
DA:111,0
DA:112,0
DA:113,0
DA:114,0
DA:115,0
DA:116,0
DA:117,0
DA:118,0
DA:119,0
DA:120,0
DA:121,0
DA:122,0
DA:123,0
DA:124,0
DA:125,0
DA:126,0
DA:127,0
DA:128,0
DA:129,0
DA:130,0
DA:131,0
DA:132,0
DA:133,0
DA:134,0
DA:135,0
DA:136,0
DA:137,0
DA:138,0
DA:139,0
DA:140,0
DA:141,0
DA:142,0
DA:143,0
DA:144,0
DA:145,0
DA:146,0
DA:147,0
DA:148,0
DA:149,0
DA:150,0
DA:151,0
DA:152,0
DA:153,0
DA:154,0
DA:155,0
DA:156,0
DA:157,0
DA:158,0
DA:159,0
DA:160,0
DA:161,0
DA:162,0
DA:163,0
DA:164,0
DA:165,0
DA:166,0
DA:167,0
DA:168,0
DA:169,0
DA:170,0
DA:171,0
DA:172,0
DA:173,0
DA:174,0
DA:175,0
DA:176,0
DA:177,0
DA:178,0
DA:179,0
DA:180,0
DA:181,0
DA:182,0
DA:183,0
DA:184,0
DA:185,0
DA:186,0
DA:187,0
DA:188,0
DA:189,0
DA:190,0
DA:191,0
DA:192,0
DA:194,0
DA:195,0
BRDA:106,11,0,0
BRDA:106,11,1,0
BRDA:191,965,1,0
BRDA:191,965,0,0
FN:199,System.Collections.Generic.Dictionary`2<System.String,FurnitureStore.Data.Models.Storage> FurnitureStore.Data.DbObjects::get_Storages()
FNDA:0,System.Collections.Generic.Dictionary`2<System.String,FurnitureStore.Data.Models.Storage> FurnitureStore.Data.DbObjects::get_Storages()
DA:200,0
DA:201,0
DA:202,0
DA:203,0
DA:204,0
DA:205,0
DA:206,0
DA:207,0
DA:208,0
DA:209,0
DA:210,0
DA:211,0
DA:212,0
DA:213,0
DA:214,0
DA:215,0
DA:216,0
DA:217,0
DA:218,0
DA:219,0
DA:220,0
DA:221,0
DA:222,0
DA:223,0
DA:224,0
DA:225,0
DA:226,0
DA:227,0
DA:228,0
DA:229,0
DA:230,0
DA:231,0
DA:232,0
DA:233,0
DA:234,0
DA:235,0
DA:236,0
DA:237,0
DA:238,0
DA:239,0
DA:240,0
DA:241,0
DA:242,0
DA:243,0
DA:244,0
DA:245,0
DA:246,0
DA:247,0
DA:248,0
DA:249,0
DA:250,0
DA:251,0
DA:252,0
DA:253,0
DA:254,0
DA:255,0
DA:256,0
DA:257,0
DA:258,0
DA:259,0
DA:260,0
DA:261,0
DA:262,0
DA:263,0
DA:264,0
DA:265,0
DA:266,0
DA:267,0
DA:268,0
DA:269,0
DA:270,0
DA:271,0
DA:272,0
DA:273,0
DA:274,0
DA:275,0
DA:276,0
DA:277,0
DA:278,0
DA:279,0
DA:280,0
DA:281,0
DA:282,0
DA:283,0
DA:284,0
DA:285,0
DA:286,0
DA:287,0
DA:289,0
DA:290,0
BRDA:201,11,0,0
BRDA:201,11,1,0
BRDA:286,768,1,0
BRDA:286,768,0,0
FN:294,System.Collections.Generic.Dictionary`2<System.String,FurnitureStore.Data.Models.Order> FurnitureStore.Data.DbObjects::get_Orders()
FNDA:0,System.Collections.Generic.Dictionary`2<System.String,FurnitureStore.Data.Models.Order> FurnitureStore.Data.DbObjects::get_Orders()
DA:295,0
DA:296,0
DA:297,0
DA:298,0
DA:299,0
DA:300,0
DA:301,0
DA:302,0
DA:303,0
DA:304,0
DA:305,0
DA:306,0
DA:307,0
DA:308,0
DA:309,0
DA:310,0
DA:311,0
DA:312,0
DA:313,0
DA:314,0
DA:315,0
DA:316,0
DA:317,0
DA:318,0
DA:319,0
DA:320,0
DA:321,0
DA:322,0
DA:323,0
DA:324,0
DA:325,0
DA:326,0
DA:327,0
DA:328,0
DA:329,0
DA:330,0
DA:331,0
DA:332,0
DA:333,0
DA:334,0
DA:335,0
DA:336,0
DA:337,0
DA:338,0
DA:339,0
DA:340,0
DA:341,0
DA:342,0
DA:343,0
DA:344,0
DA:345,0
DA:346,0
DA:347,0
DA:348,0
DA:349,0
DA:350,0
DA:351,0
DA:352,0
DA:353,0
DA:354,0
DA:355,0
DA:356,0
DA:357,0
DA:358,0
DA:359,0
DA:360,0
DA:361,0
DA:362,0
DA:363,0
DA:364,0
DA:365,0
DA:366,0
DA:367,0
DA:368,0
DA:369,0
DA:370,0
DA:371,0
DA:372,0
DA:373,0
DA:374,0
DA:375,0
DA:376,0
DA:377,0
DA:378,0
DA:379,0
DA:380,0
DA:381,0
DA:382,0
DA:383,0
DA:384,0
DA:385,0
DA:386,0
DA:387,0
DA:388,0
DA:389,0
DA:390,0
DA:391,0
DA:392,0
DA:393,0
DA:395,0
DA:396,0
BRDA:296,11,0,0
BRDA:296,11,1,0
BRDA:392,1176,1,0
BRDA:392,1176,0,0
FN:400,System.Collections.Generic.Dictionary`2<System.String,FurnitureStore.Data.Models.Customer> FurnitureStore.Data.DbObjects::get_Customers()
FNDA:0,System.Collections.Generic.Dictionary`2<System.String,FurnitureStore.Data.Models.Customer> FurnitureStore.Data.DbObjects::get_Customers()
DA:401,0
DA:402,0
DA:403,0
DA:404,0
DA:405,0
DA:406,0
DA:407,0
DA:408,0
DA:409,0
DA:410,0
DA:411,0
DA:412,0
DA:413,0
DA:414,0
DA:415,0
DA:416,0
DA:417,0
DA:418,0
DA:419,0
DA:420,0
DA:421,0
DA:422,0
DA:423,0
DA:424,0
DA:425,0
DA:426,0
DA:427,0
DA:428,0
DA:429,0
DA:430,0
DA:431,0
DA:432,0
DA:433,0
DA:434,0
DA:435,0
DA:436,0
DA:437,0
DA:438,0
DA:439,0
DA:440,0
DA:441,0
DA:442,0
DA:443,0
DA:444,0
DA:445,0
DA:446,0
DA:447,0
DA:448,0
DA:449,0
DA:450,0
DA:451,0
DA:452,0
DA:453,0
DA:454,0
DA:455,0
DA:456,0
DA:457,0
DA:458,0
DA:459,0
DA:460,0
DA:461,0
DA:462,0
DA:463,0
DA:464,0
DA:465,0
DA:466,0
DA:467,0
DA:468,0
DA:469,0
DA:470,0
DA:471,0
DA:472,0
DA:473,0
DA:474,0
DA:475,0
DA:476,0
DA:477,0
DA:478,0
DA:479,0
DA:480,0
DA:481,0
DA:482,0
DA:483,0
DA:484,0
DA:485,0
DA:486,0
DA:487,0
DA:488,0
DA:489,0
DA:490,0
DA:491,0
DA:492,0
DA:493,0
DA:494,0
DA:495,0
DA:496,0
DA:497,0
DA:498,0
DA:499,0
DA:500,0
DA:501,0
DA:502,0
DA:503,0
DA:504,0
DA:505,0
DA:506,0
DA:507,0
DA:508,0
DA:509,0
DA:510,0
DA:511,0
DA:512,0
DA:513,0
DA:514,0
DA:515,0
DA:516,0
DA:517,0
DA:518,0
DA:520,0
DA:521,0
BRDA:402,11,0,0
BRDA:402,11,1,0
BRDA:517,1215,1,0
BRDA:517,1215,0,0
FN:525,System.Collections.Generic.Dictionary`2<System.String,FurnitureStore.Data.Models.Worker> FurnitureStore.Data.DbObjects::get_Workers()
FNDA:0,System.Collections.Generic.Dictionary`2<System.String,FurnitureStore.Data.Models.Worker> FurnitureStore.Data.DbObjects::get_Workers()
DA:526,0
DA:527,0
DA:528,0
DA:529,0
DA:530,0
DA:531,0
DA:532,0
DA:533,0
DA:534,0
DA:535,0
DA:536,0
DA:537,0
DA:538,0
DA:539,0
DA:540,0
DA:541,0
DA:542,0
DA:543,0
DA:544,0
DA:545,0
DA:546,0
DA:547,0
DA:548,0
DA:549,0
DA:550,0
DA:551,0
DA:552,0
DA:553,0
DA:554,0
DA:555,0
DA:556,0
DA:557,0
DA:558,0
DA:559,0
DA:560,0
DA:561,0
DA:562,0
DA:563,0
DA:564,0
DA:565,0
DA:566,0
DA:567,0
DA:568,0
DA:569,0
DA:570,0
DA:571,0
DA:572,0
DA:573,0
DA:574,0
DA:575,0
DA:576,0
DA:577,0
DA:578,0
DA:579,0
DA:580,0
DA:581,0
DA:582,0
DA:583,0
DA:584,0
DA:585,0
DA:586,0
DA:587,0
DA:588,0
DA:589,0
DA:590,0
DA:591,0
DA:592,0
DA:593,0
DA:594,0
DA:595,0
DA:596,0
DA:597,0
DA:598,0
DA:599,0
DA:600,0
DA:601,0
DA:602,0
DA:603,0
DA:604,0
DA:605,0
DA:606,0
DA:607,0
DA:608,0
DA:609,0
DA:610,0
DA:611,0
DA:612,0
DA:613,0
DA:614,0
DA:615,0
DA:616,0
DA:617,0
DA:618,0
DA:619,0
DA:620,0
DA:621,0
DA:622,0
DA:623,0
DA:625,0
DA:626,0
BRDA:527,11,0,0
BRDA:527,11,1,0
BRDA:622,1086,1,0
BRDA:622,1086,0,0
FN:629,System.Void FurnitureStore.Data.DbObjects::Initial(FurnitureStore.Data.AppDbContext,Microsoft.AspNetCore.Identity.UserManager`1<FurnitureStore.Data.Models.User>)
FNDA:0,System.Void FurnitureStore.Data.DbObjects::Initial(FurnitureStore.Data.AppDbContext,Microsoft.AspNetCore.Identity.UserManager`1<FurnitureStore.Data.Models.User>)
DA:630,0
DA:631,0
DA:632,0
DA:633,0
DA:634,0
DA:636,0
DA:637,0
DA:638,0
DA:639,0
DA:640,0
DA:641,0
DA:642,0
DA:643,0
DA:644,0
DA:645,0
DA:651,0
DA:652,0
DA:653,0
DA:654,0
DA:655,0
DA:657,0
DA:658,0
DA:659,0
DA:660,0
DA:661,0
DA:662,0
DA:663,0
DA:664,0
DA:665,0
DA:666,0
DA:667,0
DA:668,0
DA:670,0
DA:671,0
DA:672,0
DA:673,0
DA:674,0
DA:675,0
DA:677,0
DA:678,0
BRDA:631,17,0,0
BRDA:631,17,1,0
BRDA:633,88,0,0
BRDA:633,88,1,0
BRDA:636,159,0,0
BRDA:644,244,0,0
BRDA:644,244,1,0
BRDA:663,366,0,0
BRDA:663,366,1,0
BRDA:636,159,1,0
BRDA:670,425,0,0
BRDA:670,425,1,0
BRDA:672,498,0,0
BRDA:672,498,1,0
BRDA:674,571,0,0
BRDA:674,571,1,0
LF:591
LH:0
BRF:40
BRH:0
FNF:7
FNH:0
end_of_record
SF:/Users/yash/Documents/VS2022Projects/FurnitureStore/FurnitureStore/Data/Models/Customer.cs
FN:4,System.Int32 FurnitureStore.Data.Models.Customer::get_Id()
FNDA:0,System.Int32 FurnitureStore.Data.Models.Customer::get_Id()
DA:5,0
FN:5,System.String FurnitureStore.Data.Models.Customer::get_Name()
FNDA:0,System.String FurnitureStore.Data.Models.Customer::get_Name()
DA:6,0
FN:6,System.String FurnitureStore.Data.Models.Customer::get_Patronymic()
FNDA:0,System.String FurnitureStore.Data.Models.Customer::get_Patronymic()
DA:7,0
FN:7,System.String FurnitureStore.Data.Models.Customer::get_Surname()
FNDA:0,System.String FurnitureStore.Data.Models.Customer::get_Surname()
DA:8,0
FN:8,System.String FurnitureStore.Data.Models.Customer::get_Phone()
FNDA:0,System.String FurnitureStore.Data.Models.Customer::get_Phone()
DA:9,0
FN:9,System.String FurnitureStore.Data.Models.Customer::get_City()
FNDA:0,System.String FurnitureStore.Data.Models.Customer::get_City()
DA:10,0
FN:10,System.String FurnitureStore.Data.Models.Customer::get_Street()
FNDA:0,System.String FurnitureStore.Data.Models.Customer::get_Street()
DA:11,0
FN:11,System.String FurnitureStore.Data.Models.Customer::get_House()
FNDA:0,System.String FurnitureStore.Data.Models.Customer::get_House()
DA:12,0
FN:12,System.Int32 FurnitureStore.Data.Models.Customer::get_PostalCode()
FNDA:0,System.Int32 FurnitureStore.Data.Models.Customer::get_PostalCode()
DA:13,0
FN:13,System.UInt16 FurnitureStore.Data.Models.Customer::get_Discount()
FNDA:0,System.UInt16 FurnitureStore.Data.Models.Customer::get_Discount()
DA:14,0
LF:10
LH:0
BRF:0
BRH:0
FNF:10
FNH:0
end_of_record
SF:/Users/yash/Documents/VS2022Projects/FurnitureStore/FurnitureStore/Data/Models/Image.cs
FN:7,System.Int32 FurnitureStore.Data.Models.Image::get_Id()
FNDA:0,System.Int32 FurnitureStore.Data.Models.Image::get_Id()
DA:8,0
FN:8,System.String FurnitureStore.Data.Models.Image::get_Name()
FNDA:8,System.String FurnitureStore.Data.Models.Image::get_Name()
DA:9,8
FN:10,Microsoft.AspNetCore.Http.IFormFile FurnitureStore.Data.Models.Image::get_File()
FNDA:0,Microsoft.AspNetCore.Http.IFormFile FurnitureStore.Data.Models.Image::get_File()
DA:11,0
LF:3
LH:1
BRF:0
BRH:0
FNF:3
FNH:1
end_of_record
SF:/Users/yash/Documents/VS2022Projects/FurnitureStore/FurnitureStore/Data/Models/Order.cs
FN:4,System.Int32 FurnitureStore.Data.Models.Order::get_Id()
FNDA:0,System.Int32 FurnitureStore.Data.Models.Order::get_Id()
DA:5,0
FN:5,System.DateTime FurnitureStore.Data.Models.Order::get_Date()
FNDA:0,System.DateTime FurnitureStore.Data.Models.Order::get_Date()
DA:6,0
FN:6,System.Collections.Generic.List`1<FurnitureStore.Data.Models.Product> FurnitureStore.Data.Models.Order::get_Products()
FNDA:0,System.Collections.Generic.List`1<FurnitureStore.Data.Models.Product> FurnitureStore.Data.Models.Order::get_Products()
DA:7,0
FN:7,System.Int32 FurnitureStore.Data.Models.Order::get_CustomerId()
FNDA:0,System.Int32 FurnitureStore.Data.Models.Order::get_CustomerId()
DA:8,0
FN:8,FurnitureStore.Data.Models.Customer FurnitureStore.Data.Models.Order::get_Customer()
FNDA:0,FurnitureStore.Data.Models.Customer FurnitureStore.Data.Models.Order::get_Customer()
DA:9,0
FN:9,System.Int32 FurnitureStore.Data.Models.Order::get_WorkerId()
FNDA:0,System.Int32 FurnitureStore.Data.Models.Order::get_WorkerId()
DA:10,0
FN:10,FurnitureStore.Data.Models.Worker FurnitureStore.Data.Models.Order::get_Worker()
FNDA:0,FurnitureStore.Data.Models.Worker FurnitureStore.Data.Models.Order::get_Worker()
DA:11,0
LF:7
LH:0
BRF:0
BRH:0
FNF:7
FNH:0
end_of_record
SF:/Users/yash/Documents/VS2022Projects/FurnitureStore/FurnitureStore/Data/Models/Product.cs
FN:6,System.Int32 FurnitureStore.Data.Models.Product::get_Id()
FNDA:2,System.Int32 FurnitureStore.Data.Models.Product::get_Id()
DA:7,2
FN:8,System.String FurnitureStore.Data.Models.Product::get_Name()
FNDA:47,System.String FurnitureStore.Data.Models.Product::get_Name()
DA:9,47
FN:10,System.String FurnitureStore.Data.Models.Product::get_Description()
FNDA:46,System.String FurnitureStore.Data.Models.Product::get_Description()
DA:11,46
FN:12,System.UInt32 FurnitureStore.Data.Models.Product::get_Price()
FNDA:46,System.UInt32 FurnitureStore.Data.Models.Product::get_Price()
DA:13,46
FN:13,System.Int32 FurnitureStore.Data.Models.Product::get_StorageId()
FNDA:44,System.Int32 FurnitureStore.Data.Models.Product::get_StorageId()
DA:14,44
FN:14,FurnitureStore.Data.Models.Storage FurnitureStore.Data.Models.Product::get_Storage()
FNDA:0,FurnitureStore.Data.Models.Storage FurnitureStore.Data.Models.Product::get_Storage()
DA:15,0
FN:15,System.Int32 FurnitureStore.Data.Models.Product::get_ImageId()
FNDA:43,System.Int32 FurnitureStore.Data.Models.Product::get_ImageId()
DA:16,43
FN:17,FurnitureStore.Data.Models.Image FurnitureStore.Data.Models.Product::get_Image()
FNDA:2,FurnitureStore.Data.Models.Image FurnitureStore.Data.Models.Product::get_Image()
DA:18,2
LF:8
LH:7
BRF:0
BRH:0
FNF:8
FNH:7
end_of_record
SF:/Users/yash/Documents/VS2022Projects/FurnitureStore/FurnitureStore/Data/Models/Storage.cs
FN:4,System.Int32 FurnitureStore.Data.Models.Storage::get_Id()
FNDA:0,System.Int32 FurnitureStore.Data.Models.Storage::get_Id()
DA:5,0
FN:5,System.String FurnitureStore.Data.Models.Storage::get_Name()
FNDA:8,System.String FurnitureStore.Data.Models.Storage::get_Name()
DA:6,8
FN:6,System.String FurnitureStore.Data.Models.Storage::get_City()
FNDA:8,System.String FurnitureStore.Data.Models.Storage::get_City()
DA:7,8
FN:7,System.String FurnitureStore.Data.Models.Storage::get_Street()
FNDA:8,System.String FurnitureStore.Data.Models.Storage::get_Street()
DA:8,8
FN:8,System.String FurnitureStore.Data.Models.Storage::get_House()
FNDA:8,System.String FurnitureStore.Data.Models.Storage::get_House()
DA:9,8
FN:9,System.Int32 FurnitureStore.Data.Models.Storage::get_PostalCode()
FNDA:8,System.Int32 FurnitureStore.Data.Models.Storage::get_PostalCode()
DA:10,8
FN:10,System.Collections.Generic.List`1<FurnitureStore.Data.Models.Product> FurnitureStore.Data.Models.Storage::get_Products()
FNDA:0,System.Collections.Generic.List`1<FurnitureStore.Data.Models.Product> FurnitureStore.Data.Models.Storage::get_Products()
DA:11,0
LF:7
LH:5
BRF:0
BRH:0
FNF:7
FNH:5
end_of_record
SF:/Users/yash/Documents/VS2022Projects/FurnitureStore/FurnitureStore/Data/Models/User.cs
FN:7,System.Int32 FurnitureStore.Data.Models.User::get_WorkerId()
FNDA:0,System.Int32 FurnitureStore.Data.Models.User::get_WorkerId()
DA:8,0
FN:8,FurnitureStore.Data.Models.Worker FurnitureStore.Data.Models.User::get_Worker()
FNDA:0,FurnitureStore.Data.Models.Worker FurnitureStore.Data.Models.User::get_Worker()
DA:9,0
LF:2
LH:0
BRF:0
BRH:0
FNF:2
FNH:0
end_of_record
SF:/Users/yash/Documents/VS2022Projects/FurnitureStore/FurnitureStore/Data/Models/Worker.cs
FN:4,System.Int32 FurnitureStore.Data.Models.Worker::get_Id()
FNDA:0,System.Int32 FurnitureStore.Data.Models.Worker::get_Id()
DA:5,0
FN:5,System.String FurnitureStore.Data.Models.Worker::get_Name()
FNDA:0,System.String FurnitureStore.Data.Models.Worker::get_Name()
DA:6,0
FN:6,System.String FurnitureStore.Data.Models.Worker::get_Patronymic()
FNDA:0,System.String FurnitureStore.Data.Models.Worker::get_Patronymic()
DA:7,0
FN:7,System.String FurnitureStore.Data.Models.Worker::get_Surname()
FNDA:0,System.String FurnitureStore.Data.Models.Worker::get_Surname()
DA:8,0
FN:8,System.String FurnitureStore.Data.Models.Worker::get_Image()
FNDA:0,System.String FurnitureStore.Data.Models.Worker::get_Image()
DA:9,0
FN:9,System.String FurnitureStore.Data.Models.Worker::get_Phone()
FNDA:0,System.String FurnitureStore.Data.Models.Worker::get_Phone()
DA:10,0
FN:10,System.DateTime FurnitureStore.Data.Models.Worker::get_BirthDate()
FNDA:0,System.DateTime FurnitureStore.Data.Models.Worker::get_BirthDate()
DA:11,0
FN:11,System.String FurnitureStore.Data.Models.Worker::get_Position()
FNDA:0,System.String FurnitureStore.Data.Models.Worker::get_Position()
DA:12,0
LF:8
LH:0
BRF:0
BRH:0
FNF:8
FNH:0
end_of_record
SF:/Users/yash/Documents/VS2022Projects/FurnitureStore/FurnitureStore/Controllers/AccountController.cs
FN:17,System.Threading.Tasks.Task`1<FurnitureStore.Data.Models.User> FurnitureStore.Controllers.AccountController::GetCurrentUserAsync()
FNDA:0,System.Threading.Tasks.Task`1<FurnitureStore.Data.Models.User> FurnitureStore.Controllers.AccountController::GetCurrentUserAsync()
DA:18,0
FN:49,Microsoft.AspNetCore.Mvc.IActionResult FurnitureStore.Controllers.AccountController::Login()
FNDA:0,Microsoft.AspNetCore.Mvc.IActionResult FurnitureStore.Controllers.AccountController::Login()
DA:50,0
FN:87,Microsoft.AspNetCore.Mvc.IActionResult FurnitureStore.Controllers.AccountController::AccessDenied()
FNDA:0,Microsoft.AspNetCore.Mvc.IActionResult FurnitureStore.Controllers.AccountController::AccessDenied()
DA:88,0
FN:19,System.Void FurnitureStore.Controllers.AccountController::.ctor(Microsoft.Extensions.Logging.ILogger`1<FurnitureStore.Controllers.AccountController>,Microsoft.AspNetCore.Identity.UserManager`1<FurnitureStore.Data.Models.User>,Microsoft.AspNetCore.Identity.SignInManager`1<FurnitureStore.Data.Models.User>,FurnitureStore.Data.AppDbContext,Microsoft.AspNetCore.Identity.RoleManager`1<FurnitureStore.Data.Models.Role>)
FNDA:0,System.Void FurnitureStore.Controllers.AccountController::.ctor(Microsoft.Extensions.Logging.ILogger`1<FurnitureStore.Controllers.AccountController>,Microsoft.AspNetCore.Identity.UserManager`1<FurnitureStore.Data.Models.User>,Microsoft.AspNetCore.Identity.SignInManager`1<FurnitureStore.Data.Models.User>,FurnitureStore.Data.AppDbContext,Microsoft.AspNetCore.Identity.RoleManager`1<FurnitureStore.Data.Models.Role>)
DA:20,0
DA:21,0
DA:22,0
DA:23,0
DA:24,0
DA:25,0
DA:26,0
DA:27,0
DA:28,0
DA:29,0
DA:30,0
DA:31,0
DA:32,0
DA:33,0
FN:36,System.Void FurnitureStore.Controllers.AccountController/<Index>d__7::MoveNext()
FNDA:0,System.Void FurnitureStore.Controllers.AccountController/<Index>d__7::MoveNext()
DA:37,0
DA:38,0
DA:39,0
DA:40,0
DA:41,0
DA:42,0
DA:43,0
DA:45,0
DA:46,0
FN:54,System.Void FurnitureStore.Controllers.AccountController/<Login>d__9::MoveNext()
FNDA:0,System.Void FurnitureStore.Controllers.AccountController/<Login>d__9::MoveNext()
DA:55,0
DA:56,0
DA:57,0
DA:58,0
DA:59,0
DA:62,0
DA:63,0
DA:64,0
DA:65,0
DA:66,0
DA:67,0
DA:70,0
DA:71,0
DA:72,0
DA:74,0
DA:75,0
DA:76,0
DA:77,0
BRDA:56,50,0,0
BRDA:56,50,1,0
BRDA:63,248,0,0
BRDA:63,248,1,0
BRDA:71,486,0,0
BRDA:71,486,1,0
FN:80,System.Void FurnitureStore.Controllers.AccountController/<Logout>d__10::MoveNext()
FNDA:0,System.Void FurnitureStore.Controllers.AccountController/<Logout>d__10::MoveNext()
DA:81,0
DA:82,0
DA:83,0
DA:84,0
LF:48
LH:0
BRF:6
BRH:0
FNF:7
FNH:0
end_of_record
SF:/Users/yash/Documents/VS2022Projects/FurnitureStore/FurnitureStore/Controllers/CustomersCntroller.cs
FN:51,Microsoft.AspNetCore.Mvc.IActionResult FurnitureStore.Controllers.CustomersController::Create()
FNDA:0,Microsoft.AspNetCore.Mvc.IActionResult FurnitureStore.Controllers.CustomersController::Create()
DA:52,0
DA:53,0
DA:54,0
FN:160,System.Boolean FurnitureStore.Controllers.CustomersController::CustomerExists(System.Int32)
FNDA:0,System.Boolean FurnitureStore.Controllers.CustomersController::CustomerExists(System.Int32)
DA:161,0
DA:162,0
DA:163,0
BRDA:162,26,0,0
BRDA:162,26,1,0
FN:18,System.Void FurnitureStore.Controllers.CustomersController::.ctor(FurnitureStore.Data.AppDbContext)
FNDA:0,System.Void FurnitureStore.Controllers.CustomersController::.ctor(FurnitureStore.Data.AppDbContext)
DA:19,0
DA:20,0
DA:21,0
DA:22,0
FN:61,System.Void FurnitureStore.Controllers.CustomersController/<Create>d__5::MoveNext()
FNDA:0,System.Void FurnitureStore.Controllers.CustomersController/<Create>d__5::MoveNext()
DA:62,0
DA:63,0
DA:64,0
DA:65,0
DA:66,0
DA:67,0
DA:69,0
DA:70,0
BRDA:63,33,0,0
BRDA:63,33,1,0
FN:124,System.Void FurnitureStore.Controllers.CustomersController/<Delete>d__8::MoveNext()
FNDA:0,System.Void FurnitureStore.Controllers.CustomersController/<Delete>d__8::MoveNext()
DA:125,0
DA:126,0
DA:127,0
DA:128,0
DA:131,0
DA:132,0
DA:133,0
DA:134,0
DA:135,0
DA:138,0
DA:139,0
BRDA:126,62,0,0
BRDA:126,62,1,0
BRDA:126,88,0,0
BRDA:126,88,1,0
BRDA:133,383,0,0
BRDA:133,383,1,0
FN:144,System.Void FurnitureStore.Controllers.CustomersController/<DeleteConfirmed>d__9::MoveNext()
FNDA:0,System.Void FurnitureStore.Controllers.CustomersController/<DeleteConfirmed>d__9::MoveNext()
DA:145,0
DA:146,0
DA:147,0
DA:148,0
DA:150,0
DA:151,0
DA:152,0
DA:153,0
DA:154,0
DA:156,0
DA:157,0
DA:158,0
BRDA:146,50,0,0
BRDA:146,50,1,0
BRDA:151,263,0,0
BRDA:151,263,1,0
FN:33,System.Void FurnitureStore.Controllers.CustomersController/<Details>d__3::MoveNext()
FNDA:0,System.Void FurnitureStore.Controllers.CustomersController/<Details>d__3::MoveNext()
DA:34,0
DA:35,0
DA:36,0
DA:37,0
DA:40,0
DA:41,0
DA:42,0
DA:43,0
DA:44,0
DA:47,0
DA:48,0
BRDA:35,62,0,0
BRDA:35,62,1,0
BRDA:35,88,0,0
BRDA:35,88,1,0
BRDA:42,383,0,0
BRDA:42,383,1,0
FN:73,System.Void FurnitureStore.Controllers.CustomersController/<Edit>d__6::MoveNext()
FNDA:0,System.Void FurnitureStore.Controllers.CustomersController/<Edit>d__6::MoveNext()
DA:74,0
DA:75,0
DA:76,0
DA:77,0
DA:80,0
DA:81,0
DA:82,0
DA:83,0
DA:85,0
DA:86,0
BRDA:75,29,0,0
BRDA:75,29,1,0
BRDA:75,55,0,0
BRDA:75,55,1,0
BRDA:81,248,0,0
BRDA:81,248,1,0
FN:93,System.Void FurnitureStore.Controllers.CustomersController/<Edit>d__7::MoveNext()
FNDA:0,System.Void FurnitureStore.Controllers.CustomersController/<Edit>d__7::MoveNext()
DA:94,0
DA:95,0
DA:96,0
DA:97,0
DA:100,0
DA:101,0
DA:103,0
DA:104,0
DA:105,0
DA:106,0
DA:107,0
DA:108,0
DA:109,0
DA:110,0
DA:111,0
DA:114,0
DA:115,0
DA:118,0
DA:120,0
DA:121,0
BRDA:95,39,0,0
BRDA:95,39,1,0
BRDA:100,77,0,0
BRDA:109,269,0,0
BRDA:109,269,1,0
BRDA:100,77,1,0
FN:25,System.Void FurnitureStore.Controllers.CustomersController/<Index>d__2::MoveNext()
FNDA:0,System.Void FurnitureStore.Controllers.CustomersController/<Index>d__2::MoveNext()
DA:26,0
DA:27,0
DA:28,0
DA:29,0
DA:30,0
BRDA:27,31,0,0
BRDA:27,31,1,0
LF:87
LH:0
BRF:34
BRH:0
FNF:10
FNH:0
end_of_record
SF:/Users/yash/Documents/VS2022Projects/FurnitureStore/FurnitureStore/Controllers/HomeController.cs
FN:17,Microsoft.AspNetCore.Mvc.IActionResult FurnitureStore.Controllers.HomeController::Index()
FNDA:2,Microsoft.AspNetCore.Mvc.IActionResult FurnitureStore.Controllers.HomeController::Index()
DA:18,2
FN:21,Microsoft.AspNetCore.Mvc.IActionResult FurnitureStore.Controllers.HomeController::Error()
FNDA:0,Microsoft.AspNetCore.Mvc.IActionResult FurnitureStore.Controllers.HomeController::Error()
DA:22,0
DA:23,0
DA:24,0
BRDA:23,14,0,0
BRDA:23,14,1,0
BRDA:23,26,0,0
BRDA:23,26,1,0
FN:12,System.Void FurnitureStore.Controllers.HomeController::.ctor(Microsoft.Extensions.Logging.ILogger`1<FurnitureStore.Controllers.HomeController>)
FNDA:2,System.Void FurnitureStore.Controllers.HomeController::.ctor(Microsoft.Extensions.Logging.ILogger`1<FurnitureStore.Controllers.HomeController>)
DA:13,2
DA:14,2
DA:15,2
DA:16,2
LF:8
LH:5
BRF:4
BRH:0
FNF:3
FNH:2
end_of_record
SF:/Users/yash/Documents/VS2022Projects/FurnitureStore/FurnitureStore/Controllers/OrdersController.cs
FN:26,Microsoft.AspNetCore.Mvc.IActionResult FurnitureStore.Controllers.OrdersController::Index()
FNDA:0,Microsoft.AspNetCore.Mvc.IActionResult FurnitureStore.Controllers.OrdersController::Index()
DA:27,0
DA:28,0
DA:29,0
DA:30,0
DA:32,0
DA:33,0
DA:34,0
DA:35,0
DA:37,0
DA:38,0
FN:41,Microsoft.AspNetCore.Mvc.IActionResult FurnitureStore.Controllers.OrdersController::Index(FurnitureStore.ViewModel.OrderIndexViewModel)
FNDA:0,Microsoft.AspNetCore.Mvc.IActionResult FurnitureStore.Controllers.OrdersController::Index(FurnitureStore.ViewModel.OrderIndexViewModel)
DA:42,0
DA:43,0
DA:44,0
DA:45,0
DA:46,0
DA:48,0
DA:49,0
DA:50,0
DA:51,0
DA:52,0
DA:53,0
DA:54,0
DA:55,0
FN:77,Microsoft.AspNetCore.Mvc.IActionResult FurnitureStore.Controllers.OrdersController::Create()
FNDA:0,Microsoft.AspNetCore.Mvc.IActionResult FurnitureStore.Controllers.OrdersController::Create()
DA:78,0
DA:79,0
DA:80,0
DA:81,0
FN:191,System.Boolean FurnitureStore.Controllers.OrdersController::OrderExists(System.Int32)
FNDA:0,System.Boolean FurnitureStore.Controllers.OrdersController::OrderExists(System.Int32)
DA:192,0
DA:193,0
DA:194,0
BRDA:193,26,0,0
BRDA:193,26,1,0
FN:19,System.Void FurnitureStore.Controllers.OrdersController::.ctor(FurnitureStore.Data.AppDbContext)
FNDA:0,System.Void FurnitureStore.Controllers.OrdersController::.ctor(FurnitureStore.Data.AppDbContext)
DA:20,0
DA:21,0
DA:22,0
DA:23,0
FN:88,System.Void FurnitureStore.Controllers.OrdersController/<Create>d__6::MoveNext()
FNDA:0,System.Void FurnitureStore.Controllers.OrdersController/<Create>d__6::MoveNext()
DA:89,0
DA:90,0
DA:91,0
DA:92,0
DA:93,0
DA:94,0
DA:96,0
DA:97,0
DA:98,0
BRDA:90,36,0,0
BRDA:90,36,1,0
FN:154,System.Void FurnitureStore.Controllers.OrdersController/<Delete>d__9::MoveNext()
FNDA:0,System.Void FurnitureStore.Controllers.OrdersController/<Delete>d__9::MoveNext()
DA:155,0
DA:156,0
DA:157,0
DA:158,0
DA:161,0
DA:162,0
DA:163,0
DA:164,0
DA:165,0
DA:166,0
DA:169,0
DA:170,0
BRDA:156,62,0,0
BRDA:156,62,1,0
BRDA:156,88,0,0
BRDA:156,88,1,0
BRDA:164,448,0,0
BRDA:164,448,1,0
FN:175,System.Void FurnitureStore.Controllers.OrdersController/<DeleteConfirmed>d__10::MoveNext()
FNDA:0,System.Void FurnitureStore.Controllers.OrdersController/<DeleteConfirmed>d__10::MoveNext()
DA:176,0
DA:177,0
DA:178,0
DA:179,0
DA:181,0
DA:182,0
DA:183,0
DA:184,0
DA:185,0
DA:187,0
DA:188,0
DA:189,0
BRDA:177,50,0,0
BRDA:177,50,1,0
BRDA:182,263,0,0
BRDA:182,263,1,0
FN:58,System.Void FurnitureStore.Controllers.OrdersController/<Details>d__4::MoveNext()
FNDA:0,System.Void FurnitureStore.Controllers.OrdersController/<Details>d__4::MoveNext()
DA:59,0
DA:60,0
DA:61,0
DA:62,0
DA:65,0
DA:66,0
DA:67,0
DA:68,0
DA:69,0
DA:70,0
DA:73,0
DA:74,0
BRDA:60,62,0,0
BRDA:60,62,1,0
BRDA:60,88,0,0
BRDA:60,88,1,0
BRDA:68,448,0,0
BRDA:68,448,1,0
FN:101,System.Void FurnitureStore.Controllers.OrdersController/<Edit>d__7::MoveNext()
FNDA:0,System.Void FurnitureStore.Controllers.OrdersController/<Edit>d__7::MoveNext()
DA:102,0
DA:103,0
DA:104,0
DA:105,0
DA:108,0
DA:109,0
DA:110,0
DA:111,0
DA:113,0
DA:114,0
DA:115,0
BRDA:103,29,0,0
BRDA:103,29,1,0
BRDA:103,55,0,0
BRDA:103,55,1,0
BRDA:109,248,0,0
BRDA:109,248,1,0
FN:122,System.Void FurnitureStore.Controllers.OrdersController/<Edit>d__8::MoveNext()
FNDA:0,System.Void FurnitureStore.Controllers.OrdersController/<Edit>d__8::MoveNext()
DA:123,0
DA:124,0
DA:125,0
DA:126,0
DA:129,0
DA:130,0
DA:132,0
DA:133,0
DA:134,0
DA:135,0
DA:136,0
DA:137,0
DA:138,0
DA:139,0
DA:140,0
DA:143,0
DA:144,0
DA:147,0
DA:149,0
DA:150,0
DA:151,0
BRDA:124,39,0,0
BRDA:124,39,1,0
BRDA:129,77,0,0
BRDA:138,269,0,0
BRDA:138,269,1,0
BRDA:129,77,1,0
LF:111
LH:0
BRF:32
BRH:0
FNF:11
FNH:0
end_of_record
SF:/Users/yash/Documents/VS2022Projects/FurnitureStore/FurnitureStore/Controllers/ProductsController.cs
FN:37,Microsoft.AspNetCore.Mvc.IActionResult FurnitureStore.Controllers.ProductsController::Index()
FNDA:1,Microsoft.AspNetCore.Mvc.IActionResult FurnitureStore.Controllers.ProductsController::Index()
DA:38,1
DA:39,1
DA:40,1
DA:41,1
DA:43,1
DA:44,1
DA:45,1
DA:46,1
DA:48,1
DA:49,1
FN:53,Microsoft.AspNetCore.Mvc.IActionResult FurnitureStore.Controllers.ProductsController::Index(FurnitureStore.ViewModels.ProductIndexViewModel)
FNDA:0,Microsoft.AspNetCore.Mvc.IActionResult FurnitureStore.Controllers.ProductsController::Index(FurnitureStore.ViewModels.ProductIndexViewModel)
DA:54,0
DA:55,0
DA:56,0
DA:58,0
DA:59,0
DA:60,0
DA:61,0
DA:62,0
DA:63,0
DA:64,0
DA:65,0
DA:66,0
DA:67,0
DA:68,0
DA:69,0
DA:70,0
DA:71,0
DA:72,0
DA:73,0
DA:74,0
DA:75,0
DA:76,0
DA:77,0
DA:78,0
DA:79,0
DA:80,0
DA:81,0
DA:82,0
DA:83,0
DA:84,0
DA:85,0
DA:87,0
DA:88,0
DA:89,0
DA:90,0
DA:91,0
DA:92,0
BRDA:58,30,0,0
BRDA:58,30,1,0
BRDA:60,68,0,0
BRDA:60,81,0,0
BRDA:60,68,1,0
BRDA:60,81,1,0
BRDA:60,97,1,0
BRDA:60,97,0,0
BRDA:58,43,1,0
BRDA:69,919,0,0
BRDA:69,932,0,0
BRDA:69,919,1,0
BRDA:69,932,1,0
BRDA:69,948,1,0
BRDA:69,948,0,0
BRDA:58,43,0,0
FN:115,Microsoft.AspNetCore.Mvc.IActionResult FurnitureStore.Controllers.ProductsController::Create()
FNDA:1,Microsoft.AspNetCore.Mvc.IActionResult FurnitureStore.Controllers.ProductsController::Create()
DA:116,1
DA:119,1
DA:120,1
FN:303,Microsoft.AspNetCore.Mvc.IActionResult FurnitureStore.Controllers.ProductsController::ExportData(FurnitureStore.ViewModels.ProductIndexViewModel)
FNDA:0,Microsoft.AspNetCore.Mvc.IActionResult FurnitureStore.Controllers.ProductsController::ExportData(FurnitureStore.ViewModels.ProductIndexViewModel)
DA:304,0
DA:305,0
DA:306,0
DA:307,0
DA:309,0
DA:312,0
DA:313,0
DA:322,0
DA:323,0
DA:324,0
DA:334,0
DA:335,0
DA:336,0
DA:337,0
DA:338,0
DA:339,0
DA:340,0
DA:342,0
DA:345,0
DA:346,0
DA:347,0
DA:348,0
DA:349,0
DA:356,0
DA:357,0
DA:358,0
DA:359,0
DA:360,0
DA:361,0
DA:362,0
DA:363,0
DA:364,0
DA:371,0
DA:372,0
DA:373,0
DA:374,0
DA:375,0
DA:376,0
DA:377,0
DA:379,0
DA:380,0
DA:381,0
DA:382,0
DA:383,0
DA:384,0
DA:389,0
DA:390,0
DA:391,0
DA:392,0
DA:393,0
DA:394,0
DA:395,0
DA:396,0
DA:397,0
DA:398,0
DA:399,0
DA:400,0
DA:401,0
DA:402,0
DA:403,0
DA:405,0
DA:406,0
DA:408,0
DA:410,0
DA:412,0
BRDA:309,157,0,0
BRDA:309,170,0,0
BRDA:309,157,1,0
BRDA:323,429,1,0
BRDA:323,429,0,0
BRDA:309,170,1,0
BRDA:362,842,1,0
BRDA:362,842,0,0
BRDA:309,186,1,0
BRDA:309,186,0,0
FN:414,System.Boolean FurnitureStore.Controllers.ProductsController::ProductExists(System.Int32)
FNDA:0,System.Boolean FurnitureStore.Controllers.ProductsController::ProductExists(System.Int32)
DA:415,0
DA:416,0
DA:417,0
BRDA:416,26,0,0
BRDA:416,26,1,0
FN:420,Microsoft.AspNetCore.Mvc.IActionResult FurnitureStore.Controllers.ProductsController::Error()
FNDA:0,Microsoft.AspNetCore.Mvc.IActionResult FurnitureStore.Controllers.ProductsController::Error()
DA:421,0
DA:422,0
DA:423,0
BRDA:422,14,0,0
BRDA:422,14,1,0
BRDA:422,26,0,0
BRDA:422,26,1,0
FN:23,System.Void FurnitureStore.Controllers.ProductsController::.ctor(FurnitureStore.Data.AppDbContext,Microsoft.Extensions.Logging.ILogger`1<FurnitureStore.Controllers.ProductsController>,Microsoft.AspNetCore.Hosting.IWebHostEnvironment)
FNDA:8,System.Void FurnitureStore.Controllers.ProductsController::.ctor(FurnitureStore.Data.AppDbContext,Microsoft.Extensions.Logging.ILogger`1<FurnitureStore.Controllers.ProductsController>,Microsoft.AspNetCore.Hosting.IWebHostEnvironment)
DA:24,8
DA:25,8
DA:26,8
DA:27,8
DA:28,8
DA:29,8
DA:30,8
DA:31,8
DA:32,8
DA:33,8
FN:130,System.Void FurnitureStore.Controllers.ProductsController/<Create>d__8::MoveNext()
FNDA:1,System.Void FurnitureStore.Controllers.ProductsController/<Create>d__8::MoveNext()
DA:131,1
DA:132,1
DA:137,1
DA:138,1
DA:139,0
DA:141,0
DA:142,0
DA:143,0
DA:144,0
DA:145,0
DA:147,0
DA:150,0
DA:151,0
DA:152,0
DA:154,0
DA:155,0
DA:156,0
DA:157,0
DA:159,0
DA:160,0
DA:161,0
DA:162,0
DA:163,0
DA:165,0
DA:166,0
DA:167,0
DA:170,1
DA:171,1
DA:172,1
DA:173,1
DA:174,1
DA:175,1
DA:176,1
DA:177,1
DA:179,1
DA:180,1
DA:182,1
DA:185,1
BRDA:132,91,0,0
BRDA:132,91,1,1
BRDA:138,139,0,1
BRDA:138,139,1,0
BRDA:138,155,0,0
BRDA:151,280,0,0
BRDA:151,280,1,0
BRDA:159,442,0,0
BRDA:159,442,1,0
BRDA:138,155,1,1
FN:260,System.Void FurnitureStore.Controllers.ProductsController/<Delete>d__11::MoveNext()
FNDA:4,System.Void FurnitureStore.Controllers.ProductsController/<Delete>d__11::MoveNext()
DA:261,4
DA:262,4
DA:263,0
DA:264,0
DA:267,4
DA:268,4
DA:269,4
DA:270,4
DA:272,4
DA:273,3
DA:274,3
DA:277,1
DA:278,1
DA:279,1
DA:280,4
BRDA:262,73,0,4
BRDA:262,73,1,0
BRDA:262,99,0,0
BRDA:262,99,1,4
BRDA:272,524,0,3
BRDA:272,524,1,1
FN:285,System.Void FurnitureStore.Controllers.ProductsController/<DeleteConfirmed>d__12::MoveNext()
FNDA:0,System.Void FurnitureStore.Controllers.ProductsController/<DeleteConfirmed>d__12::MoveNext()
DA:286,0
DA:287,0
DA:288,0
DA:289,0
DA:292,0
DA:293,0
DA:294,0
DA:295,0
DA:296,0
DA:298,0
DA:299,0
DA:300,0
BRDA:287,50,0,0
BRDA:287,50,1,0
BRDA:293,263,0,0
BRDA:293,263,1,0
FN:95,System.Void FurnitureStore.Controllers.ProductsController/<Details>d__6::MoveNext()
FNDA:3,System.Void FurnitureStore.Controllers.ProductsController/<Details>d__6::MoveNext()
DA:96,3
DA:97,3
DA:98,0
DA:99,0
DA:102,3
DA:103,3
DA:104,3
DA:105,3
DA:106,3
DA:107,2
DA:108,2
DA:111,1
DA:112,3
BRDA:97,62,0,3
BRDA:97,62,1,0
BRDA:97,88,0,0
BRDA:97,88,1,3
BRDA:106,513,0,2
BRDA:106,513,1,1
FN:215,System.Void FurnitureStore.Controllers.ProductsController/<Edit>d__10::MoveNext()
FNDA:1,System.Void FurnitureStore.Controllers.ProductsController/<Edit>d__10::MoveNext()
DA:216,1
DA:249,1
DA:250,0
DA:251,0
DA:252,0
DA:253,0
DA:256,1
DA:257,1
BRDA:249,34,0,0
BRDA:249,34,1,1
FN:188,System.Void FurnitureStore.Controllers.ProductsController/<Edit>d__9::MoveNext()
FNDA:0,System.Void FurnitureStore.Controllers.ProductsController/<Edit>d__9::MoveNext()
DA:189,0
DA:190,0
DA:191,0
DA:192,0
DA:195,0
DA:196,0
DA:197,0
DA:198,0
DA:203,0
DA:204,0
BRDA:190,29,0,0
BRDA:190,29,1,0
BRDA:190,55,0,0
BRDA:190,55,1,0
BRDA:196,248,0,0
BRDA:196,248,1,0
LF:227
LH:67
BRF:66
BRH:12
FNF:13
FNH:7
end_of_record
SF:/Users/yash/Documents/VS2022Projects/FurnitureStore/FurnitureStore/Controllers/ReportsController.cs
FN:25,Microsoft.AspNetCore.Mvc.IActionResult FurnitureStore.Controllers.ReportsController::Index()
FNDA:0,Microsoft.AspNetCore.Mvc.IActionResult FurnitureStore.Controllers.ReportsController::Index()
DA:26,0
FN:29,Microsoft.AspNetCore.Mvc.IActionResult FurnitureStore.Controllers.ReportsController::Error()
FNDA:0,Microsoft.AspNetCore.Mvc.IActionResult FurnitureStore.Controllers.ReportsController::Error()
DA:30,0
DA:31,0
DA:32,0
BRDA:31,14,0,0
BRDA:31,14,1,0
BRDA:31,26,0,0
BRDA:31,26,1,0
FN:19,System.Void FurnitureStore.Controllers.ReportsController::.ctor(FurnitureStore.Data.AppDbContext,Microsoft.Extensions.Logging.ILogger`1<FurnitureStore.Controllers.ReportsController>)
FNDA:0,System.Void FurnitureStore.Controllers.ReportsController::.ctor(FurnitureStore.Data.AppDbContext,Microsoft.Extensions.Logging.ILogger`1<FurnitureStore.Controllers.ReportsController>)
DA:20,0
DA:21,0
DA:22,0
DA:23,0
DA:24,0
LF:9
LH:0
BRF:4
BRH:0
FNF:3
FNH:0
end_of_record