<?xml version="1.0" encoding="utf-8"?>
<CoverageSession>
  <Summary numSequencePoints="2847" visitedSequencePoints="93" numBranchPoints="600" visitedBranchPoints="12" sequenceCoverage="3.26" branchCoverage="2" maxCyclomaticComplexity="694" minCyclomaticComplexity="694" visitedClasses="11" numClasses="82" visitedMethods="30" numMethods="164" />
  <Modules>
    <Module hash="3C79456B-E9A3-4D3F-8CED-A764967A9DAD">
      <ModulePath>FurnitureStore.dll</ModulePath>
      <ModuleTime>2022-11-08T02:19:18</ModuleTime>
      <ModuleName>FurnitureStore</ModuleName>
      <Files>
        <File uid="1" fullPath="/Users/yash/Documents/VS2022Projects/FurnitureStore/FurnitureStore/Program.cs" />
        <File uid="2" fullPath="/Users/yash/Documents/VS2022Projects/FurnitureStore/FurnitureStore/Views/Account/Index.cshtml" />
        <File uid="3" fullPath="/Users/yash/Documents/VS2022Projects/FurnitureStore/FurnitureStore/Views/Account/Login.cshtml" />
        <File uid="4" fullPath="/Users/yash/Documents/VS2022Projects/FurnitureStore/FurnitureStore/Views/Customers/Create.cshtml" />
        <File uid="5" fullPath="/Users/yash/Documents/VS2022Projects/FurnitureStore/FurnitureStore/Views/Customers/Delete.cshtml" />
        <File uid="6" fullPath="/Users/yash/Documents/VS2022Projects/FurnitureStore/FurnitureStore/Views/Customers/Details.cshtml" />
        <File uid="7" fullPath="/Users/yash/Documents/VS2022Projects/FurnitureStore/FurnitureStore/Views/Customers/Edit.cshtml" />
        <File uid="8" fullPath="/Users/yash/Documents/VS2022Projects/FurnitureStore/FurnitureStore/Views/Customers/Index.cshtml" />
        <File uid="9" fullPath="/Users/yash/Documents/VS2022Projects/FurnitureStore/FurnitureStore/Views/Home/Index.cshtml" />
        <File uid="10" fullPath="/Users/yash/Documents/VS2022Projects/FurnitureStore/FurnitureStore/Views/Orders/Create.cshtml" />
        <File uid="11" fullPath="/Users/yash/Documents/VS2022Projects/FurnitureStore/FurnitureStore/Views/Orders/Delete.cshtml" />
        <File uid="12" fullPath="/Users/yash/Documents/VS2022Projects/FurnitureStore/FurnitureStore/Views/Orders/Details.cshtml" />
        <File uid="13" fullPath="/Users/yash/Documents/VS2022Projects/FurnitureStore/FurnitureStore/Views/Orders/Edit.cshtml" />
        <File uid="14" fullPath="/Users/yash/Documents/VS2022Projects/FurnitureStore/FurnitureStore/Views/Orders/Index.cshtml" />
        <File uid="15" fullPath="/Users/yash/Documents/VS2022Projects/FurnitureStore/FurnitureStore/Views/Products/Create.cshtml" />
        <File uid="16" fullPath="/Users/yash/Documents/VS2022Projects/FurnitureStore/FurnitureStore/Views/Products/Delete.cshtml" />
        <File uid="17" fullPath="/Users/yash/Documents/VS2022Projects/FurnitureStore/FurnitureStore/Views/Products/Details.cshtml" />
        <File uid="18" fullPath="/Users/yash/Documents/VS2022Projects/FurnitureStore/FurnitureStore/Views/Products/Edit.cshtml" />
        <File uid="19" fullPath="/Users/yash/Documents/VS2022Projects/FurnitureStore/FurnitureStore/Views/Products/Index.cshtml" />
        <File uid="20" fullPath="/Users/yash/Documents/VS2022Projects/FurnitureStore/FurnitureStore/Views/Reports/Index.cshtml" />
        <File uid="21" fullPath="/Users/yash/Documents/VS2022Projects/FurnitureStore/FurnitureStore/Views/Shared/Error.cshtml" />
        <File uid="22" fullPath="/Users/yash/Documents/VS2022Projects/FurnitureStore/FurnitureStore/Views/Shared/_HeaderNav.cshtml" />
        <File uid="23" fullPath="/Users/yash/Documents/VS2022Projects/FurnitureStore/FurnitureStore/Views/Shared/_Layout.cshtml" />
        <File uid="24" fullPath="/Users/yash/Documents/VS2022Projects/FurnitureStore/FurnitureStore/Views/_ViewStart.cshtml" />
        <File uid="25" fullPath="/Users/yash/Documents/VS2022Projects/FurnitureStore/FurnitureStore/ViewModels/OrderIndexViewModel.cs" />
        <File uid="26" fullPath="/Users/yash/Documents/VS2022Projects/FurnitureStore/FurnitureStore/ViewModels/AccountIndexViewModel.cs" />
        <File uid="27" fullPath="/Users/yash/Documents/VS2022Projects/FurnitureStore/FurnitureStore/ViewModels/ErrorViewModel.cs" />
        <File uid="28" fullPath="/Users/yash/Documents/VS2022Projects/FurnitureStore/FurnitureStore/ViewModels/ProductIndexViewModel.cs" />
        <File uid="29" fullPath="/Users/yash/Documents/VS2022Projects/FurnitureStore/FurnitureStore/Migrations/20221104233503_Initial.cs" />
        <File uid="30" fullPath="/Users/yash/Documents/VS2022Projects/FurnitureStore/FurnitureStore/Migrations/20221104233503_Initial.Designer.cs" />
        <File uid="31" fullPath="/Users/yash/Documents/VS2022Projects/FurnitureStore/FurnitureStore/Migrations/AppDbContextModelSnapshot.cs" />
        <File uid="32" fullPath="/Users/yash/Documents/VS2022Projects/FurnitureStore/FurnitureStore/Data/AppDbContext.cs" />
        <File uid="33" fullPath="/Users/yash/Documents/VS2022Projects/FurnitureStore/FurnitureStore/Data/DbObjects.cs" />
        <File uid="34" fullPath="/Users/yash/Documents/VS2022Projects/FurnitureStore/FurnitureStore/Data/Models/Customer.cs" />
        <File uid="35" fullPath="/Users/yash/Documents/VS2022Projects/FurnitureStore/FurnitureStore/Data/Models/Image.cs" />
        <File uid="36" fullPath="/Users/yash/Documents/VS2022Projects/FurnitureStore/FurnitureStore/Data/Models/Order.cs" />
        <File uid="37" fullPath="/Users/yash/Documents/VS2022Projects/FurnitureStore/FurnitureStore/Data/Models/Product.cs" />
        <File uid="38" fullPath="/Users/yash/Documents/VS2022Projects/FurnitureStore/FurnitureStore/Data/Models/Storage.cs" />
        <File uid="39" fullPath="/Users/yash/Documents/VS2022Projects/FurnitureStore/FurnitureStore/Data/Models/User.cs" />
        <File uid="40" fullPath="/Users/yash/Documents/VS2022Projects/FurnitureStore/FurnitureStore/Data/Models/Worker.cs" />
        <File uid="41" fullPath="/Users/yash/Documents/VS2022Projects/FurnitureStore/FurnitureStore/Controllers/AccountController.cs" />
        <File uid="42" fullPath="/Users/yash/Documents/VS2022Projects/FurnitureStore/FurnitureStore/Controllers/CustomersCntroller.cs" />
        <File uid="43" fullPath="/Users/yash/Documents/VS2022Projects/FurnitureStore/FurnitureStore/Controllers/HomeController.cs" />
        <File uid="44" fullPath="/Users/yash/Documents/VS2022Projects/FurnitureStore/FurnitureStore/Controllers/OrdersController.cs" />
        <File uid="45" fullPath="/Users/yash/Documents/VS2022Projects/FurnitureStore/FurnitureStore/Controllers/ProductsController.cs" />
        <File uid="46" fullPath="/Users/yash/Documents/VS2022Projects/FurnitureStore/FurnitureStore/Controllers/ReportsController.cs" />
      </Files>
      <Classes>
        <Class>
          <Summary numSequencePoints="60" visitedSequencePoints="0" numBranchPoints="4" visitedBranchPoints="0" sequenceCoverage="0" branchCoverage="0" maxCyclomaticComplexity="4" minCyclomaticComplexity="4" visitedClasses="0" numClasses="1" visitedMethods="0" numMethods="1" />
          <FullName>Program</FullName>
          <Methods>
            <Method cyclomaticComplexity="4" nPathComplexity="4" sequenceCoverage="0" branchCoverage="0" isConstructor="False" isGetter="False" isSetter="False" isStatic="True">
              <Summary numSequencePoints="60" visitedSequencePoints="0" numBranchPoints="4" visitedBranchPoints="0" sequenceCoverage="0" branchCoverage="0" maxCyclomaticComplexity="4" minCyclomaticComplexity="4" visitedClasses="0" numClasses="0" visitedMethods="0" numMethods="1" />
              <MetadataToken />
              <Name>System.Void Program::&lt;Main&gt;$(System.String[])</Name>
              <FileRef uid="1" />
              <SequencePoints>
                <SequencePoint vc="0" uspid="7" ordinal="0" sl="7" sc="1" el="7" ec="2" bec="0" bev="0" fileid="1" />
                <SequencePoint vc="0" uspid="10" ordinal="1" sl="10" sc="1" el="10" ec="2" bec="0" bev="0" fileid="1" />
                <SequencePoint vc="0" uspid="13" ordinal="2" sl="13" sc="1" el="13" ec="2" bec="0" bev="0" fileid="1" />
                <SequencePoint vc="0" uspid="14" ordinal="3" sl="14" sc="1" el="14" ec="2" bec="0" bev="0" fileid="1" />
                <SequencePoint vc="0" uspid="15" ordinal="4" sl="15" sc="1" el="15" ec="2" bec="0" bev="0" fileid="1" />
                <SequencePoint vc="0" uspid="16" ordinal="5" sl="16" sc="1" el="16" ec="2" bec="0" bev="0" fileid="1" />
                <SequencePoint vc="0" uspid="17" ordinal="6" sl="17" sc="1" el="17" ec="2" bec="0" bev="0" fileid="1" />
                <SequencePoint vc="0" uspid="18" ordinal="7" sl="18" sc="1" el="18" ec="2" bec="0" bev="0" fileid="1" />
                <SequencePoint vc="0" uspid="19" ordinal="8" sl="19" sc="1" el="19" ec="2" bec="0" bev="0" fileid="1" />
                <SequencePoint vc="0" uspid="20" ordinal="9" sl="20" sc="1" el="20" ec="2" bec="0" bev="0" fileid="1" />
                <SequencePoint vc="0" uspid="21" ordinal="10" sl="21" sc="1" el="21" ec="2" bec="0" bev="0" fileid="1" />
                <SequencePoint vc="0" uspid="22" ordinal="11" sl="22" sc="1" el="22" ec="2" bec="0" bev="0" fileid="1" />
                <SequencePoint vc="0" uspid="23" ordinal="12" sl="23" sc="1" el="23" ec="2" bec="0" bev="0" fileid="1" />
                <SequencePoint vc="0" uspid="24" ordinal="13" sl="24" sc="1" el="24" ec="2" bec="0" bev="0" fileid="1" />
                <SequencePoint vc="0" uspid="25" ordinal="14" sl="25" sc="1" el="25" ec="2" bec="0" bev="0" fileid="1" />
                <SequencePoint vc="0" uspid="26" ordinal="15" sl="26" sc="1" el="26" ec="2" bec="0" bev="0" fileid="1" />
                <SequencePoint vc="0" uspid="27" ordinal="16" sl="27" sc="1" el="27" ec="2" bec="0" bev="0" fileid="1" />
                <SequencePoint vc="0" uspid="28" ordinal="17" sl="28" sc="1" el="28" ec="2" bec="0" bev="0" fileid="1" />
                <SequencePoint vc="0" uspid="29" ordinal="18" sl="29" sc="1" el="29" ec="2" bec="0" bev="0" fileid="1" />
                <SequencePoint vc="0" uspid="32" ordinal="19" sl="32" sc="1" el="32" ec="2" bec="0" bev="0" fileid="1" />
                <SequencePoint vc="0" uspid="33" ordinal="20" sl="33" sc="1" el="33" ec="2" bec="0" bev="0" fileid="1" />
                <SequencePoint vc="0" uspid="34" ordinal="21" sl="34" sc="1" el="34" ec="2" bec="0" bev="0" fileid="1" />
                <SequencePoint vc="0" uspid="35" ordinal="22" sl="35" sc="1" el="35" ec="2" bec="0" bev="0" fileid="1" />
                <SequencePoint vc="0" uspid="36" ordinal="23" sl="36" sc="1" el="36" ec="2" bec="0" bev="0" fileid="1" />
                <SequencePoint vc="0" uspid="39" ordinal="24" sl="39" sc="1" el="39" ec="2" bec="0" bev="0" fileid="1" />
                <SequencePoint vc="0" uspid="40" ordinal="25" sl="40" sc="1" el="40" ec="2" bec="0" bev="0" fileid="1" />
                <SequencePoint vc="0" uspid="41" ordinal="26" sl="41" sc="1" el="41" ec="2" bec="0" bev="0" fileid="1" />
                <SequencePoint vc="0" uspid="42" ordinal="27" sl="42" sc="1" el="42" ec="2" bec="0" bev="0" fileid="1" />
                <SequencePoint vc="0" uspid="43" ordinal="28" sl="43" sc="1" el="43" ec="2" bec="0" bev="0" fileid="1" />
                <SequencePoint vc="0" uspid="44" ordinal="29" sl="44" sc="1" el="44" ec="2" bec="0" bev="0" fileid="1" />
                <SequencePoint vc="0" uspid="45" ordinal="30" sl="45" sc="1" el="45" ec="2" bec="0" bev="0" fileid="1" />
                <SequencePoint vc="0" uspid="46" ordinal="31" sl="46" sc="1" el="46" ec="2" bec="0" bev="0" fileid="1" />
                <SequencePoint vc="0" uspid="47" ordinal="32" sl="47" sc="1" el="47" ec="2" bec="2" bev="0" fileid="1" />
                <SequencePoint vc="0" uspid="48" ordinal="33" sl="48" sc="1" el="48" ec="2" bec="0" bev="0" fileid="1" />
                <SequencePoint vc="0" uspid="49" ordinal="34" sl="49" sc="1" el="49" ec="2" bec="0" bev="0" fileid="1" />
                <SequencePoint vc="0" uspid="50" ordinal="35" sl="50" sc="1" el="50" ec="2" bec="0" bev="0" fileid="1" />
                <SequencePoint vc="0" uspid="52" ordinal="36" sl="52" sc="1" el="52" ec="2" bec="0" bev="0" fileid="1" />
                <SequencePoint vc="0" uspid="54" ordinal="37" sl="54" sc="1" el="54" ec="2" bec="0" bev="0" fileid="1" />
                <SequencePoint vc="0" uspid="57" ordinal="38" sl="57" sc="1" el="57" ec="2" bec="2" bev="0" fileid="1" />
                <SequencePoint vc="0" uspid="58" ordinal="39" sl="58" sc="1" el="58" ec="2" bec="0" bev="0" fileid="1" />
                <SequencePoint vc="0" uspid="59" ordinal="40" sl="59" sc="1" el="59" ec="2" bec="0" bev="0" fileid="1" />
                <SequencePoint vc="0" uspid="61" ordinal="41" sl="61" sc="1" el="61" ec="2" bec="0" bev="0" fileid="1" />
                <SequencePoint vc="0" uspid="64" ordinal="42" sl="64" sc="1" el="64" ec="2" bec="0" bev="0" fileid="1" />
                <SequencePoint vc="0" uspid="65" ordinal="43" sl="65" sc="1" el="65" ec="2" bec="0" bev="0" fileid="1" />
                <SequencePoint vc="0" uspid="66" ordinal="44" sl="66" sc="1" el="66" ec="2" bec="0" bev="0" fileid="1" />
                <SequencePoint vc="0" uspid="68" ordinal="45" sl="68" sc="1" el="68" ec="2" bec="0" bev="0" fileid="1" />
                <SequencePoint vc="0" uspid="69" ordinal="46" sl="69" sc="1" el="69" ec="2" bec="0" bev="0" fileid="1" />
                <SequencePoint vc="0" uspid="71" ordinal="47" sl="71" sc="1" el="71" ec="2" bec="0" bev="0" fileid="1" />
                <SequencePoint vc="0" uspid="73" ordinal="48" sl="73" sc="1" el="73" ec="2" bec="0" bev="0" fileid="1" />
                <SequencePoint vc="0" uspid="74" ordinal="49" sl="74" sc="1" el="74" ec="2" bec="0" bev="0" fileid="1" />
                <SequencePoint vc="0" uspid="76" ordinal="50" sl="76" sc="1" el="76" ec="2" bec="0" bev="0" fileid="1" />
                <SequencePoint vc="0" uspid="77" ordinal="51" sl="77" sc="1" el="77" ec="2" bec="0" bev="0" fileid="1" />
                <SequencePoint vc="0" uspid="78" ordinal="52" sl="78" sc="1" el="78" ec="2" bec="0" bev="0" fileid="1" />
                <SequencePoint vc="0" uspid="80" ordinal="53" sl="80" sc="1" el="80" ec="2" bec="0" bev="0" fileid="1" />
                <SequencePoint vc="0" uspid="81" ordinal="54" sl="81" sc="1" el="81" ec="2" bec="0" bev="0" fileid="1" />
                <SequencePoint vc="0" uspid="82" ordinal="55" sl="82" sc="1" el="82" ec="2" bec="0" bev="0" fileid="1" />
                <SequencePoint vc="0" uspid="83" ordinal="56" sl="83" sc="1" el="83" ec="2" bec="0" bev="0" fileid="1" />
                <SequencePoint vc="0" uspid="84" ordinal="57" sl="84" sc="1" el="84" ec="2" bec="0" bev="0" fileid="1" />
                <SequencePoint vc="0" uspid="85" ordinal="58" sl="85" sc="1" el="85" ec="2" bec="0" bev="0" fileid="1" />
                <SequencePoint vc="0" uspid="87" ordinal="59" sl="87" sc="1" el="87" ec="2" bec="0" bev="0" fileid="1" />
              </SequencePoints>
              <BranchPoints>
                <BranchPoint vc="0" uspid="57" ordinal="0" path="0" offset="248" offsetend="250" sl="57" fileid="1" />
                <BranchPoint vc="0" uspid="57" ordinal="1" path="1" offset="248" offsetend="285" sl="57" fileid="1" />
                <BranchPoint vc="0" uspid="47" ordinal="0" path="0" offset="21" offsetend="23" sl="47" fileid="1" />
                <BranchPoint vc="0" uspid="47" ordinal="1" path="1" offset="21" offsetend="46" sl="47" fileid="1" />
              </BranchPoints>
              <MethodPoint vc="0" uspid="0" p8:type="SequencePoint" ordinal="0" offset="0" sc="0" sl="7" ec="1" el="87" bec="0" bev="0" fileid="1" xmlns:p8="xsi" />
            </Method>
          </Methods>
        </Class>
        <Class>
          <Summary numSequencePoints="6" visitedSequencePoints="0" numBranchPoints="4" visitedBranchPoints="0" sequenceCoverage="0" branchCoverage="0" maxCyclomaticComplexity="4" minCyclomaticComplexity="4" visitedClasses="0" numClasses="1" visitedMethods="0" numMethods="1" />
          <FullName>AspNetCoreGeneratedDocument.Views_Account_Index/&lt;ExecuteAsync&gt;d__16</FullName>
          <Methods>
            <Method cyclomaticComplexity="4" nPathComplexity="4" sequenceCoverage="0" branchCoverage="0" isConstructor="False" isGetter="False" isSetter="False" isStatic="True">
              <Summary numSequencePoints="6" visitedSequencePoints="0" numBranchPoints="4" visitedBranchPoints="0" sequenceCoverage="0" branchCoverage="0" maxCyclomaticComplexity="4" minCyclomaticComplexity="4" visitedClasses="0" numClasses="0" visitedMethods="0" numMethods="1" />
              <MetadataToken />
              <Name>System.Void AspNetCoreGeneratedDocument.Views_Account_Index/&lt;ExecuteAsync&gt;d__16::MoveNext()</Name>
              <FileRef uid="2" />
              <SequencePoints>
                <SequencePoint vc="0" uspid="4" ordinal="0" sl="4" sc="1" el="4" ec="2" bec="2" bev="0" fileid="2" />
                <SequencePoint vc="0" uspid="11" ordinal="1" sl="11" sc="1" el="11" ec="2" bec="0" bev="0" fileid="2" />
                <SequencePoint vc="0" uspid="12" ordinal="2" sl="12" sc="1" el="12" ec="2" bec="0" bev="0" fileid="2" />
                <SequencePoint vc="0" uspid="16" ordinal="3" sl="16" sc="1" el="16" ec="2" bec="0" bev="0" fileid="2" />
                <SequencePoint vc="0" uspid="20" ordinal="4" sl="20" sc="1" el="20" ec="2" bec="0" bev="0" fileid="2" />
                <SequencePoint vc="0" uspid="24" ordinal="5" sl="24" sc="1" el="24" ec="2" bec="2" bev="0" fileid="2" />
              </SequencePoints>
              <BranchPoints>
                <BranchPoint vc="0" uspid="4" ordinal="0" path="0" offset="485" offsetend="487" sl="4" fileid="2" />
                <BranchPoint vc="0" uspid="4" ordinal="1" path="1" offset="485" offsetend="598" sl="4" fileid="2" />
                <BranchPoint vc="0" uspid="24" ordinal="2" path="0" offset="1638" offsetend="1640" sl="24" fileid="2" />
                <BranchPoint vc="0" uspid="24" ordinal="3" path="1" offset="1638" offsetend="1751" sl="24" fileid="2" />
              </BranchPoints>
              <MethodPoint vc="0" uspid="0" p8:type="SequencePoint" ordinal="0" offset="0" sc="0" sl="4" ec="1" el="24" bec="0" bev="0" fileid="2" xmlns:p8="xsi" />
            </Method>
          </Methods>
        </Class>
        <Class>
          <Summary numSequencePoints="5" visitedSequencePoints="0" numBranchPoints="12" visitedBranchPoints="0" sequenceCoverage="0" branchCoverage="0" maxCyclomaticComplexity="12" minCyclomaticComplexity="12" visitedClasses="0" numClasses="1" visitedMethods="0" numMethods="1" />
          <FullName>AspNetCoreGeneratedDocument.Views_Account_Login/&lt;&lt;ExecuteAsync&gt;b__30_0&gt;d</FullName>
          <Methods>
            <Method cyclomaticComplexity="12" nPathComplexity="12" sequenceCoverage="0" branchCoverage="0" isConstructor="False" isGetter="False" isSetter="False" isStatic="True">
              <Summary numSequencePoints="5" visitedSequencePoints="0" numBranchPoints="12" visitedBranchPoints="0" sequenceCoverage="0" branchCoverage="0" maxCyclomaticComplexity="12" minCyclomaticComplexity="12" visitedClasses="0" numClasses="0" visitedMethods="0" numMethods="1" />
              <MetadataToken />
              <Name>System.Void AspNetCoreGeneratedDocument.Views_Account_Login/&lt;&lt;ExecuteAsync&gt;b__30_0&gt;d::MoveNext()</Name>
              <FileRef uid="3" />
              <SequencePoints>
                <SequencePoint vc="0" uspid="14" ordinal="0" sl="14" sc="1" el="14" ec="2" bec="4" bev="0" fileid="3" />
                <SequencePoint vc="0" uspid="15" ordinal="1" sl="15" sc="1" el="15" ec="2" bec="2" bev="0" fileid="3" />
                <SequencePoint vc="0" uspid="18" ordinal="2" sl="18" sc="1" el="18" ec="2" bec="2" bev="0" fileid="3" />
                <SequencePoint vc="0" uspid="19" ordinal="3" sl="19" sc="1" el="19" ec="2" bec="2" bev="0" fileid="3" />
                <SequencePoint vc="0" uspid="25" ordinal="4" sl="25" sc="1" el="25" ec="2" bec="2" bev="0" fileid="3" />
              </SequencePoints>
              <BranchPoints>
                <BranchPoint vc="0" uspid="14" ordinal="0" path="0" offset="513" offsetend="515" sl="14" fileid="3" />
                <BranchPoint vc="0" uspid="14" ordinal="1" path="1" offset="513" offsetend="626" sl="14" fileid="3" />
                <BranchPoint vc="0" uspid="14" ordinal="2" path="0" offset="1340" offsetend="1342" sl="14" fileid="3" />
                <BranchPoint vc="0" uspid="14" ordinal="3" path="1" offset="1340" offsetend="1453" sl="14" fileid="3" />
                <BranchPoint vc="0" uspid="15" ordinal="4" path="0" offset="1943" offsetend="1945" sl="15" fileid="3" />
                <BranchPoint vc="0" uspid="15" ordinal="5" path="1" offset="1943" offsetend="2056" sl="15" fileid="3" />
                <BranchPoint vc="0" uspid="18" ordinal="6" path="0" offset="2770" offsetend="2772" sl="18" fileid="3" />
                <BranchPoint vc="0" uspid="18" ordinal="7" path="1" offset="2770" offsetend="2883" sl="18" fileid="3" />
                <BranchPoint vc="0" uspid="19" ordinal="8" path="0" offset="3373" offsetend="3375" sl="19" fileid="3" />
                <BranchPoint vc="0" uspid="19" ordinal="9" path="1" offset="3373" offsetend="3487" sl="19" fileid="3" />
                <BranchPoint vc="0" uspid="25" ordinal="10" path="0" offset="3928" offsetend="3930" sl="25" fileid="3" />
                <BranchPoint vc="0" uspid="25" ordinal="11" path="1" offset="3928" offsetend="4042" sl="25" fileid="3" />
              </BranchPoints>
              <MethodPoint vc="0" uspid="0" p8:type="SequencePoint" ordinal="0" offset="0" sc="0" sl="14" ec="1" el="25" bec="0" bev="0" fileid="3" xmlns:p8="xsi" />
            </Method>
          </Methods>
        </Class>
        <Class>
          <Summary numSequencePoints="1" visitedSequencePoints="0" numBranchPoints="2" visitedBranchPoints="0" sequenceCoverage="0" branchCoverage="0" maxCyclomaticComplexity="2" minCyclomaticComplexity="2" visitedClasses="0" numClasses="1" visitedMethods="0" numMethods="1" />
          <FullName>AspNetCoreGeneratedDocument.Views_Account_Login/&lt;ExecuteAsync&gt;d__30</FullName>
          <Methods>
            <Method cyclomaticComplexity="2" nPathComplexity="2" sequenceCoverage="0" branchCoverage="0" isConstructor="False" isGetter="False" isSetter="False" isStatic="True">
              <Summary numSequencePoints="1" visitedSequencePoints="0" numBranchPoints="2" visitedBranchPoints="0" sequenceCoverage="0" branchCoverage="0" maxCyclomaticComplexity="2" minCyclomaticComplexity="2" visitedClasses="0" numClasses="0" visitedMethods="0" numMethods="1" />
              <MetadataToken />
              <Name>System.Void AspNetCoreGeneratedDocument.Views_Account_Login/&lt;ExecuteAsync&gt;d__30::MoveNext()</Name>
              <FileRef uid="3" />
              <SequencePoints>
                <SequencePoint vc="0" uspid="4" ordinal="0" sl="4" sc="1" el="4" ec="2" bec="2" bev="0" fileid="3" />
              </SequencePoints>
              <BranchPoints>
                <BranchPoint vc="0" uspid="4" ordinal="0" path="0" offset="572" offsetend="574" sl="4" fileid="3" />
                <BranchPoint vc="0" uspid="4" ordinal="1" path="1" offset="572" offsetend="685" sl="4" fileid="3" />
              </BranchPoints>
              <MethodPoint vc="0" uspid="0" p8:type="SequencePoint" ordinal="0" offset="0" sc="0" sl="4" ec="1" el="4" bec="0" bev="0" fileid="3" xmlns:p8="xsi" />
            </Method>
          </Methods>
        </Class>
        <Class>
          <Summary numSequencePoints="28" visitedSequencePoints="0" numBranchPoints="56" visitedBranchPoints="0" sequenceCoverage="0" branchCoverage="0" maxCyclomaticComplexity="56" minCyclomaticComplexity="56" visitedClasses="0" numClasses="1" visitedMethods="0" numMethods="1" />
          <FullName>AspNetCoreGeneratedDocument.Views_Customers_Create/&lt;&lt;ExecuteAsync&gt;b__18_0&gt;d</FullName>
          <Methods>
            <Method cyclomaticComplexity="56" nPathComplexity="56" sequenceCoverage="0" branchCoverage="0" isConstructor="False" isGetter="False" isSetter="False" isStatic="True">
              <Summary numSequencePoints="28" visitedSequencePoints="0" numBranchPoints="56" visitedBranchPoints="0" sequenceCoverage="0" branchCoverage="0" maxCyclomaticComplexity="56" minCyclomaticComplexity="56" visitedClasses="0" numClasses="0" visitedMethods="0" numMethods="1" />
              <MetadataToken />
              <Name>System.Void AspNetCoreGeneratedDocument.Views_Customers_Create/&lt;&lt;ExecuteAsync&gt;b__18_0&gt;d::MoveNext()</Name>
              <FileRef uid="4" />
              <SequencePoints>
                <SequencePoint vc="0" uspid="14" ordinal="0" sl="14" sc="1" el="14" ec="2" bec="2" bev="0" fileid="4" />
                <SequencePoint vc="0" uspid="16" ordinal="1" sl="16" sc="1" el="16" ec="2" bec="2" bev="0" fileid="4" />
                <SequencePoint vc="0" uspid="17" ordinal="2" sl="17" sc="1" el="17" ec="2" bec="2" bev="0" fileid="4" />
                <SequencePoint vc="0" uspid="18" ordinal="3" sl="18" sc="1" el="18" ec="2" bec="2" bev="0" fileid="4" />
                <SequencePoint vc="0" uspid="21" ordinal="4" sl="21" sc="1" el="21" ec="2" bec="2" bev="0" fileid="4" />
                <SequencePoint vc="0" uspid="22" ordinal="5" sl="22" sc="1" el="22" ec="2" bec="2" bev="0" fileid="4" />
                <SequencePoint vc="0" uspid="23" ordinal="6" sl="23" sc="1" el="23" ec="2" bec="2" bev="0" fileid="4" />
                <SequencePoint vc="0" uspid="26" ordinal="7" sl="26" sc="1" el="26" ec="2" bec="2" bev="0" fileid="4" />
                <SequencePoint vc="0" uspid="27" ordinal="8" sl="27" sc="1" el="27" ec="2" bec="2" bev="0" fileid="4" />
                <SequencePoint vc="0" uspid="28" ordinal="9" sl="28" sc="1" el="28" ec="2" bec="2" bev="0" fileid="4" />
                <SequencePoint vc="0" uspid="31" ordinal="10" sl="31" sc="1" el="31" ec="2" bec="2" bev="0" fileid="4" />
                <SequencePoint vc="0" uspid="32" ordinal="11" sl="32" sc="1" el="32" ec="2" bec="2" bev="0" fileid="4" />
                <SequencePoint vc="0" uspid="33" ordinal="12" sl="33" sc="1" el="33" ec="2" bec="2" bev="0" fileid="4" />
                <SequencePoint vc="0" uspid="36" ordinal="13" sl="36" sc="1" el="36" ec="2" bec="2" bev="0" fileid="4" />
                <SequencePoint vc="0" uspid="37" ordinal="14" sl="37" sc="1" el="37" ec="2" bec="2" bev="0" fileid="4" />
                <SequencePoint vc="0" uspid="38" ordinal="15" sl="38" sc="1" el="38" ec="2" bec="2" bev="0" fileid="4" />
                <SequencePoint vc="0" uspid="41" ordinal="16" sl="41" sc="1" el="41" ec="2" bec="2" bev="0" fileid="4" />
                <SequencePoint vc="0" uspid="42" ordinal="17" sl="42" sc="1" el="42" ec="2" bec="2" bev="0" fileid="4" />
                <SequencePoint vc="0" uspid="43" ordinal="18" sl="43" sc="1" el="43" ec="2" bec="2" bev="0" fileid="4" />
                <SequencePoint vc="0" uspid="46" ordinal="19" sl="46" sc="1" el="46" ec="2" bec="2" bev="0" fileid="4" />
                <SequencePoint vc="0" uspid="47" ordinal="20" sl="47" sc="1" el="47" ec="2" bec="2" bev="0" fileid="4" />
                <SequencePoint vc="0" uspid="48" ordinal="21" sl="48" sc="1" el="48" ec="2" bec="2" bev="0" fileid="4" />
                <SequencePoint vc="0" uspid="51" ordinal="22" sl="51" sc="1" el="51" ec="2" bec="2" bev="0" fileid="4" />
                <SequencePoint vc="0" uspid="52" ordinal="23" sl="52" sc="1" el="52" ec="2" bec="2" bev="0" fileid="4" />
                <SequencePoint vc="0" uspid="53" ordinal="24" sl="53" sc="1" el="53" ec="2" bec="2" bev="0" fileid="4" />
                <SequencePoint vc="0" uspid="56" ordinal="25" sl="56" sc="1" el="56" ec="2" bec="2" bev="0" fileid="4" />
                <SequencePoint vc="0" uspid="57" ordinal="26" sl="57" sc="1" el="57" ec="2" bec="2" bev="0" fileid="4" />
                <SequencePoint vc="0" uspid="58" ordinal="27" sl="58" sc="1" el="58" ec="2" bec="2" bev="0" fileid="4" />
              </SequencePoints>
              <BranchPoints>
                <BranchPoint vc="0" uspid="14" ordinal="0" path="0" offset="886" offsetend="888" sl="14" fileid="4" />
                <BranchPoint vc="0" uspid="14" ordinal="1" path="1" offset="886" offsetend="999" sl="14" fileid="4" />
                <BranchPoint vc="0" uspid="16" ordinal="2" path="0" offset="1503" offsetend="1505" sl="16" fileid="4" />
                <BranchPoint vc="0" uspid="16" ordinal="3" path="1" offset="1503" offsetend="1616" sl="16" fileid="4" />
                <BranchPoint vc="0" uspid="17" ordinal="4" path="0" offset="2120" offsetend="2122" sl="17" fileid="4" />
                <BranchPoint vc="0" uspid="17" ordinal="5" path="1" offset="2120" offsetend="2233" sl="17" fileid="4" />
                <BranchPoint vc="0" uspid="18" ordinal="6" path="0" offset="2737" offsetend="2739" sl="18" fileid="4" />
                <BranchPoint vc="0" uspid="18" ordinal="7" path="1" offset="2737" offsetend="2850" sl="18" fileid="4" />
                <BranchPoint vc="0" uspid="21" ordinal="8" path="0" offset="3354" offsetend="3356" sl="21" fileid="4" />
                <BranchPoint vc="0" uspid="21" ordinal="9" path="1" offset="3354" offsetend="3468" sl="21" fileid="4" />
                <BranchPoint vc="0" uspid="22" ordinal="10" path="0" offset="3973" offsetend="3975" sl="22" fileid="4" />
                <BranchPoint vc="0" uspid="22" ordinal="11" path="1" offset="3973" offsetend="4087" sl="22" fileid="4" />
                <BranchPoint vc="0" uspid="23" ordinal="12" path="0" offset="4592" offsetend="4594" sl="23" fileid="4" />
                <BranchPoint vc="0" uspid="23" ordinal="13" path="1" offset="4592" offsetend="4706" sl="23" fileid="4" />
                <BranchPoint vc="0" uspid="26" ordinal="14" path="0" offset="5211" offsetend="5213" sl="26" fileid="4" />
                <BranchPoint vc="0" uspid="26" ordinal="15" path="1" offset="5211" offsetend="5325" sl="26" fileid="4" />
                <BranchPoint vc="0" uspid="27" ordinal="16" path="0" offset="5830" offsetend="5832" sl="27" fileid="4" />
                <BranchPoint vc="0" uspid="27" ordinal="17" path="1" offset="5830" offsetend="5944" sl="27" fileid="4" />
                <BranchPoint vc="0" uspid="28" ordinal="18" path="0" offset="6449" offsetend="6451" sl="28" fileid="4" />
                <BranchPoint vc="0" uspid="28" ordinal="19" path="1" offset="6449" offsetend="6563" sl="28" fileid="4" />
                <BranchPoint vc="0" uspid="31" ordinal="20" path="0" offset="7068" offsetend="7070" sl="31" fileid="4" />
                <BranchPoint vc="0" uspid="31" ordinal="21" path="1" offset="7068" offsetend="7182" sl="31" fileid="4" />
                <BranchPoint vc="0" uspid="32" ordinal="22" path="0" offset="7687" offsetend="7689" sl="32" fileid="4" />
                <BranchPoint vc="0" uspid="32" ordinal="23" path="1" offset="7687" offsetend="7801" sl="32" fileid="4" />
                <BranchPoint vc="0" uspid="33" ordinal="24" path="0" offset="8306" offsetend="8308" sl="33" fileid="4" />
                <BranchPoint vc="0" uspid="33" ordinal="25" path="1" offset="8306" offsetend="8420" sl="33" fileid="4" />
                <BranchPoint vc="0" uspid="36" ordinal="26" path="0" offset="8925" offsetend="8927" sl="36" fileid="4" />
                <BranchPoint vc="0" uspid="36" ordinal="27" path="1" offset="8925" offsetend="9039" sl="36" fileid="4" />
                <BranchPoint vc="0" uspid="37" ordinal="28" path="0" offset="9544" offsetend="9546" sl="37" fileid="4" />
                <BranchPoint vc="0" uspid="37" ordinal="29" path="1" offset="9544" offsetend="9658" sl="37" fileid="4" />
                <BranchPoint vc="0" uspid="38" ordinal="30" path="0" offset="10163" offsetend="10165" sl="38" fileid="4" />
                <BranchPoint vc="0" uspid="38" ordinal="31" path="1" offset="10163" offsetend="10277" sl="38" fileid="4" />
                <BranchPoint vc="0" uspid="41" ordinal="32" path="0" offset="10782" offsetend="10784" sl="41" fileid="4" />
                <BranchPoint vc="0" uspid="41" ordinal="33" path="1" offset="10782" offsetend="10896" sl="41" fileid="4" />
                <BranchPoint vc="0" uspid="42" ordinal="34" path="0" offset="11401" offsetend="11403" sl="42" fileid="4" />
                <BranchPoint vc="0" uspid="42" ordinal="35" path="1" offset="11401" offsetend="11515" sl="42" fileid="4" />
                <BranchPoint vc="0" uspid="43" ordinal="36" path="0" offset="12020" offsetend="12022" sl="43" fileid="4" />
                <BranchPoint vc="0" uspid="43" ordinal="37" path="1" offset="12020" offsetend="12134" sl="43" fileid="4" />
                <BranchPoint vc="0" uspid="46" ordinal="38" path="0" offset="12639" offsetend="12641" sl="46" fileid="4" />
                <BranchPoint vc="0" uspid="46" ordinal="39" path="1" offset="12639" offsetend="12753" sl="46" fileid="4" />
                <BranchPoint vc="0" uspid="47" ordinal="40" path="0" offset="13258" offsetend="13260" sl="47" fileid="4" />
                <BranchPoint vc="0" uspid="47" ordinal="41" path="1" offset="13258" offsetend="13372" sl="47" fileid="4" />
                <BranchPoint vc="0" uspid="48" ordinal="42" path="0" offset="13877" offsetend="13879" sl="48" fileid="4" />
                <BranchPoint vc="0" uspid="48" ordinal="43" path="1" offset="13877" offsetend="13991" sl="48" fileid="4" />
                <BranchPoint vc="0" uspid="51" ordinal="44" path="0" offset="14496" offsetend="14498" sl="51" fileid="4" />
                <BranchPoint vc="0" uspid="51" ordinal="45" path="1" offset="14496" offsetend="14610" sl="51" fileid="4" />
                <BranchPoint vc="0" uspid="52" ordinal="46" path="0" offset="15115" offsetend="15117" sl="52" fileid="4" />
                <BranchPoint vc="0" uspid="52" ordinal="47" path="1" offset="15115" offsetend="15229" sl="52" fileid="4" />
                <BranchPoint vc="0" uspid="53" ordinal="48" path="0" offset="15734" offsetend="15736" sl="53" fileid="4" />
                <BranchPoint vc="0" uspid="53" ordinal="49" path="1" offset="15734" offsetend="15848" sl="53" fileid="4" />
                <BranchPoint vc="0" uspid="56" ordinal="50" path="0" offset="16353" offsetend="16355" sl="56" fileid="4" />
                <BranchPoint vc="0" uspid="56" ordinal="51" path="1" offset="16353" offsetend="16467" sl="56" fileid="4" />
                <BranchPoint vc="0" uspid="57" ordinal="52" path="0" offset="16972" offsetend="16974" sl="57" fileid="4" />
                <BranchPoint vc="0" uspid="57" ordinal="53" path="1" offset="16972" offsetend="17086" sl="57" fileid="4" />
                <BranchPoint vc="0" uspid="58" ordinal="54" path="0" offset="17591" offsetend="17593" sl="58" fileid="4" />
                <BranchPoint vc="0" uspid="58" ordinal="55" path="1" offset="17591" offsetend="17705" sl="58" fileid="4" />
              </BranchPoints>
              <MethodPoint vc="0" uspid="0" p8:type="SequencePoint" ordinal="0" offset="0" sc="0" sl="14" ec="1" el="58" bec="0" bev="0" fileid="4" xmlns:p8="xsi" />
            </Method>
          </Methods>
        </Class>
        <Class>
          <Summary numSequencePoints="1" visitedSequencePoints="0" numBranchPoints="4" visitedBranchPoints="0" sequenceCoverage="0" branchCoverage="0" maxCyclomaticComplexity="4" minCyclomaticComplexity="4" visitedClasses="0" numClasses="1" visitedMethods="0" numMethods="1" />
          <FullName>AspNetCoreGeneratedDocument.Views_Customers_Create/&lt;ExecuteAsync&gt;d__18</FullName>
          <Methods>
            <Method cyclomaticComplexity="4" nPathComplexity="4" sequenceCoverage="0" branchCoverage="0" isConstructor="False" isGetter="False" isSetter="False" isStatic="True">
              <Summary numSequencePoints="1" visitedSequencePoints="0" numBranchPoints="4" visitedBranchPoints="0" sequenceCoverage="0" branchCoverage="0" maxCyclomaticComplexity="4" minCyclomaticComplexity="4" visitedClasses="0" numClasses="0" visitedMethods="0" numMethods="1" />
              <MetadataToken />
              <Name>System.Void AspNetCoreGeneratedDocument.Views_Customers_Create/&lt;ExecuteAsync&gt;d__18::MoveNext()</Name>
              <FileRef uid="4" />
              <SequencePoints>
                <SequencePoint vc="0" uspid="4" ordinal="0" sl="4" sc="1" el="4" ec="2" bec="4" bev="0" fileid="4" />
              </SequencePoints>
              <BranchPoints>
                <BranchPoint vc="0" uspid="4" ordinal="0" path="0" offset="465" offsetend="467" sl="4" fileid="4" />
                <BranchPoint vc="0" uspid="4" ordinal="1" path="1" offset="465" offsetend="578" sl="4" fileid="4" />
                <BranchPoint vc="0" uspid="4" ordinal="2" path="0" offset="957" offsetend="959" sl="4" fileid="4" />
                <BranchPoint vc="0" uspid="4" ordinal="3" path="1" offset="957" offsetend="1070" sl="4" fileid="4" />
              </BranchPoints>
              <MethodPoint vc="0" uspid="0" p8:type="SequencePoint" ordinal="0" offset="0" sc="0" sl="4" ec="1" el="4" bec="0" bev="0" fileid="4" xmlns:p8="xsi" />
            </Method>
          </Methods>
        </Class>
        <Class>
          <Summary numSequencePoints="1" visitedSequencePoints="0" numBranchPoints="4" visitedBranchPoints="0" sequenceCoverage="0" branchCoverage="0" maxCyclomaticComplexity="4" minCyclomaticComplexity="4" visitedClasses="0" numClasses="1" visitedMethods="0" numMethods="1" />
          <FullName>AspNetCoreGeneratedDocument.Views_Customers_Delete/&lt;&lt;ExecuteAsync&gt;b__13_18&gt;d</FullName>
          <Methods>
            <Method cyclomaticComplexity="4" nPathComplexity="4" sequenceCoverage="0" branchCoverage="0" isConstructor="False" isGetter="False" isSetter="False" isStatic="True">
              <Summary numSequencePoints="1" visitedSequencePoints="0" numBranchPoints="4" visitedBranchPoints="0" sequenceCoverage="0" branchCoverage="0" maxCyclomaticComplexity="4" minCyclomaticComplexity="4" visitedClasses="0" numClasses="0" visitedMethods="0" numMethods="1" />
              <MetadataToken />
              <Name>System.Void AspNetCoreGeneratedDocument.Views_Customers_Delete/&lt;&lt;ExecuteAsync&gt;b__13_18&gt;d::MoveNext()</Name>
              <FileRef uid="5" />
              <SequencePoints>
                <SequencePoint vc="0" uspid="71" ordinal="0" sl="71" sc="1" el="71" ec="2" bec="4" bev="0" fileid="5" />
              </SequencePoints>
              <BranchPoints>
                <BranchPoint vc="0" uspid="71" ordinal="0" path="0" offset="527" offsetend="529" sl="71" fileid="5" />
                <BranchPoint vc="0" uspid="71" ordinal="1" path="1" offset="527" offsetend="640" sl="71" fileid="5" />
                <BranchPoint vc="0" uspid="71" ordinal="2" path="0" offset="1019" offsetend="1021" sl="71" fileid="5" />
                <BranchPoint vc="0" uspid="71" ordinal="3" path="1" offset="1019" offsetend="1132" sl="71" fileid="5" />
              </BranchPoints>
              <MethodPoint vc="0" uspid="0" p8:type="SequencePoint" ordinal="0" offset="0" sc="0" sl="71" ec="1" el="71" bec="0" bev="0" fileid="5" xmlns:p8="xsi" />
            </Method>
          </Methods>
        </Class>
        <Class>
          <Summary numSequencePoints="19" visitedSequencePoints="0" numBranchPoints="2" visitedBranchPoints="0" sequenceCoverage="0" branchCoverage="0" maxCyclomaticComplexity="2" minCyclomaticComplexity="2" visitedClasses="0" numClasses="1" visitedMethods="0" numMethods="1" />
          <FullName>AspNetCoreGeneratedDocument.Views_Customers_Delete/&lt;ExecuteAsync&gt;d__13</FullName>
          <Methods>
            <Method cyclomaticComplexity="2" nPathComplexity="2" sequenceCoverage="0" branchCoverage="0" isConstructor="False" isGetter="False" isSetter="False" isStatic="True">
              <Summary numSequencePoints="19" visitedSequencePoints="0" numBranchPoints="2" visitedBranchPoints="0" sequenceCoverage="0" branchCoverage="0" maxCyclomaticComplexity="2" minCyclomaticComplexity="2" visitedClasses="0" numClasses="0" visitedMethods="0" numMethods="1" />
              <MetadataToken />
              <Name>System.Void AspNetCoreGeneratedDocument.Views_Customers_Delete/&lt;ExecuteAsync&gt;d__13::MoveNext()</Name>
              <FileRef uid="5" />
              <SequencePoints>
                <SequencePoint vc="0" uspid="4" ordinal="0" sl="4" sc="1" el="4" ec="2" bec="0" bev="0" fileid="5" />
                <SequencePoint vc="0" uspid="15" ordinal="1" sl="15" sc="1" el="15" ec="2" bec="0" bev="0" fileid="5" />
                <SequencePoint vc="0" uspid="18" ordinal="2" sl="18" sc="1" el="18" ec="2" bec="0" bev="0" fileid="5" />
                <SequencePoint vc="0" uspid="21" ordinal="3" sl="21" sc="1" el="21" ec="2" bec="0" bev="0" fileid="5" />
                <SequencePoint vc="0" uspid="24" ordinal="4" sl="24" sc="1" el="24" ec="2" bec="0" bev="0" fileid="5" />
                <SequencePoint vc="0" uspid="27" ordinal="5" sl="27" sc="1" el="27" ec="2" bec="0" bev="0" fileid="5" />
                <SequencePoint vc="0" uspid="30" ordinal="6" sl="30" sc="1" el="30" ec="2" bec="0" bev="0" fileid="5" />
                <SequencePoint vc="0" uspid="33" ordinal="7" sl="33" sc="1" el="33" ec="2" bec="0" bev="0" fileid="5" />
                <SequencePoint vc="0" uspid="36" ordinal="8" sl="36" sc="1" el="36" ec="2" bec="0" bev="0" fileid="5" />
                <SequencePoint vc="0" uspid="39" ordinal="9" sl="39" sc="1" el="39" ec="2" bec="0" bev="0" fileid="5" />
                <SequencePoint vc="0" uspid="42" ordinal="10" sl="42" sc="1" el="42" ec="2" bec="0" bev="0" fileid="5" />
                <SequencePoint vc="0" uspid="45" ordinal="11" sl="45" sc="1" el="45" ec="2" bec="0" bev="0" fileid="5" />
                <SequencePoint vc="0" uspid="48" ordinal="12" sl="48" sc="1" el="48" ec="2" bec="0" bev="0" fileid="5" />
                <SequencePoint vc="0" uspid="51" ordinal="13" sl="51" sc="1" el="51" ec="2" bec="0" bev="0" fileid="5" />
                <SequencePoint vc="0" uspid="54" ordinal="14" sl="54" sc="1" el="54" ec="2" bec="0" bev="0" fileid="5" />
                <SequencePoint vc="0" uspid="57" ordinal="15" sl="57" sc="1" el="57" ec="2" bec="0" bev="0" fileid="5" />
                <SequencePoint vc="0" uspid="60" ordinal="16" sl="60" sc="1" el="60" ec="2" bec="0" bev="0" fileid="5" />
                <SequencePoint vc="0" uspid="63" ordinal="17" sl="63" sc="1" el="63" ec="2" bec="0" bev="0" fileid="5" />
                <SequencePoint vc="0" uspid="66" ordinal="18" sl="66" sc="1" el="66" ec="2" bec="2" bev="0" fileid="5" />
              </SequencePoints>
              <BranchPoints>
                <BranchPoint vc="0" uspid="66" ordinal="0" path="0" offset="2280" offsetend="2282" sl="66" fileid="5" />
                <BranchPoint vc="0" uspid="66" ordinal="1" path="1" offset="2280" offsetend="2393" sl="66" fileid="5" />
              </BranchPoints>
              <MethodPoint vc="0" uspid="0" p8:type="SequencePoint" ordinal="0" offset="0" sc="0" sl="4" ec="1" el="66" bec="0" bev="0" fileid="5" xmlns:p8="xsi" />
            </Method>
          </Methods>
        </Class>
        <Class>
          <Summary numSequencePoints="20" visitedSequencePoints="0" numBranchPoints="8" visitedBranchPoints="0" sequenceCoverage="0" branchCoverage="0" maxCyclomaticComplexity="8" minCyclomaticComplexity="8" visitedClasses="0" numClasses="1" visitedMethods="0" numMethods="1" />
          <FullName>AspNetCoreGeneratedDocument.Views_Customers_Details/&lt;ExecuteAsync&gt;d__9</FullName>
          <Methods>
            <Method cyclomaticComplexity="8" nPathComplexity="8" sequenceCoverage="0" branchCoverage="0" isConstructor="False" isGetter="False" isSetter="False" isStatic="True">
              <Summary numSequencePoints="20" visitedSequencePoints="0" numBranchPoints="8" visitedBranchPoints="0" sequenceCoverage="0" branchCoverage="0" maxCyclomaticComplexity="8" minCyclomaticComplexity="8" visitedClasses="0" numClasses="0" visitedMethods="0" numMethods="1" />
              <MetadataToken />
              <Name>System.Void AspNetCoreGeneratedDocument.Views_Customers_Details/&lt;ExecuteAsync&gt;d__9::MoveNext()</Name>
              <FileRef uid="6" />
              <SequencePoints>
                <SequencePoint vc="0" uspid="4" ordinal="0" sl="4" sc="1" el="4" ec="2" bec="0" bev="0" fileid="6" />
                <SequencePoint vc="0" uspid="14" ordinal="1" sl="14" sc="1" el="14" ec="2" bec="0" bev="0" fileid="6" />
                <SequencePoint vc="0" uspid="17" ordinal="2" sl="17" sc="1" el="17" ec="2" bec="0" bev="0" fileid="6" />
                <SequencePoint vc="0" uspid="20" ordinal="3" sl="20" sc="1" el="20" ec="2" bec="0" bev="0" fileid="6" />
                <SequencePoint vc="0" uspid="23" ordinal="4" sl="23" sc="1" el="23" ec="2" bec="0" bev="0" fileid="6" />
                <SequencePoint vc="0" uspid="26" ordinal="5" sl="26" sc="1" el="26" ec="2" bec="0" bev="0" fileid="6" />
                <SequencePoint vc="0" uspid="29" ordinal="6" sl="29" sc="1" el="29" ec="2" bec="0" bev="0" fileid="6" />
                <SequencePoint vc="0" uspid="32" ordinal="7" sl="32" sc="1" el="32" ec="2" bec="0" bev="0" fileid="6" />
                <SequencePoint vc="0" uspid="35" ordinal="8" sl="35" sc="1" el="35" ec="2" bec="0" bev="0" fileid="6" />
                <SequencePoint vc="0" uspid="38" ordinal="9" sl="38" sc="1" el="38" ec="2" bec="0" bev="0" fileid="6" />
                <SequencePoint vc="0" uspid="41" ordinal="10" sl="41" sc="1" el="41" ec="2" bec="0" bev="0" fileid="6" />
                <SequencePoint vc="0" uspid="44" ordinal="11" sl="44" sc="1" el="44" ec="2" bec="0" bev="0" fileid="6" />
                <SequencePoint vc="0" uspid="47" ordinal="12" sl="47" sc="1" el="47" ec="2" bec="0" bev="0" fileid="6" />
                <SequencePoint vc="0" uspid="50" ordinal="13" sl="50" sc="1" el="50" ec="2" bec="0" bev="0" fileid="6" />
                <SequencePoint vc="0" uspid="53" ordinal="14" sl="53" sc="1" el="53" ec="2" bec="0" bev="0" fileid="6" />
                <SequencePoint vc="0" uspid="56" ordinal="15" sl="56" sc="1" el="56" ec="2" bec="0" bev="0" fileid="6" />
                <SequencePoint vc="0" uspid="59" ordinal="16" sl="59" sc="1" el="59" ec="2" bec="0" bev="0" fileid="6" />
                <SequencePoint vc="0" uspid="62" ordinal="17" sl="62" sc="1" el="62" ec="2" bec="0" bev="0" fileid="6" />
                <SequencePoint vc="0" uspid="65" ordinal="18" sl="65" sc="1" el="65" ec="2" bec="2" bev="0" fileid="6" />
                <SequencePoint vc="0" uspid="70" ordinal="19" sl="70" sc="1" el="70" ec="2" bec="6" bev="0" fileid="6" />
              </SequencePoints>
              <BranchPoints>
                <BranchPoint vc="0" uspid="65" ordinal="0" path="0" offset="2129" offsetend="2131" sl="65" fileid="6" />
                <BranchPoint vc="0" uspid="65" ordinal="1" path="1" offset="2129" offsetend="2164" sl="65" fileid="6" />
                <BranchPoint vc="0" uspid="70" ordinal="2" path="0" offset="2194" offsetend="2196" sl="70" fileid="6" />
                <BranchPoint vc="0" uspid="70" ordinal="3" path="1" offset="2194" offsetend="2208" sl="70" fileid="6" />
                <BranchPoint vc="0" uspid="70" ordinal="4" path="0" offset="2487" offsetend="2489" sl="70" fileid="6" />
                <BranchPoint vc="0" uspid="70" ordinal="5" path="1" offset="2487" offsetend="2601" sl="70" fileid="6" />
                <BranchPoint vc="0" uspid="70" ordinal="6" path="0" offset="2981" offsetend="2983" sl="70" fileid="6" />
                <BranchPoint vc="0" uspid="70" ordinal="7" path="1" offset="2981" offsetend="3095" sl="70" fileid="6" />
              </BranchPoints>
              <MethodPoint vc="0" uspid="0" p8:type="SequencePoint" ordinal="0" offset="0" sc="0" sl="4" ec="1" el="70" bec="0" bev="0" fileid="6" xmlns:p8="xsi" />
            </Method>
          </Methods>
        </Class>
        <Class>
          <Summary numSequencePoints="29" visitedSequencePoints="0" numBranchPoints="58" visitedBranchPoints="0" sequenceCoverage="0" branchCoverage="0" maxCyclomaticComplexity="58" minCyclomaticComplexity="58" visitedClasses="0" numClasses="1" visitedMethods="0" numMethods="1" />
          <FullName>AspNetCoreGeneratedDocument.Views_Customers_Edit/&lt;&lt;ExecuteAsync&gt;b__19_0&gt;d</FullName>
          <Methods>
            <Method cyclomaticComplexity="58" nPathComplexity="58" sequenceCoverage="0" branchCoverage="0" isConstructor="False" isGetter="False" isSetter="False" isStatic="True">
              <Summary numSequencePoints="29" visitedSequencePoints="0" numBranchPoints="58" visitedBranchPoints="0" sequenceCoverage="0" branchCoverage="0" maxCyclomaticComplexity="58" minCyclomaticComplexity="58" visitedClasses="0" numClasses="0" visitedMethods="0" numMethods="1" />
              <MetadataToken />
              <Name>System.Void AspNetCoreGeneratedDocument.Views_Customers_Edit/&lt;&lt;ExecuteAsync&gt;b__19_0&gt;d::MoveNext()</Name>
              <FileRef uid="7" />
              <SequencePoints>
                <SequencePoint vc="0" uspid="14" ordinal="0" sl="14" sc="1" el="14" ec="2" bec="2" bev="0" fileid="7" />
                <SequencePoint vc="0" uspid="15" ordinal="1" sl="15" sc="1" el="15" ec="2" bec="2" bev="0" fileid="7" />
                <SequencePoint vc="0" uspid="17" ordinal="2" sl="17" sc="1" el="17" ec="2" bec="2" bev="0" fileid="7" />
                <SequencePoint vc="0" uspid="18" ordinal="3" sl="18" sc="1" el="18" ec="2" bec="2" bev="0" fileid="7" />
                <SequencePoint vc="0" uspid="19" ordinal="4" sl="19" sc="1" el="19" ec="2" bec="2" bev="0" fileid="7" />
                <SequencePoint vc="0" uspid="22" ordinal="5" sl="22" sc="1" el="22" ec="2" bec="2" bev="0" fileid="7" />
                <SequencePoint vc="0" uspid="23" ordinal="6" sl="23" sc="1" el="23" ec="2" bec="2" bev="0" fileid="7" />
                <SequencePoint vc="0" uspid="24" ordinal="7" sl="24" sc="1" el="24" ec="2" bec="2" bev="0" fileid="7" />
                <SequencePoint vc="0" uspid="27" ordinal="8" sl="27" sc="1" el="27" ec="2" bec="2" bev="0" fileid="7" />
                <SequencePoint vc="0" uspid="28" ordinal="9" sl="28" sc="1" el="28" ec="2" bec="2" bev="0" fileid="7" />
                <SequencePoint vc="0" uspid="29" ordinal="10" sl="29" sc="1" el="29" ec="2" bec="2" bev="0" fileid="7" />
                <SequencePoint vc="0" uspid="32" ordinal="11" sl="32" sc="1" el="32" ec="2" bec="2" bev="0" fileid="7" />
                <SequencePoint vc="0" uspid="33" ordinal="12" sl="33" sc="1" el="33" ec="2" bec="2" bev="0" fileid="7" />
                <SequencePoint vc="0" uspid="34" ordinal="13" sl="34" sc="1" el="34" ec="2" bec="2" bev="0" fileid="7" />
                <SequencePoint vc="0" uspid="37" ordinal="14" sl="37" sc="1" el="37" ec="2" bec="2" bev="0" fileid="7" />
                <SequencePoint vc="0" uspid="38" ordinal="15" sl="38" sc="1" el="38" ec="2" bec="2" bev="0" fileid="7" />
                <SequencePoint vc="0" uspid="39" ordinal="16" sl="39" sc="1" el="39" ec="2" bec="2" bev="0" fileid="7" />
                <SequencePoint vc="0" uspid="42" ordinal="17" sl="42" sc="1" el="42" ec="2" bec="2" bev="0" fileid="7" />
                <SequencePoint vc="0" uspid="43" ordinal="18" sl="43" sc="1" el="43" ec="2" bec="2" bev="0" fileid="7" />
                <SequencePoint vc="0" uspid="44" ordinal="19" sl="44" sc="1" el="44" ec="2" bec="2" bev="0" fileid="7" />
                <SequencePoint vc="0" uspid="47" ordinal="20" sl="47" sc="1" el="47" ec="2" bec="2" bev="0" fileid="7" />
                <SequencePoint vc="0" uspid="48" ordinal="21" sl="48" sc="1" el="48" ec="2" bec="2" bev="0" fileid="7" />
                <SequencePoint vc="0" uspid="49" ordinal="22" sl="49" sc="1" el="49" ec="2" bec="2" bev="0" fileid="7" />
                <SequencePoint vc="0" uspid="52" ordinal="23" sl="52" sc="1" el="52" ec="2" bec="2" bev="0" fileid="7" />
                <SequencePoint vc="0" uspid="53" ordinal="24" sl="53" sc="1" el="53" ec="2" bec="2" bev="0" fileid="7" />
                <SequencePoint vc="0" uspid="54" ordinal="25" sl="54" sc="1" el="54" ec="2" bec="2" bev="0" fileid="7" />
                <SequencePoint vc="0" uspid="57" ordinal="26" sl="57" sc="1" el="57" ec="2" bec="2" bev="0" fileid="7" />
                <SequencePoint vc="0" uspid="58" ordinal="27" sl="58" sc="1" el="58" ec="2" bec="2" bev="0" fileid="7" />
                <SequencePoint vc="0" uspid="59" ordinal="28" sl="59" sc="1" el="59" ec="2" bec="2" bev="0" fileid="7" />
              </SequencePoints>
              <BranchPoints>
                <BranchPoint vc="0" uspid="14" ordinal="0" path="0" offset="904" offsetend="906" sl="14" fileid="7" />
                <BranchPoint vc="0" uspid="14" ordinal="1" path="1" offset="904" offsetend="1017" sl="14" fileid="7" />
                <BranchPoint vc="0" uspid="15" ordinal="2" path="0" offset="1553" offsetend="1555" sl="15" fileid="7" />
                <BranchPoint vc="0" uspid="15" ordinal="3" path="1" offset="1553" offsetend="1666" sl="15" fileid="7" />
                <BranchPoint vc="0" uspid="17" ordinal="4" path="0" offset="2170" offsetend="2172" sl="17" fileid="7" />
                <BranchPoint vc="0" uspid="17" ordinal="5" path="1" offset="2170" offsetend="2283" sl="17" fileid="7" />
                <BranchPoint vc="0" uspid="18" ordinal="6" path="0" offset="2787" offsetend="2789" sl="18" fileid="7" />
                <BranchPoint vc="0" uspid="18" ordinal="7" path="1" offset="2787" offsetend="2900" sl="18" fileid="7" />
                <BranchPoint vc="0" uspid="19" ordinal="8" path="0" offset="3404" offsetend="3406" sl="19" fileid="7" />
                <BranchPoint vc="0" uspid="19" ordinal="9" path="1" offset="3404" offsetend="3518" sl="19" fileid="7" />
                <BranchPoint vc="0" uspid="22" ordinal="10" path="0" offset="4023" offsetend="4025" sl="22" fileid="7" />
                <BranchPoint vc="0" uspid="22" ordinal="11" path="1" offset="4023" offsetend="4137" sl="22" fileid="7" />
                <BranchPoint vc="0" uspid="23" ordinal="12" path="0" offset="4642" offsetend="4644" sl="23" fileid="7" />
                <BranchPoint vc="0" uspid="23" ordinal="13" path="1" offset="4642" offsetend="4756" sl="23" fileid="7" />
                <BranchPoint vc="0" uspid="24" ordinal="14" path="0" offset="5261" offsetend="5263" sl="24" fileid="7" />
                <BranchPoint vc="0" uspid="24" ordinal="15" path="1" offset="5261" offsetend="5375" sl="24" fileid="7" />
                <BranchPoint vc="0" uspid="27" ordinal="16" path="0" offset="5880" offsetend="5882" sl="27" fileid="7" />
                <BranchPoint vc="0" uspid="27" ordinal="17" path="1" offset="5880" offsetend="5994" sl="27" fileid="7" />
                <BranchPoint vc="0" uspid="28" ordinal="18" path="0" offset="6499" offsetend="6501" sl="28" fileid="7" />
                <BranchPoint vc="0" uspid="28" ordinal="19" path="1" offset="6499" offsetend="6613" sl="28" fileid="7" />
                <BranchPoint vc="0" uspid="29" ordinal="20" path="0" offset="7118" offsetend="7120" sl="29" fileid="7" />
                <BranchPoint vc="0" uspid="29" ordinal="21" path="1" offset="7118" offsetend="7232" sl="29" fileid="7" />
                <BranchPoint vc="0" uspid="32" ordinal="22" path="0" offset="7737" offsetend="7739" sl="32" fileid="7" />
                <BranchPoint vc="0" uspid="32" ordinal="23" path="1" offset="7737" offsetend="7851" sl="32" fileid="7" />
                <BranchPoint vc="0" uspid="33" ordinal="24" path="0" offset="8356" offsetend="8358" sl="33" fileid="7" />
                <BranchPoint vc="0" uspid="33" ordinal="25" path="1" offset="8356" offsetend="8470" sl="33" fileid="7" />
                <BranchPoint vc="0" uspid="34" ordinal="26" path="0" offset="8975" offsetend="8977" sl="34" fileid="7" />
                <BranchPoint vc="0" uspid="34" ordinal="27" path="1" offset="8975" offsetend="9089" sl="34" fileid="7" />
                <BranchPoint vc="0" uspid="37" ordinal="28" path="0" offset="9594" offsetend="9596" sl="37" fileid="7" />
                <BranchPoint vc="0" uspid="37" ordinal="29" path="1" offset="9594" offsetend="9708" sl="37" fileid="7" />
                <BranchPoint vc="0" uspid="38" ordinal="30" path="0" offset="10213" offsetend="10215" sl="38" fileid="7" />
                <BranchPoint vc="0" uspid="38" ordinal="31" path="1" offset="10213" offsetend="10327" sl="38" fileid="7" />
                <BranchPoint vc="0" uspid="39" ordinal="32" path="0" offset="10832" offsetend="10834" sl="39" fileid="7" />
                <BranchPoint vc="0" uspid="39" ordinal="33" path="1" offset="10832" offsetend="10946" sl="39" fileid="7" />
                <BranchPoint vc="0" uspid="42" ordinal="34" path="0" offset="11451" offsetend="11453" sl="42" fileid="7" />
                <BranchPoint vc="0" uspid="42" ordinal="35" path="1" offset="11451" offsetend="11565" sl="42" fileid="7" />
                <BranchPoint vc="0" uspid="43" ordinal="36" path="0" offset="12070" offsetend="12072" sl="43" fileid="7" />
                <BranchPoint vc="0" uspid="43" ordinal="37" path="1" offset="12070" offsetend="12184" sl="43" fileid="7" />
                <BranchPoint vc="0" uspid="44" ordinal="38" path="0" offset="12689" offsetend="12691" sl="44" fileid="7" />
                <BranchPoint vc="0" uspid="44" ordinal="39" path="1" offset="12689" offsetend="12803" sl="44" fileid="7" />
                <BranchPoint vc="0" uspid="47" ordinal="40" path="0" offset="13308" offsetend="13310" sl="47" fileid="7" />
                <BranchPoint vc="0" uspid="47" ordinal="41" path="1" offset="13308" offsetend="13422" sl="47" fileid="7" />
                <BranchPoint vc="0" uspid="48" ordinal="42" path="0" offset="13927" offsetend="13929" sl="48" fileid="7" />
                <BranchPoint vc="0" uspid="48" ordinal="43" path="1" offset="13927" offsetend="14041" sl="48" fileid="7" />
                <BranchPoint vc="0" uspid="49" ordinal="44" path="0" offset="14546" offsetend="14548" sl="49" fileid="7" />
                <BranchPoint vc="0" uspid="49" ordinal="45" path="1" offset="14546" offsetend="14660" sl="49" fileid="7" />
                <BranchPoint vc="0" uspid="52" ordinal="46" path="0" offset="15165" offsetend="15167" sl="52" fileid="7" />
                <BranchPoint vc="0" uspid="52" ordinal="47" path="1" offset="15165" offsetend="15279" sl="52" fileid="7" />
                <BranchPoint vc="0" uspid="53" ordinal="48" path="0" offset="15784" offsetend="15786" sl="53" fileid="7" />
                <BranchPoint vc="0" uspid="53" ordinal="49" path="1" offset="15784" offsetend="15898" sl="53" fileid="7" />
                <BranchPoint vc="0" uspid="54" ordinal="50" path="0" offset="16403" offsetend="16405" sl="54" fileid="7" />
                <BranchPoint vc="0" uspid="54" ordinal="51" path="1" offset="16403" offsetend="16517" sl="54" fileid="7" />
                <BranchPoint vc="0" uspid="57" ordinal="52" path="0" offset="17022" offsetend="17024" sl="57" fileid="7" />
                <BranchPoint vc="0" uspid="57" ordinal="53" path="1" offset="17022" offsetend="17136" sl="57" fileid="7" />
                <BranchPoint vc="0" uspid="58" ordinal="54" path="0" offset="17641" offsetend="17643" sl="58" fileid="7" />
                <BranchPoint vc="0" uspid="58" ordinal="55" path="1" offset="17641" offsetend="17755" sl="58" fileid="7" />
                <BranchPoint vc="0" uspid="59" ordinal="56" path="0" offset="18260" offsetend="18262" sl="59" fileid="7" />
                <BranchPoint vc="0" uspid="59" ordinal="57" path="1" offset="18260" offsetend="18374" sl="59" fileid="7" />
              </BranchPoints>
              <MethodPoint vc="0" uspid="0" p8:type="SequencePoint" ordinal="0" offset="0" sc="0" sl="14" ec="1" el="59" bec="0" bev="0" fileid="7" xmlns:p8="xsi" />
            </Method>
          </Methods>
        </Class>
        <Class>
          <Summary numSequencePoints="1" visitedSequencePoints="0" numBranchPoints="4" visitedBranchPoints="0" sequenceCoverage="0" branchCoverage="0" maxCyclomaticComplexity="4" minCyclomaticComplexity="4" visitedClasses="0" numClasses="1" visitedMethods="0" numMethods="1" />
          <FullName>AspNetCoreGeneratedDocument.Views_Customers_Edit/&lt;ExecuteAsync&gt;d__19</FullName>
          <Methods>
            <Method cyclomaticComplexity="4" nPathComplexity="4" sequenceCoverage="0" branchCoverage="0" isConstructor="False" isGetter="False" isSetter="False" isStatic="True">
              <Summary numSequencePoints="1" visitedSequencePoints="0" numBranchPoints="4" visitedBranchPoints="0" sequenceCoverage="0" branchCoverage="0" maxCyclomaticComplexity="4" minCyclomaticComplexity="4" visitedClasses="0" numClasses="0" visitedMethods="0" numMethods="1" />
              <MetadataToken />
              <Name>System.Void AspNetCoreGeneratedDocument.Views_Customers_Edit/&lt;ExecuteAsync&gt;d__19::MoveNext()</Name>
              <FileRef uid="7" />
              <SequencePoints>
                <SequencePoint vc="0" uspid="4" ordinal="0" sl="4" sc="1" el="4" ec="2" bec="4" bev="0" fileid="7" />
              </SequencePoints>
              <BranchPoints>
                <BranchPoint vc="0" uspid="4" ordinal="0" path="0" offset="465" offsetend="467" sl="4" fileid="7" />
                <BranchPoint vc="0" uspid="4" ordinal="1" path="1" offset="465" offsetend="578" sl="4" fileid="7" />
                <BranchPoint vc="0" uspid="4" ordinal="2" path="0" offset="957" offsetend="959" sl="4" fileid="7" />
                <BranchPoint vc="0" uspid="4" ordinal="3" path="1" offset="957" offsetend="1070" sl="4" fileid="7" />
              </BranchPoints>
              <MethodPoint vc="0" uspid="0" p8:type="SequencePoint" ordinal="0" offset="0" sc="0" sl="4" ec="1" el="4" bec="0" bev="0" fileid="7" xmlns:p8="xsi" />
            </Method>
          </Methods>
        </Class>
        <Class>
          <Summary numSequencePoints="24" visitedSequencePoints="0" numBranchPoints="16" visitedBranchPoints="0" sequenceCoverage="0" branchCoverage="0" maxCyclomaticComplexity="16" minCyclomaticComplexity="16" visitedClasses="0" numClasses="1" visitedMethods="0" numMethods="1" />
          <FullName>AspNetCoreGeneratedDocument.Views_Customers_Index/&lt;ExecuteAsync&gt;d__11</FullName>
          <Methods>
            <Method cyclomaticComplexity="16" nPathComplexity="16" sequenceCoverage="0" branchCoverage="0" isConstructor="False" isGetter="False" isSetter="False" isStatic="True">
              <Summary numSequencePoints="24" visitedSequencePoints="0" numBranchPoints="16" visitedBranchPoints="0" sequenceCoverage="0" branchCoverage="0" maxCyclomaticComplexity="16" minCyclomaticComplexity="16" visitedClasses="0" numClasses="0" visitedMethods="0" numMethods="1" />
              <MetadataToken />
              <Name>System.Void AspNetCoreGeneratedDocument.Views_Customers_Index/&lt;ExecuteAsync&gt;d__11::MoveNext()</Name>
              <FileRef uid="8" />
              <SequencePoints>
                <SequencePoint vc="0" uspid="4" ordinal="0" sl="4" sc="1" el="4" ec="2" bec="2" bev="0" fileid="8" />
                <SequencePoint vc="0" uspid="16" ordinal="1" sl="16" sc="1" el="16" ec="2" bec="0" bev="0" fileid="8" />
                <SequencePoint vc="0" uspid="19" ordinal="2" sl="19" sc="1" el="19" ec="2" bec="0" bev="0" fileid="8" />
                <SequencePoint vc="0" uspid="22" ordinal="3" sl="22" sc="1" el="22" ec="2" bec="0" bev="0" fileid="8" />
                <SequencePoint vc="0" uspid="25" ordinal="4" sl="25" sc="1" el="25" ec="2" bec="0" bev="0" fileid="8" />
                <SequencePoint vc="0" uspid="28" ordinal="5" sl="28" sc="1" el="28" ec="2" bec="0" bev="0" fileid="8" />
                <SequencePoint vc="0" uspid="31" ordinal="6" sl="31" sc="1" el="31" ec="2" bec="0" bev="0" fileid="8" />
                <SequencePoint vc="0" uspid="34" ordinal="7" sl="34" sc="1" el="34" ec="2" bec="0" bev="0" fileid="8" />
                <SequencePoint vc="0" uspid="37" ordinal="8" sl="37" sc="1" el="37" ec="2" bec="0" bev="0" fileid="8" />
                <SequencePoint vc="0" uspid="40" ordinal="9" sl="40" sc="1" el="40" ec="2" bec="0" bev="0" fileid="8" />
                <SequencePoint vc="0" uspid="46" ordinal="10" sl="46" sc="1" el="46" ec="2" bec="2" bev="0" fileid="8" />
                <SequencePoint vc="0" uspid="49" ordinal="11" sl="49" sc="1" el="49" ec="2" bec="0" bev="0" fileid="8" />
                <SequencePoint vc="0" uspid="52" ordinal="12" sl="52" sc="1" el="52" ec="2" bec="0" bev="0" fileid="8" />
                <SequencePoint vc="0" uspid="55" ordinal="13" sl="55" sc="1" el="55" ec="2" bec="0" bev="0" fileid="8" />
                <SequencePoint vc="0" uspid="58" ordinal="14" sl="58" sc="1" el="58" ec="2" bec="0" bev="0" fileid="8" />
                <SequencePoint vc="0" uspid="61" ordinal="15" sl="61" sc="1" el="61" ec="2" bec="0" bev="0" fileid="8" />
                <SequencePoint vc="0" uspid="64" ordinal="16" sl="64" sc="1" el="64" ec="2" bec="0" bev="0" fileid="8" />
                <SequencePoint vc="0" uspid="67" ordinal="17" sl="67" sc="1" el="67" ec="2" bec="0" bev="0" fileid="8" />
                <SequencePoint vc="0" uspid="70" ordinal="18" sl="70" sc="1" el="70" ec="2" bec="0" bev="0" fileid="8" />
                <SequencePoint vc="0" uspid="73" ordinal="19" sl="73" sc="1" el="73" ec="2" bec="2" bev="0" fileid="8" />
                <SequencePoint vc="0" uspid="76" ordinal="20" sl="76" sc="1" el="76" ec="2" bec="4" bev="0" fileid="8" />
                <SequencePoint vc="0" uspid="77" ordinal="21" sl="77" sc="1" el="77" ec="2" bec="4" bev="0" fileid="8" />
                <SequencePoint vc="0" uspid="78" ordinal="22" sl="78" sc="1" el="78" ec="2" bec="2" bev="0" fileid="8" />
                <SequencePoint vc="0" uspid="81" ordinal="23" sl="81" sc="1" el="81" ec="2" bec="0" bev="0" fileid="8" />
              </SequencePoints>
              <BranchPoints>
                <BranchPoint vc="0" uspid="4" ordinal="0" path="0" offset="426" offsetend="428" sl="4" fileid="8" />
                <BranchPoint vc="0" uspid="4" ordinal="1" path="1" offset="426" offsetend="539" sl="4" fileid="8" />
                <BranchPoint vc="0" uspid="46" ordinal="15" path="1" offset="5082" offsetend="1649" sl="46" fileid="8" />
                <BranchPoint vc="0" uspid="73" ordinal="2" path="0" offset="3133" offsetend="3135" sl="73" fileid="8" />
                <BranchPoint vc="0" uspid="73" ordinal="3" path="1" offset="3133" offsetend="3168" sl="73" fileid="8" />
                <BranchPoint vc="0" uspid="76" ordinal="4" path="0" offset="3470" offsetend="3472" sl="76" fileid="8" />
                <BranchPoint vc="0" uspid="76" ordinal="5" path="1" offset="3470" offsetend="3583" sl="76" fileid="8" />
                <BranchPoint vc="0" uspid="76" ordinal="6" path="0" offset="3837" offsetend="3839" sl="76" fileid="8" />
                <BranchPoint vc="0" uspid="76" ordinal="7" path="1" offset="3837" offsetend="3872" sl="76" fileid="8" />
                <BranchPoint vc="0" uspid="77" ordinal="8" path="0" offset="4174" offsetend="4176" sl="77" fileid="8" />
                <BranchPoint vc="0" uspid="77" ordinal="9" path="1" offset="4174" offsetend="4287" sl="77" fileid="8" />
                <BranchPoint vc="0" uspid="77" ordinal="10" path="0" offset="4541" offsetend="4543" sl="77" fileid="8" />
                <BranchPoint vc="0" uspid="77" ordinal="11" path="1" offset="4541" offsetend="4576" sl="77" fileid="8" />
                <BranchPoint vc="0" uspid="78" ordinal="12" path="0" offset="4878" offsetend="4880" sl="78" fileid="8" />
                <BranchPoint vc="0" uspid="78" ordinal="13" path="1" offset="4878" offsetend="4991" sl="78" fileid="8" />
                <BranchPoint vc="0" uspid="46" ordinal="14" path="0" offset="5082" offsetend="5087" sl="46" fileid="8" />
              </BranchPoints>
              <MethodPoint vc="0" uspid="0" p8:type="SequencePoint" ordinal="0" offset="0" sc="0" sl="4" ec="1" el="81" bec="0" bev="0" fileid="8" xmlns:p8="xsi" />
            </Method>
          </Methods>
        </Class>
        <Class>
          <Summary numSequencePoints="1" visitedSequencePoints="0" numBranchPoints="0" visitedBranchPoints="0" sequenceCoverage="0" branchCoverage="100" maxCyclomaticComplexity="1" minCyclomaticComplexity="1" visitedClasses="0" numClasses="1" visitedMethods="0" numMethods="1" />
          <FullName>AspNetCoreGeneratedDocument.Views_Home_Index/&lt;ExecuteAsync&gt;d__0</FullName>
          <Methods>
            <Method cyclomaticComplexity="1" nPathComplexity="1" sequenceCoverage="0" branchCoverage="100" isConstructor="False" isGetter="False" isSetter="False" isStatic="True">
              <Summary numSequencePoints="1" visitedSequencePoints="0" numBranchPoints="0" visitedBranchPoints="0" sequenceCoverage="0" branchCoverage="100" maxCyclomaticComplexity="1" minCyclomaticComplexity="1" visitedClasses="0" numClasses="0" visitedMethods="0" numMethods="1" />
              <MetadataToken />
              <Name>System.Void AspNetCoreGeneratedDocument.Views_Home_Index/&lt;ExecuteAsync&gt;d__0::MoveNext()</Name>
              <FileRef uid="9" />
              <SequencePoints>
                <SequencePoint vc="0" uspid="2" ordinal="0" sl="2" sc="1" el="2" ec="2" bec="0" bev="0" fileid="9" />
              </SequencePoints>
              <BranchPoints />
              <MethodPoint vc="0" uspid="0" p8:type="SequencePoint" ordinal="0" offset="0" sc="0" sl="2" ec="1" el="2" bec="0" bev="0" fileid="9" xmlns:p8="xsi" />
            </Method>
          </Methods>
        </Class>
        <Class>
          <Summary numSequencePoints="9" visitedSequencePoints="0" numBranchPoints="22" visitedBranchPoints="0" sequenceCoverage="0" branchCoverage="0" maxCyclomaticComplexity="22" minCyclomaticComplexity="22" visitedClasses="0" numClasses="1" visitedMethods="0" numMethods="1" />
          <FullName>AspNetCoreGeneratedDocument.Views_Orders_Create/&lt;&lt;ExecuteAsync&gt;b__19_0&gt;d</FullName>
          <Methods>
            <Method cyclomaticComplexity="22" nPathComplexity="22" sequenceCoverage="0" branchCoverage="0" isConstructor="False" isGetter="False" isSetter="False" isStatic="True">
              <Summary numSequencePoints="9" visitedSequencePoints="0" numBranchPoints="22" visitedBranchPoints="0" sequenceCoverage="0" branchCoverage="0" maxCyclomaticComplexity="22" minCyclomaticComplexity="22" visitedClasses="0" numClasses="0" visitedMethods="0" numMethods="1" />
              <MetadataToken />
              <Name>System.Void AspNetCoreGeneratedDocument.Views_Orders_Create/&lt;&lt;ExecuteAsync&gt;b__19_0&gt;d::MoveNext()</Name>
              <FileRef uid="10" />
              <SequencePoints>
                <SequencePoint vc="0" uspid="14" ordinal="0" sl="14" sc="1" el="14" ec="2" bec="2" bev="0" fileid="10" />
                <SequencePoint vc="0" uspid="16" ordinal="1" sl="16" sc="1" el="16" ec="2" bec="2" bev="0" fileid="10" />
                <SequencePoint vc="0" uspid="17" ordinal="2" sl="17" sc="1" el="17" ec="2" bec="2" bev="0" fileid="10" />
                <SequencePoint vc="0" uspid="18" ordinal="3" sl="18" sc="1" el="18" ec="2" bec="2" bev="0" fileid="10" />
                <SequencePoint vc="0" uspid="21" ordinal="4" sl="21" sc="1" el="21" ec="2" bec="2" bev="0" fileid="10" />
                <SequencePoint vc="0" uspid="22" ordinal="5" sl="22" sc="1" el="22" ec="2" bec="6" bev="0" fileid="10" />
                <SequencePoint vc="0" uspid="25" ordinal="6" sl="25" sc="1" el="25" ec="2" bec="2" bev="0" fileid="10" />
                <SequencePoint vc="0" uspid="26" ordinal="7" sl="26" sc="1" el="26" ec="2" bec="2" bev="0" fileid="10" />
                <SequencePoint vc="0" uspid="27" ordinal="8" sl="27" sc="1" el="27" ec="2" bec="2" bev="0" fileid="10" />
              </SequencePoints>
              <BranchPoints>
                <BranchPoint vc="0" uspid="14" ordinal="0" path="0" offset="541" offsetend="543" sl="14" fileid="10" />
                <BranchPoint vc="0" uspid="14" ordinal="1" path="1" offset="541" offsetend="654" sl="14" fileid="10" />
                <BranchPoint vc="0" uspid="16" ordinal="2" path="0" offset="1158" offsetend="1160" sl="16" fileid="10" />
                <BranchPoint vc="0" uspid="16" ordinal="3" path="1" offset="1158" offsetend="1271" sl="16" fileid="10" />
                <BranchPoint vc="0" uspid="17" ordinal="4" path="0" offset="1775" offsetend="1777" sl="17" fileid="10" />
                <BranchPoint vc="0" uspid="17" ordinal="5" path="1" offset="1775" offsetend="1888" sl="17" fileid="10" />
                <BranchPoint vc="0" uspid="18" ordinal="6" path="0" offset="2392" offsetend="2394" sl="18" fileid="10" />
                <BranchPoint vc="0" uspid="18" ordinal="7" path="1" offset="2392" offsetend="2505" sl="18" fileid="10" />
                <BranchPoint vc="0" uspid="21" ordinal="8" path="0" offset="3009" offsetend="3011" sl="21" fileid="10" />
                <BranchPoint vc="0" uspid="21" ordinal="9" path="1" offset="3009" offsetend="3123" sl="21" fileid="10" />
                <BranchPoint vc="0" uspid="22" ordinal="11" path="1" offset="3495" offsetend="3499" sl="22" fileid="10" />
                <BranchPoint vc="0" uspid="22" ordinal="10" path="0" offset="3495" offsetend="3535" sl="22" fileid="10" />
                <BranchPoint vc="0" uspid="22" ordinal="13" path="1" offset="3555" offsetend="3559" sl="22" fileid="10" />
                <BranchPoint vc="0" uspid="22" ordinal="12" path="0" offset="3555" offsetend="3606" sl="22" fileid="10" />
                <BranchPoint vc="0" uspid="22" ordinal="14" path="0" offset="3836" offsetend="3838" sl="22" fileid="10" />
                <BranchPoint vc="0" uspid="22" ordinal="15" path="1" offset="3836" offsetend="3950" sl="22" fileid="10" />
                <BranchPoint vc="0" uspid="25" ordinal="16" path="0" offset="4455" offsetend="4457" sl="25" fileid="10" />
                <BranchPoint vc="0" uspid="25" ordinal="17" path="1" offset="4455" offsetend="4569" sl="25" fileid="10" />
                <BranchPoint vc="0" uspid="26" ordinal="18" path="0" offset="5074" offsetend="5076" sl="26" fileid="10" />
                <BranchPoint vc="0" uspid="26" ordinal="19" path="1" offset="5074" offsetend="5188" sl="26" fileid="10" />
                <BranchPoint vc="0" uspid="27" ordinal="20" path="0" offset="5693" offsetend="5695" sl="27" fileid="10" />
                <BranchPoint vc="0" uspid="27" ordinal="21" path="1" offset="5693" offsetend="5807" sl="27" fileid="10" />
              </BranchPoints>
              <MethodPoint vc="0" uspid="0" p8:type="SequencePoint" ordinal="0" offset="0" sc="0" sl="14" ec="1" el="27" bec="0" bev="0" fileid="10" xmlns:p8="xsi" />
            </Method>
          </Methods>
        </Class>
        <Class>
          <Summary numSequencePoints="1" visitedSequencePoints="0" numBranchPoints="4" visitedBranchPoints="0" sequenceCoverage="0" branchCoverage="0" maxCyclomaticComplexity="4" minCyclomaticComplexity="4" visitedClasses="0" numClasses="1" visitedMethods="0" numMethods="1" />
          <FullName>AspNetCoreGeneratedDocument.Views_Orders_Create/&lt;ExecuteAsync&gt;d__19</FullName>
          <Methods>
            <Method cyclomaticComplexity="4" nPathComplexity="4" sequenceCoverage="0" branchCoverage="0" isConstructor="False" isGetter="False" isSetter="False" isStatic="True">
              <Summary numSequencePoints="1" visitedSequencePoints="0" numBranchPoints="4" visitedBranchPoints="0" sequenceCoverage="0" branchCoverage="0" maxCyclomaticComplexity="4" minCyclomaticComplexity="4" visitedClasses="0" numClasses="0" visitedMethods="0" numMethods="1" />
              <MetadataToken />
              <Name>System.Void AspNetCoreGeneratedDocument.Views_Orders_Create/&lt;ExecuteAsync&gt;d__19::MoveNext()</Name>
              <FileRef uid="10" />
              <SequencePoints>
                <SequencePoint vc="0" uspid="4" ordinal="0" sl="4" sc="1" el="4" ec="2" bec="4" bev="0" fileid="10" />
              </SequencePoints>
              <BranchPoints>
                <BranchPoint vc="0" uspid="4" ordinal="0" path="0" offset="465" offsetend="467" sl="4" fileid="10" />
                <BranchPoint vc="0" uspid="4" ordinal="1" path="1" offset="465" offsetend="578" sl="4" fileid="10" />
                <BranchPoint vc="0" uspid="4" ordinal="2" path="0" offset="957" offsetend="959" sl="4" fileid="10" />
                <BranchPoint vc="0" uspid="4" ordinal="3" path="1" offset="957" offsetend="1070" sl="4" fileid="10" />
              </BranchPoints>
              <MethodPoint vc="0" uspid="0" p8:type="SequencePoint" ordinal="0" offset="0" sc="0" sl="4" ec="1" el="4" bec="0" bev="0" fileid="10" xmlns:p8="xsi" />
            </Method>
          </Methods>
        </Class>
        <Class>
          <Summary numSequencePoints="1" visitedSequencePoints="0" numBranchPoints="4" visitedBranchPoints="0" sequenceCoverage="0" branchCoverage="0" maxCyclomaticComplexity="4" minCyclomaticComplexity="4" visitedClasses="0" numClasses="1" visitedMethods="0" numMethods="1" />
          <FullName>AspNetCoreGeneratedDocument.Views_Orders_Delete/&lt;&lt;ExecuteAsync&gt;b__13_6&gt;d</FullName>
          <Methods>
            <Method cyclomaticComplexity="4" nPathComplexity="4" sequenceCoverage="0" branchCoverage="0" isConstructor="False" isGetter="False" isSetter="False" isStatic="True">
              <Summary numSequencePoints="1" visitedSequencePoints="0" numBranchPoints="4" visitedBranchPoints="0" sequenceCoverage="0" branchCoverage="0" maxCyclomaticComplexity="4" minCyclomaticComplexity="4" visitedClasses="0" numClasses="0" visitedMethods="0" numMethods="1" />
              <MetadataToken />
              <Name>System.Void AspNetCoreGeneratedDocument.Views_Orders_Delete/&lt;&lt;ExecuteAsync&gt;b__13_6&gt;d::MoveNext()</Name>
              <FileRef uid="11" />
              <SequencePoints>
                <SequencePoint vc="0" uspid="35" ordinal="0" sl="35" sc="1" el="35" ec="2" bec="4" bev="0" fileid="11" />
              </SequencePoints>
              <BranchPoints>
                <BranchPoint vc="0" uspid="35" ordinal="0" path="0" offset="527" offsetend="529" sl="35" fileid="11" />
                <BranchPoint vc="0" uspid="35" ordinal="1" path="1" offset="527" offsetend="640" sl="35" fileid="11" />
                <BranchPoint vc="0" uspid="35" ordinal="2" path="0" offset="1019" offsetend="1021" sl="35" fileid="11" />
                <BranchPoint vc="0" uspid="35" ordinal="3" path="1" offset="1019" offsetend="1132" sl="35" fileid="11" />
              </BranchPoints>
              <MethodPoint vc="0" uspid="0" p8:type="SequencePoint" ordinal="0" offset="0" sc="0" sl="35" ec="1" el="35" bec="0" bev="0" fileid="11" xmlns:p8="xsi" />
            </Method>
          </Methods>
        </Class>
        <Class>
          <Summary numSequencePoints="7" visitedSequencePoints="0" numBranchPoints="2" visitedBranchPoints="0" sequenceCoverage="0" branchCoverage="0" maxCyclomaticComplexity="2" minCyclomaticComplexity="2" visitedClasses="0" numClasses="1" visitedMethods="0" numMethods="1" />
          <FullName>AspNetCoreGeneratedDocument.Views_Orders_Delete/&lt;ExecuteAsync&gt;d__13</FullName>
          <Methods>
[...]
                <SequencePoint vc="3" uspid="273" ordinal="9" sl="273" sc="1" el="273" ec="2" bec="0" bev="0" fileid="45" />
                <SequencePoint vc="3" uspid="274" ordinal="10" sl="274" sc="1" el="274" ec="2" bec="0" bev="0" fileid="45" />
                <SequencePoint vc="1" uspid="277" ordinal="11" sl="277" sc="1" el="277" ec="2" bec="0" bev="0" fileid="45" />
                <SequencePoint vc="1" uspid="278" ordinal="12" sl="278" sc="1" el="278" ec="2" bec="0" bev="0" fileid="45" />
                <SequencePoint vc="1" uspid="279" ordinal="13" sl="279" sc="1" el="279" ec="2" bec="0" bev="0" fileid="45" />
                <SequencePoint vc="4" uspid="280" ordinal="14" sl="280" sc="1" el="280" ec="2" bec="0" bev="0" fileid="45" />
              </SequencePoints>
              <BranchPoints>
                <BranchPoint vc="4" uspid="262" ordinal="0" path="0" offset="73" offsetend="75" sl="262" fileid="45" />
                <BranchPoint vc="0" uspid="262" ordinal="1" path="1" offset="73" offsetend="96" sl="262" fileid="45" />
                <BranchPoint vc="0" uspid="262" ordinal="2" path="0" offset="99" offsetend="101" sl="262" fileid="45" />
                <BranchPoint vc="4" uspid="262" ordinal="3" path="1" offset="99" offsetend="119" sl="262" fileid="45" />
                <BranchPoint vc="3" uspid="272" ordinal="4" path="0" offset="524" offsetend="526" sl="272" fileid="45" />
                <BranchPoint vc="1" uspid="272" ordinal="5" path="1" offset="524" offsetend="544" sl="272" fileid="45" />
              </BranchPoints>
              <MethodPoint vc="13" uspid="0" p8:type="SequencePoint" ordinal="0" offset="0" sc="0" sl="261" ec="1" el="280" bec="0" bev="0" fileid="45" xmlns:p8="xsi" />
            </Method>
          </Methods>
        </Class>
        <Class>
          <Summary numSequencePoints="12" visitedSequencePoints="0" numBranchPoints="4" visitedBranchPoints="0" sequenceCoverage="0" branchCoverage="0" maxCyclomaticComplexity="4" minCyclomaticComplexity="4" visitedClasses="0" numClasses="1" visitedMethods="0" numMethods="1" />
          <FullName>FurnitureStore.Controllers.ProductsController/&lt;DeleteConfirmed&gt;d__12</FullName>
          <Methods>
            <Method cyclomaticComplexity="4" nPathComplexity="4" sequenceCoverage="0" branchCoverage="0" isConstructor="False" isGetter="False" isSetter="False" isStatic="True">
              <Summary numSequencePoints="12" visitedSequencePoints="0" numBranchPoints="4" visitedBranchPoints="0" sequenceCoverage="0" branchCoverage="0" maxCyclomaticComplexity="4" minCyclomaticComplexity="4" visitedClasses="0" numClasses="0" visitedMethods="0" numMethods="1" />
              <MetadataToken />
              <Name>System.Void FurnitureStore.Controllers.ProductsController/&lt;DeleteConfirmed&gt;d__12::MoveNext()</Name>
              <FileRef uid="45" />
              <SequencePoints>
                <SequencePoint vc="0" uspid="286" ordinal="0" sl="286" sc="1" el="286" ec="2" bec="0" bev="0" fileid="45" />
                <SequencePoint vc="0" uspid="287" ordinal="1" sl="287" sc="1" el="287" ec="2" bec="2" bev="0" fileid="45" />
                <SequencePoint vc="0" uspid="288" ordinal="2" sl="288" sc="1" el="288" ec="2" bec="0" bev="0" fileid="45" />
                <SequencePoint vc="0" uspid="289" ordinal="3" sl="289" sc="1" el="289" ec="2" bec="0" bev="0" fileid="45" />
                <SequencePoint vc="0" uspid="292" ordinal="4" sl="292" sc="1" el="292" ec="2" bec="0" bev="0" fileid="45" />
                <SequencePoint vc="0" uspid="293" ordinal="5" sl="293" sc="1" el="293" ec="2" bec="2" bev="0" fileid="45" />
                <SequencePoint vc="0" uspid="294" ordinal="6" sl="294" sc="1" el="294" ec="2" bec="0" bev="0" fileid="45" />
                <SequencePoint vc="0" uspid="295" ordinal="7" sl="295" sc="1" el="295" ec="2" bec="0" bev="0" fileid="45" />
                <SequencePoint vc="0" uspid="296" ordinal="8" sl="296" sc="1" el="296" ec="2" bec="0" bev="0" fileid="45" />
                <SequencePoint vc="0" uspid="298" ordinal="9" sl="298" sc="1" el="298" ec="2" bec="0" bev="0" fileid="45" />
                <SequencePoint vc="0" uspid="299" ordinal="10" sl="299" sc="1" el="299" ec="2" bec="0" bev="0" fileid="45" />
                <SequencePoint vc="0" uspid="300" ordinal="11" sl="300" sc="1" el="300" ec="2" bec="0" bev="0" fileid="45" />
              </SequencePoints>
              <BranchPoints>
                <BranchPoint vc="0" uspid="287" ordinal="0" path="0" offset="50" offsetend="52" sl="287" fileid="45" />
                <BranchPoint vc="0" uspid="287" ordinal="1" path="1" offset="50" offsetend="87" sl="287" fileid="45" />
                <BranchPoint vc="0" uspid="293" ordinal="2" path="0" offset="263" offsetend="265" sl="293" fileid="45" />
                <BranchPoint vc="0" uspid="293" ordinal="3" path="1" offset="263" offsetend="295" sl="293" fileid="45" />
              </BranchPoints>
              <MethodPoint vc="0" uspid="0" p8:type="SequencePoint" ordinal="0" offset="0" sc="0" sl="286" ec="1" el="300" bec="0" bev="0" fileid="45" xmlns:p8="xsi" />
            </Method>
          </Methods>
        </Class>
        <Class>
          <Summary numSequencePoints="13" visitedSequencePoints="11" numBranchPoints="6" visitedBranchPoints="4" sequenceCoverage="84.61" branchCoverage="66.66" maxCyclomaticComplexity="6" minCyclomaticComplexity="6" visitedClasses="1" numClasses="1" visitedMethods="1" numMethods="1" />
          <FullName>FurnitureStore.Controllers.ProductsController/&lt;Details&gt;d__6</FullName>
          <Methods>
            <Method cyclomaticComplexity="6" nPathComplexity="6" sequenceCoverage="84.61" branchCoverage="66.66" isConstructor="False" isGetter="False" isSetter="False" isStatic="True">
              <Summary numSequencePoints="13" visitedSequencePoints="11" numBranchPoints="6" visitedBranchPoints="4" sequenceCoverage="84.61" branchCoverage="66.66" maxCyclomaticComplexity="6" minCyclomaticComplexity="6" visitedClasses="0" numClasses="0" visitedMethods="1" numMethods="1" />
              <MetadataToken />
              <Name>System.Void FurnitureStore.Controllers.ProductsController/&lt;Details&gt;d__6::MoveNext()</Name>
              <FileRef uid="45" />
              <SequencePoints>
                <SequencePoint vc="3" uspid="96" ordinal="0" sl="96" sc="1" el="96" ec="2" bec="0" bev="0" fileid="45" />
                <SequencePoint vc="3" uspid="97" ordinal="1" sl="97" sc="1" el="97" ec="2" bec="4" bev="2" fileid="45" />
                <SequencePoint vc="0" uspid="98" ordinal="2" sl="98" sc="1" el="98" ec="2" bec="0" bev="0" fileid="45" />
                <SequencePoint vc="0" uspid="99" ordinal="3" sl="99" sc="1" el="99" ec="2" bec="0" bev="0" fileid="45" />
                <SequencePoint vc="3" uspid="102" ordinal="4" sl="102" sc="1" el="102" ec="2" bec="0" bev="0" fileid="45" />
                <SequencePoint vc="3" uspid="103" ordinal="5" sl="103" sc="1" el="103" ec="2" bec="0" bev="0" fileid="45" />
                <SequencePoint vc="3" uspid="104" ordinal="6" sl="104" sc="1" el="104" ec="2" bec="0" bev="0" fileid="45" />
                <SequencePoint vc="3" uspid="105" ordinal="7" sl="105" sc="1" el="105" ec="2" bec="0" bev="0" fileid="45" />
                <SequencePoint vc="3" uspid="106" ordinal="8" sl="106" sc="1" el="106" ec="2" bec="2" bev="2" fileid="45" />
                <SequencePoint vc="2" uspid="107" ordinal="9" sl="107" sc="1" el="107" ec="2" bec="0" bev="0" fileid="45" />
                <SequencePoint vc="2" uspid="108" ordinal="10" sl="108" sc="1" el="108" ec="2" bec="0" bev="0" fileid="45" />
                <SequencePoint vc="1" uspid="111" ordinal="11" sl="111" sc="1" el="111" ec="2" bec="0" bev="0" fileid="45" />
                <SequencePoint vc="3" uspid="112" ordinal="12" sl="112" sc="1" el="112" ec="2" bec="0" bev="0" fileid="45" />
              </SequencePoints>
              <BranchPoints>
                <BranchPoint vc="3" uspid="97" ordinal="0" path="0" offset="62" offsetend="64" sl="97" fileid="45" />
                <BranchPoint vc="0" uspid="97" ordinal="1" path="1" offset="62" offsetend="85" sl="97" fileid="45" />
                <BranchPoint vc="0" uspid="97" ordinal="2" path="0" offset="88" offsetend="90" sl="97" fileid="45" />
                <BranchPoint vc="3" uspid="97" ordinal="3" path="1" offset="88" offsetend="108" sl="97" fileid="45" />
                <BranchPoint vc="2" uspid="106" ordinal="4" path="0" offset="513" offsetend="515" sl="106" fileid="45" />
                <BranchPoint vc="1" uspid="106" ordinal="5" path="1" offset="513" offsetend="530" sl="106" fileid="45" />
              </BranchPoints>
              <MethodPoint vc="11" uspid="0" p8:type="SequencePoint" ordinal="0" offset="0" sc="0" sl="96" ec="1" el="112" bec="0" bev="0" fileid="45" xmlns:p8="xsi" />
            </Method>
          </Methods>
        </Class>
        <Class>
          <Summary numSequencePoints="8" visitedSequencePoints="4" numBranchPoints="2" visitedBranchPoints="1" sequenceCoverage="50" branchCoverage="50" maxCyclomaticComplexity="2" minCyclomaticComplexity="2" visitedClasses="1" numClasses="1" visitedMethods="1" numMethods="1" />
          <FullName>FurnitureStore.Controllers.ProductsController/&lt;Edit&gt;d__10</FullName>
          <Methods>
            <Method cyclomaticComplexity="2" nPathComplexity="2" sequenceCoverage="50" branchCoverage="50" isConstructor="False" isGetter="False" isSetter="False" isStatic="True">
              <Summary numSequencePoints="8" visitedSequencePoints="4" numBranchPoints="2" visitedBranchPoints="1" sequenceCoverage="50" branchCoverage="50" maxCyclomaticComplexity="2" minCyclomaticComplexity="2" visitedClasses="0" numClasses="0" visitedMethods="1" numMethods="1" />
              <MetadataToken />
              <Name>System.Void FurnitureStore.Controllers.ProductsController/&lt;Edit&gt;d__10::MoveNext()</Name>
              <FileRef uid="45" />
              <SequencePoints>
                <SequencePoint vc="1" uspid="216" ordinal="0" sl="216" sc="1" el="216" ec="2" bec="0" bev="0" fileid="45" />
                <SequencePoint vc="1" uspid="249" ordinal="1" sl="249" sc="1" el="249" ec="2" bec="2" bev="1" fileid="45" />
                <SequencePoint vc="0" uspid="250" ordinal="2" sl="250" sc="1" el="250" ec="2" bec="0" bev="0" fileid="45" />
                <SequencePoint vc="0" uspid="251" ordinal="3" sl="251" sc="1" el="251" ec="2" bec="0" bev="0" fileid="45" />
                <SequencePoint vc="0" uspid="252" ordinal="4" sl="252" sc="1" el="252" ec="2" bec="0" bev="0" fileid="45" />
                <SequencePoint vc="0" uspid="253" ordinal="5" sl="253" sc="1" el="253" ec="2" bec="0" bev="0" fileid="45" />
                <SequencePoint vc="1" uspid="256" ordinal="6" sl="256" sc="1" el="256" ec="2" bec="0" bev="0" fileid="45" />
                <SequencePoint vc="1" uspid="257" ordinal="7" sl="257" sc="1" el="257" ec="2" bec="0" bev="0" fileid="45" />
              </SequencePoints>
              <BranchPoints>
                <BranchPoint vc="0" uspid="249" ordinal="0" path="0" offset="34" offsetend="39" sl="249" fileid="45" />
                <BranchPoint vc="1" uspid="249" ordinal="1" path="1" offset="34" offsetend="201" sl="249" fileid="45" />
              </BranchPoints>
              <MethodPoint vc="4" uspid="0" p8:type="SequencePoint" ordinal="0" offset="0" sc="0" sl="216" ec="1" el="257" bec="0" bev="0" fileid="45" xmlns:p8="xsi" />
            </Method>
          </Methods>
        </Class>
        <Class>
          <Summary numSequencePoints="10" visitedSequencePoints="0" numBranchPoints="6" visitedBranchPoints="0" sequenceCoverage="0" branchCoverage="0" maxCyclomaticComplexity="6" minCyclomaticComplexity="6" visitedClasses="0" numClasses="1" visitedMethods="0" numMethods="1" />
          <FullName>FurnitureStore.Controllers.ProductsController/&lt;Edit&gt;d__9</FullName>
          <Methods>
            <Method cyclomaticComplexity="6" nPathComplexity="6" sequenceCoverage="0" branchCoverage="0" isConstructor="False" isGetter="False" isSetter="False" isStatic="True">
              <Summary numSequencePoints="10" visitedSequencePoints="0" numBranchPoints="6" visitedBranchPoints="0" sequenceCoverage="0" branchCoverage="0" maxCyclomaticComplexity="6" minCyclomaticComplexity="6" visitedClasses="0" numClasses="0" visitedMethods="0" numMethods="1" />
              <MetadataToken />
              <Name>System.Void FurnitureStore.Controllers.ProductsController/&lt;Edit&gt;d__9::MoveNext()</Name>
              <FileRef uid="45" />
              <SequencePoints>
                <SequencePoint vc="0" uspid="189" ordinal="0" sl="189" sc="1" el="189" ec="2" bec="0" bev="0" fileid="45" />
                <SequencePoint vc="0" uspid="190" ordinal="1" sl="190" sc="1" el="190" ec="2" bec="4" bev="0" fileid="45" />
                <SequencePoint vc="0" uspid="191" ordinal="2" sl="191" sc="1" el="191" ec="2" bec="0" bev="0" fileid="45" />
                <SequencePoint vc="0" uspid="192" ordinal="3" sl="192" sc="1" el="192" ec="2" bec="0" bev="0" fileid="45" />
                <SequencePoint vc="0" uspid="195" ordinal="4" sl="195" sc="1" el="195" ec="2" bec="0" bev="0" fileid="45" />
                <SequencePoint vc="0" uspid="196" ordinal="5" sl="196" sc="1" el="196" ec="2" bec="2" bev="0" fileid="45" />
                <SequencePoint vc="0" uspid="197" ordinal="6" sl="197" sc="1" el="197" ec="2" bec="0" bev="0" fileid="45" />
                <SequencePoint vc="0" uspid="198" ordinal="7" sl="198" sc="1" el="198" ec="2" bec="0" bev="0" fileid="45" />
                <SequencePoint vc="0" uspid="203" ordinal="8" sl="203" sc="1" el="203" ec="2" bec="0" bev="0" fileid="45" />
                <SequencePoint vc="0" uspid="204" ordinal="9" sl="204" sc="1" el="204" ec="2" bec="0" bev="0" fileid="45" />
              </SequencePoints>
              <BranchPoints>
                <BranchPoint vc="0" uspid="190" ordinal="0" path="0" offset="29" offsetend="31" sl="190" fileid="45" />
                <BranchPoint vc="0" uspid="190" ordinal="1" path="1" offset="29" offsetend="52" sl="190" fileid="45" />
                <BranchPoint vc="0" uspid="190" ordinal="2" path="0" offset="55" offsetend="57" sl="190" fileid="45" />
                <BranchPoint vc="0" uspid="190" ordinal="3" path="1" offset="55" offsetend="75" sl="190" fileid="45" />
                <BranchPoint vc="0" uspid="196" ordinal="4" path="0" offset="248" offsetend="250" sl="196" fileid="45" />
                <BranchPoint vc="0" uspid="196" ordinal="5" path="1" offset="248" offsetend="265" sl="196" fileid="45" />
              </BranchPoints>
              <MethodPoint vc="0" uspid="0" p8:type="SequencePoint" ordinal="0" offset="0" sc="0" sl="189" ec="1" el="204" bec="0" bev="0" fileid="45" xmlns:p8="xsi" />
            </Method>
          </Methods>
        </Class>
        <Class>
          <Summary numSequencePoints="9" visitedSequencePoints="0" numBranchPoints="4" visitedBranchPoints="0" sequenceCoverage="0" branchCoverage="0" maxCyclomaticComplexity="4" minCyclomaticComplexity="1" visitedClasses="0" numClasses="1" visitedMethods="0" numMethods="3" />
          <FullName>FurnitureStore.Controllers.ReportsController</FullName>
          <Methods>
            <Method cyclomaticComplexity="1" nPathComplexity="1" sequenceCoverage="0" branchCoverage="100" isConstructor="False" isGetter="False" isSetter="False" isStatic="True">
              <Summary numSequencePoints="1" visitedSequencePoints="0" numBranchPoints="0" visitedBranchPoints="0" sequenceCoverage="0" branchCoverage="100" maxCyclomaticComplexity="1" minCyclomaticComplexity="1" visitedClasses="0" numClasses="0" visitedMethods="0" numMethods="1" />
              <MetadataToken />
              <Name>Microsoft.AspNetCore.Mvc.IActionResult FurnitureStore.Controllers.ReportsController::Index()</Name>
              <FileRef uid="46" />
              <SequencePoints>
                <SequencePoint vc="0" uspid="26" ordinal="0" sl="26" sc="1" el="26" ec="2" bec="0" bev="0" fileid="46" />
              </SequencePoints>
              <BranchPoints />
              <MethodPoint vc="0" uspid="0" p8:type="SequencePoint" ordinal="0" offset="0" sc="0" sl="26" ec="1" el="26" bec="0" bev="0" fileid="46" xmlns:p8="xsi" />
            </Method>
            <Method cyclomaticComplexity="4" nPathComplexity="4" sequenceCoverage="0" branchCoverage="0" isConstructor="False" isGetter="False" isSetter="False" isStatic="True">
              <Summary numSequencePoints="3" visitedSequencePoints="0" numBranchPoints="4" visitedBranchPoints="0" sequenceCoverage="0" branchCoverage="0" maxCyclomaticComplexity="4" minCyclomaticComplexity="4" visitedClasses="0" numClasses="0" visitedMethods="0" numMethods="1" />
              <MetadataToken />
              <Name>Microsoft.AspNetCore.Mvc.IActionResult FurnitureStore.Controllers.ReportsController::Error()</Name>
              <FileRef uid="46" />
              <SequencePoints>
                <SequencePoint vc="0" uspid="30" ordinal="0" sl="30" sc="1" el="30" ec="2" bec="0" bev="0" fileid="46" />
                <SequencePoint vc="0" uspid="31" ordinal="1" sl="31" sc="1" el="31" ec="2" bec="4" bev="0" fileid="46" />
                <SequencePoint vc="0" uspid="32" ordinal="2" sl="32" sc="1" el="32" ec="2" bec="0" bev="0" fileid="46" />
              </SequencePoints>
              <BranchPoints>
                <BranchPoint vc="0" uspid="31" ordinal="0" path="0" offset="14" offsetend="16" sl="31" fileid="46" />
                <BranchPoint vc="0" uspid="31" ordinal="1" path="1" offset="14" offsetend="20" sl="31" fileid="46" />
                <BranchPoint vc="0" uspid="31" ordinal="2" path="0" offset="26" offsetend="28" sl="31" fileid="46" />
                <BranchPoint vc="0" uspid="31" ordinal="3" path="1" offset="26" offsetend="40" sl="31" fileid="46" />
              </BranchPoints>
              <MethodPoint vc="0" uspid="0" p8:type="SequencePoint" ordinal="1" offset="1" sc="0" sl="30" ec="1" el="32" bec="0" bev="0" fileid="46" xmlns:p8="xsi" />
            </Method>
            <Method cyclomaticComplexity="1" nPathComplexity="1" sequenceCoverage="0" branchCoverage="100" isConstructor="True" isGetter="False" isSetter="False" isStatic="True">
              <Summary numSequencePoints="5" visitedSequencePoints="0" numBranchPoints="0" visitedBranchPoints="0" sequenceCoverage="0" branchCoverage="100" maxCyclomaticComplexity="1" minCyclomaticComplexity="1" visitedClasses="0" numClasses="0" visitedMethods="0" numMethods="1" />
              <MetadataToken />
              <Name>System.Void FurnitureStore.Controllers.ReportsController::.ctor(FurnitureStore.Data.AppDbContext,Microsoft.Extensions.Logging.ILogger`1&lt;FurnitureStore.Controllers.ReportsController&gt;)</Name>
              <FileRef uid="46" />
              <SequencePoints>
                <SequencePoint vc="0" uspid="20" ordinal="0" sl="20" sc="1" el="20" ec="2" bec="0" bev="0" fileid="46" />
                <SequencePoint vc="0" uspid="21" ordinal="1" sl="21" sc="1" el="21" ec="2" bec="0" bev="0" fileid="46" />
                <SequencePoint vc="0" uspid="22" ordinal="2" sl="22" sc="1" el="22" ec="2" bec="0" bev="0" fileid="46" />
                <SequencePoint vc="0" uspid="23" ordinal="3" sl="23" sc="1" el="23" ec="2" bec="0" bev="0" fileid="46" />
                <SequencePoint vc="0" uspid="24" ordinal="4" sl="24" sc="1" el="24" ec="2" bec="0" bev="0" fileid="46" />
              </SequencePoints>
              <BranchPoints />
              <MethodPoint vc="0" uspid="0" p8:type="SequencePoint" ordinal="2" offset="2" sc="0" sl="20" ec="1" el="24" bec="0" bev="0" fileid="46" xmlns:p8="xsi" />
            </Method>
          </Methods>
        </Class>
      </Classes>
    </Module>
  </Modules>
</CoverageSession>